  ███╗   ███╗██╗   ██╗███████╗██╗ ██████╗███████╗██████╗  ██████╗ ███████╗ ██████╗██╗  ██╗███╗   ███╗ ██████╗
  ████╗ ████║██║   ██║██╔════╝██║██╔════╝██╔════╝██╔══██╗██╔═══██╗██╔════╝██╔════╝██║  ██║████╗ ████║██╔════╝
  ██╔████╔██║██║   ██║███████╗██║██║     █████╗  ██████╔╝██║   ██║███████╗██║     ███████║██╔████╔██║██║     
  ██║╚██╔╝██║██║   ██║╚════██║██║██║     ██╔══╝  ██╔══██╗██║   ██║╚════██║██║     ██╔══██║██║╚██╔╝██║██║     
  ██║ ╚═╝ ██║╚██████╔╝███████║██║╚██████╗██║     ██║  ██║╚██████╔╝███████║╚██████╗██║  ██║██║ ╚═╝ ██║╚██████╗
  ╚═╝     ╚═╝ ╚═════╝ ╚══════╝╚═╝ ╚═════╝╚═╝     ╚═╝  ╚═╝ ╚═════╝ ╚══════╝ ╚═════╝╚═╝  ╚═╝╚═╝     ╚═╝ ╚═════╝
Current date and time: Do 31. Jul 17:18:58 CEST 2025
Current folder: /

|CREATE_Log                                                         250731-17_19_13|
|Work directory: /home/a163/GitRepo/musikfrosch_mc                                 |
|Running script: _main_.py                                                         |
|Spotify token                                                 |nam:Musik|typ: user|
  0%|          | 0/7 [00:00<?, ?it/s] 14%|█▍        | 1/7 [00:01<00:10,  1.68s/it] 29%|██▊       | 2/7 [00:02<00:06,  1.29s/it] 43%|████▎     | 3/7 [00:05<00:07,  1.89s/it] 57%|█████▋    | 4/7 [00:07<00:05,  1.85s/it] 71%|███████▏  | 5/7 [00:42<00:28, 14.00s/it] 86%|████████▌ | 6/7 [00:44<00:09,  9.93s/it]100%|██████████| 7/7 [02:01<00:00, 31.86s/it]100%|██████████| 7/7 [02:01<00:00, 17.38s/it]
  0%|          | 0/3916 [00:00<?, ?it/s]  0%|          | 2/3916 [00:00<23:29,  2.78it/s]  0%|          | 3/3916 [00:01<28:27,  2.29it/s]  0%|          | 14/3916 [00:01<06:07, 10.61it/s]  0%|          | 16/3916 [00:02<12:06,  5.37it/s]  1%|          | 25/3916 [00:04<10:18,  6.29it/s]  1%|          | 31/3916 [00:04<08:58,  7.21it/s]  1%|          | 33/3916 [00:05<13:22,  4.84it/s]  1%|          | 40/3916 [00:07<13:17,  4.86it/s]  1%|          | 43/3916 [00:10<22:26,  2.88it/s]  1%|▏         | 51/3916 [00:10<14:40,  4.39it/s]  1%|▏         | 53/3916 [00:11<15:16,  4.21it/s]  1%|▏         | 58/3916 [00:12<13:29,  4.77it/s]  2%|▏         | 64/3916 [00:12<10:39,  6.03it/s]  2%|▏         | 66/3916 [00:13<12:52,  4.98it/s]  2%|▏         | 67/3916 [00:13<14:51,  4.32it/s]  2%|▏         | 68/3916 [00:14<17:02,  3.76it/s]  2%|▏         | 83/3916 [00:15<06:28,  9.88it/s]  2%|▏         | 85/3916 [00:15<07:42,  8.29it/s]  2%|▏         | 94/3916 [00:16<08:22,  7.61it/s]  3%|▎         | 99/3916 [00:19<14:03,  4.52it/s]  3%|▎         | 100/3916 [00:26<43:17,  1.47it/s]  3%|▎         | 101/3916 [00:26<42:28,  1.50it/s]  3%|▎         | 110/3916 [00:27<21:40,  2.93it/s]  3%|▎         | 111/3916 [00:27<22:45,  2.79it/s]  3%|▎         | 112/3916 [00:28<25:24,  2.50it/s]  3%|▎         | 117/3916 [00:29<17:44,  3.57it/s]  3%|▎         | 118/3916 [00:30<27:16,  2.32it/s]  3%|▎         | 124/3916 [00:33<29:10,  2.17it/s]  3%|▎         | 131/3916 [00:34<19:03,  3.31it/s]  3%|▎         | 133/3916 [00:36<27:05,  2.33it/s]  3%|▎         | 136/3916 [00:38<29:25,  2.14it/s]  4%|▎         | 138/3916 [00:40<35:21,  1.78it/s]  4%|▎         | 140/3916 [00:41<33:16,  1.89it/s]  4%|▎         | 143/3916 [00:42<28:13,  2.23it/s]  4%|▍         | 162/3916 [00:42<08:40,  7.22it/s]  4%|▍         | 166/3916 [00:43<08:59,  6.95it/s]  5%|▍         | 177/3916 [00:50<21:21,  2.92it/s]  5%|▍         | 184/3916 [00:54<26:46,  2.32it/s]  5%|▍         | 189/3916 [01:01<39:29,  1.57it/s]  5%|▍         | 193/3916 [01:02<33:25,  1.86it/s]  5%|▌         | 197/3916 [01:10<52:49,  1.17it/s]  5%|▌         | 198/3916 [01:12<1:01:25,  1.01it/s]  5%|▌         | 212/3916 [01:13<26:12,  2.36it/s]    6%|▌         | 232/3916 [01:20<24:40,  2.49it/s]  6%|▌         | 236/3916 [01:22<25:24,  2.41it/s]  6%|▌         | 240/3916 [01:30<40:00,  1.53it/s]  6%|▌         | 241/3916 [01:31<41:19,  1.48it/s]  6%|▌         | 243/3916 [01:32<37:56,  1.61it/s]  6%|▋         | 251/3916 [01:34<28:25,  2.15it/s]  7%|▋         | 255/3916 [01:42<50:11,  1.22it/s]  7%|▋         | 261/3916 [01:42<35:16,  1.73it/s]  7%|▋         | 263/3916 [01:43<33:02,  1.84it/s]  7%|▋         | 265/3916 [01:44<35:39,  1.71it/s]  7%|▋         | 275/3916 [01:46<20:17,  2.99it/s]  7%|▋         | 276/3916 [01:52<45:25,  1.34it/s]  7%|▋         | 278/3916 [01:56<1:01:31,  1.01s/it]  7%|▋         | 290/3916 [01:58<30:57,  1.95it/s]    7%|▋         | 291/3916 [02:00<36:21,  1.66it/s]  8%|▊         | 295/3916 [02:01<31:17,  1.93it/s]  8%|▊         | 298/3916 [02:04<33:40,  1.79it/s]  8%|▊         | 303/3916 [02:04<24:49,  2.43it/s]  8%|▊         | 306/3916 [02:05<22:19,  2.69it/s]  8%|▊         | 316/3916 [02:06<12:31,  4.79it/s]  8%|▊         | 319/3916 [02:06<12:28,  4.81it/s]  8%|▊         | 327/3916 [02:08<14:21,  4.17it/s]  9%|▊         | 339/3916 [02:09<10:02,  5.94it/s]  9%|▉         | 344/3916 [02:11<11:59,  4.96it/s]  9%|▉         | 347/3916 [02:12<12:08,  4.90it/s]  9%|▉         | 350/3916 [02:14<19:12,  3.10it/s]  9%|▉         | 353/3916 [02:16<22:09,  2.68it/s]  9%|▉         | 354/3916 [02:17<25:55,  2.29it/s]  9%|▉         | 355/3916 [02:18<26:39,  2.23it/s]  9%|▉         | 365/3916 [02:24<33:47,  1.75it/s]  9%|▉         | 369/3916 [02:26<34:07,  1.73it/s]  9%|▉         | 370/3916 [02:29<41:58,  1.41it/s]  9%|▉         | 371/3916 [02:30<49:15,  1.20it/s] 10%|▉         | 374/3916 [02:37<1:15:38,  1.28s/it] 10%|▉         | 384/3916 [02:38<31:57,  1.84it/s]   10%|█         | 394/3916 [02:39<21:51,  2.69it/s] 10%|█         | 395/3916 [02:41<24:23,  2.41it/s] 10%|█         | 398/3916 [02:42<25:07,  2.33it/s] 10%|█         | 405/3916 [02:43<17:23,  3.36it/s] 10%|█         | 408/3916 [02:44<19:17,  3.03it/s] 11%|█         | 415/3916 [02:45<13:17,  4.39it/s] 11%|█         | 416/3916 [02:46<18:34,  3.14it/s] 11%|█         | 417/3916 [02:47<24:17,  2.40it/s] 11%|█         | 429/3916 [02:48<10:43,  5.42it/s] 11%|█         | 435/3916 [02:48<09:02,  6.42it/s] 11%|█         | 439/3916 [02:49<08:44,  6.63it/s] 11%|█▏        | 441/3916 [02:50<09:48,  5.91it/s] 11%|█▏        | 444/3916 [02:51<14:50,  3.90it/s] 11%|█▏        | 445/3916 [02:52<17:27,  3.31it/s] 11%|█▏        | 450/3916 [02:52<12:12,  4.73it/s] 12%|█▏        | 457/3916 [02:53<09:18,  6.19it/s] 12%|█▏        | 458/3916 [02:54<14:28,  3.98it/s] 12%|█▏        | 459/3916 [03:02<59:57,  1.04s/it] 12%|█▏        | 467/3916 [03:02<28:54,  1.99it/s] 12%|█▏        | 472/3916 [03:03<22:04,  2.60it/s] 12%|█▏        | 475/3916 [03:04<20:07,  2.85it/s] 12%|█▏        | 484/3916 [03:06<15:43,  3.64it/s] 13%|█▎        | 490/3916 [03:06<12:52,  4.43it/s] 13%|█▎        | 506/3916 [03:07<07:12,  7.88it/s] 13%|█▎        | 511/3916 [03:08<07:51,  7.21it/s] 13%|█▎        | 520/3916 [03:09<06:43,  8.41it/s] 13%|█▎        | 522/3916 [03:09<07:35,  7.44it/s] 14%|█▎        | 531/3916 [03:11<08:29,  6.65it/s] 14%|█▎        | 537/3916 [03:13<11:27,  4.91it/s] 14%|█▍        | 548/3916 [03:14<09:16,  6.05it/s] 14%|█▍        | 554/3916 [03:17<13:32,  4.14it/s] 14%|█▍        | 559/3916 [03:18<11:48,  4.74it/s] 14%|█▍        | 563/3916 [03:19<13:33,  4.12it/s] 14%|█▍        | 564/3916 [03:21<19:55,  2.80it/s] 14%|█▍        | 567/3916 [03:28<46:18,  1.21it/s] 15%|█▍        | 576/3916 [03:35<42:47,  1.30it/s] 15%|█▍        | 584/3916 [03:37<31:35,  1.76it/s] 15%|█▌        | 592/3916 [03:37<22:03,  2.51it/s] 15%|█▌        | 595/3916 [03:39<22:18,  2.48it/s] 15%|█▌        | 603/3916 [03:45<31:17,  1.76it/s] 15%|█▌        | 606/3916 [03:46<28:16,  1.95it/s] 16%|█▌        | 613/3916 [03:47<19:36,  2.81it/s] 16%|█▌        | 620/3916 [03:53<30:06,  1.82it/s] 16%|█▌        | 630/3916 [03:54<18:57,  2.89it/s] 16%|█▌        | 632/3916 [03:54<18:29,  2.96it/s] 16%|█▌        | 633/3916 [03:55<20:48,  2.63it/s] 16%|█▌        | 636/3916 [03:58<26:22,  2.07it/s] 16%|█▋        | 646/3916 [03:58<14:06,  3.86it/s] 17%|█▋        | 654/3916 [04:00<14:37,  3.72it/s] 17%|█▋        | 655/3916 [04:01<15:38,  3.48it/s] 17%|█▋        | 661/3916 [04:09<35:00,  1.55it/s] 17%|█▋        | 680/3916 [04:11<17:01,  3.17it/s] 17%|█▋        | 681/3916 [04:11<17:34,  3.07it/s] 17%|█▋        | 684/3916 [04:20<38:53,  1.39it/s] 18%|█▊        | 691/3916 [04:21<27:14,  1.97it/s] 18%|█▊        | 692/3916 [04:21<27:55,  1.92it/s] 18%|█▊        | 693/3916 [04:22<27:59,  1.92it/s] 18%|█▊        | 701/3916 [04:22<15:56,  3.36it/s] 18%|█▊        | 705/3916 [04:29<36:39,  1.46it/s] 18%|█▊        | 706/3916 [04:31<42:22,  1.26it/s] 18%|█▊        | 715/3916 [04:32<22:06,  2.41it/s] 18%|█▊        | 721/3916 [04:40<38:48,  1.37it/s] 18%|█▊        | 722/3916 [04:41<38:22,  1.39it/s] 18%|█▊        | 724/3916 [04:43<43:11,  1.23it/s] 19%|█▊        | 734/3916 [04:46<26:47,  1.98it/s] 19%|█▉        | 744/3916 [04:55<36:40,  1.44it/s] 19%|█▉        | 749/3916 [04:56<29:18,  1.80it/s] 19%|█▉        | 751/3916 [04:58<31:56,  1.65it/s] 19%|█▉        | 756/3916 [05:00<29:19,  1.80it/s] 19%|█▉        | 762/3916 [05:02<24:51,  2.11it/s] 20%|█▉        | 766/3916 [05:10<45:47,  1.15it/s] 20%|█▉        | 769/3916 [05:11<38:16,  1.37it/s] 20%|█▉        | 776/3916 [05:12<26:34,  1.97it/s] 20%|█▉        | 782/3916 [05:13<20:02,  2.61it/s] 20%|██        | 789/3916 [05:13<14:17,  3.65it/s] 20%|██        | 795/3916 [05:14<20:34,  2.53it/s]
https://heppel-ettlich.de/nonessentials.html
https://www.eventbrite.de/e/pixels-melodies-video-game-music-concert-tickets-1353270852549
https://www.muffatwerk.de/de/events/view/7212/datteltaeter
https://backstage.eu/25-years-snowgoons-anniversary-tour.html
https://www.feierwerk.de/konzert-kulturprogramm/detail/2024-10-10-skullbreakers-night
|Exceeded 30 redirects.                                                            |
https://eastwestencounter.com/coming-soon-3/
https://backstage.eu/our-promise-independence-tour-2025.html
https://backstage.eu/yuzyuzeyken-konusuzuruz-live-in-europe-2025.html
https://backstage.eu/mr-takeshi-s-rock-n-roll-circus.html
https://www.feierwerk.de/konzert-kulturprogramm/detail/2024-08-10-
|Exceeded 30 redirects.                                                            |
https://backstage.eu/heavy-metal-barpiano-free-easy-2024.html
https://www.feierwerk.de/konzert-kulturprogramm/detail/2024-09-21-teil-ix
|Exceeded 30 redirects.                                                            |
https://www.feierwerk.de/konzert-kulturprogramm/detail/2027-12-30-name-des-events
|Exceeded 30 redirects.                                                            |
https://www.feierwerk.de/konzert-kulturprogramm/detail/2024-11-16-listen-to-munich-pushing-boundaries
|Exceeded 30 redirects.                                                            |
https://backstage.eu/thrash-inferno-24.html
https://www.feierwerk.de/konzert-kulturprogramm/detail/2024-08-24--1
|Exceeded 30 redirects.                                                            |
https://backstage.eu/iq-zero-album-release.html
https://www.feierwerk.de/konzert-kulturprogramm/detail/2024-09-13-vernissage
|Exceeded 30 redirects.                                                            |
https://backstage.eu/fuck-off-2024-die-silvester-all-area-party-im-backstage.html
https://backstage.eu/julia-meladin-leben-meiner-traume-tour.html
https://rausgegangen.de/events/live-comedy-duell-deutsch-1/
https://eastwestencounter.com/coming-soon-3/
https://backstage.eu/michael-holtschulte-tot-aber-lustig-das-ende-ist-nah.html
https://www.feierwerk.de/konzert-kulturprogramm/detail/2024-09-21-ausgabe-9
|Exceeded 30 redirects.                                                            |
https://backstage.eu/mr-hurley-die-pulveraffen-ye-banished-privateers-live-24.html
https://backstage.eu/mamma-mia-party-mit-sing-konzert-20-06-25.html
https://www.feierwerk.de/konzert-kulturprogramm/detail/2024-08-04-
|Exceeded 30 redirects.                                                            |
https://backstage.eu/kings-of-floyd-eclipse-tour.html
https://www.tickettailor.com/events/reubensolo/1316373
https://heppel-ettlich.de
https://www.feierwerk.de/konzert-kulturprogramm/detail/2024-08-09-
|Exceeded 30 redirects.                                                            |
https://backstage.eu/emergenza-bayern-fifth-round-14-03-25.html
https://backstage.eu/abschlussfeier-der-mos-munchen-10-07-25.html
https://backstage.eu/tito-and-tarantula-brincamos-tour-2025.html
https://backstage.eu/karbholz-tour-2026.html
https://www.feierwerk.de/konzert-kulturprogramm/detail/2024-09-13-rave-all-night-long-w-lemming
|Exceeded 30 redirects.                                                            |
https://www.feierwerk.de/konzert-kulturprogramm/detail/2024-07-25--8
|Exceeded 30 redirects.                                                            |
https://backstage.eu/emergenza-bayern-third-round-08-02-25.html
https://www.feierwerk.de/konzert-kulturprogramm/detail/2024-10-05--1
|Exceeded 30 redirects.                                                            |
https://backstage.eu/reggaeville-easter-special-2025.html
https://www.feierwerk.de/konzert-kulturprogramm/detail/2024-08-03-
|Exceeded 30 redirects.                                                            |
https://backstage.eu/10-jahre-munich-ukulele-collective-free-easy-2025.html
https://www.feierwerk.de/konzert-kulturprogramm/detail/2024-10-19--3
|Exceeded 30 redirects.                                                            |
https://www.feierwerk.de/konzert-kulturprogramm/detail/2024-08-04-
|Exceeded 30 redirects.                                                            |
https://backstage.eu/backstage-biergarten-opening-2025.html
https://www.feierwerk.de/konzert-kulturprogramm/detail/2024-08-09-
|Exceeded 30 redirects.                                                            |
https://www.buehnenpolka.de/event-details/openstage-karaoke-alle-levels
https://backstage.eu/biergarten-live-mit-choro-munchen-05-07-25.html
https://www.feierwerk.de/konzert-kulturprogramm/detail/2024-09-11-liveshow-i-von-ii
|Exceeded 30 redirects.                                                            |
https://backstage.eu/the-legendary-pinkdots-live-2025.html
https://backstage.eu/biergarten-geschlossen-05-08-24.html
https://www.feierwerk.de/konzert-kulturprogramm/detail/2024-07-26--10
|Exceeded 30 redirects.                                                            |
https://tickets.kfartists.com/produkte/174-tickets-hotel-rimini-heppel-ettlich-muenchen-am-31-08-2024
https://www.muffatwerk.de/de/events/view/7129/kin-gongolo-kiniata
  0%|          | 0/3916 [00:00<?, ?it/s]  2%|▏         | 97/3916 [00:00<00:36, 103.84it/s]  3%|▎         | 108/3916 [00:05<03:58, 15.94it/s]  5%|▍         | 177/3916 [00:06<02:12, 28.29it/s]  6%|▌         | 231/3916 [00:06<01:39, 37.20it/s] 15%|█▌        | 600/3916 [00:07<00:23, 138.74it/s] 19%|█▊        | 734/3916 [00:08<00:20, 155.20it/s] 19%|█▉        | 757/3916 [00:08<00:24, 128.27it/s] 22%|██▏       | 879/3916 [00:09<00:19, 152.55it/s] 24%|██▎       | 922/3916 [00:09<00:21, 137.08it/s] 26%|██▋       | 1036/3916 [00:10<00:19, 149.45it/s] 27%|██▋       | 1066/3916 [00:10<00:22, 127.02it/s] 33%|███▎      | 1274/3916 [00:11<00:13, 202.12it/s] 33%|███▎      | 1296/3916 [00:11<00:16, 159.24it/s] 36%|███▋      | 1425/3916 [00:12<00:15, 164.35it/s] 37%|███▋      | 1442/3916 [00:13<00:19, 129.89it/s] 39%|███▊      | 1513/3916 [00:13<00:18, 132.59it/s] 44%|████▍     | 1720/3916 [00:14<00:11, 197.47it/s] 45%|████▌     | 1765/3916 [00:15<00:14, 150.66it/s] 49%|████▊     | 1905/3916 [00:15<00:12, 157.86it/s] 49%|████▉     | 1921/3916 [00:16<00:18, 110.60it/s] 50%|█████     | 1966/3916 [00:17<00:21, 92.46it/s]  52%|█████▏    | 2033/3916 [00:18<00:18, 101.90it/s] 52%|█████▏    | 2045/3916 [00:18<00:22, 82.97it/s]  53%|█████▎    | 2069/3916 [00:19<00:25, 72.34it/s] 57%|█████▋    | 2244/3916 [00:19<00:11, 145.58it/s] 58%|█████▊    | 2264/3916 [00:20<00:14, 117.40it/s] 62%|██████▏   | 2431/3916 [00:20<00:08, 179.44it/s] 63%|██████▎   | 2467/3916 [00:21<00:09, 148.43it/s] 63%|██████▎   | 2483/3916 [00:21<00:13, 109.92it/s] 68%|██████▊   | 2653/3916 [00:22<00:07, 176.54it/s] 68%|██████▊   | 2677/3916 [00:22<00:10, 122.06it/s] 69%|██████▊   | 2691/3916 [00:25<00:24, 49.29it/s]  71%|███████   | 2781/3916 [00:26<00:20, 56.43it/s] 71%|███████▏  | 2791/3916 [00:27<00:27, 41.25it/s] 73%|███████▎  | 2851/3916 [00:28<00:21, 49.97it/s] 76%|███████▌  | 2965/3916 [00:28<00:11, 79.90it/s] 77%|███████▋  | 2998/3916 [00:29<00:11, 77.33it/s] 85%|████████▍ | 3322/3916 [00:29<00:02, 201.62it/s] 87%|████████▋ | 3411/3916 [00:30<00:02, 195.91it/s] 90%|████████▉ | 3509/3916 [00:30<00:02, 195.43it/s] 90%|█████████ | 3532/3916 [00:31<00:02, 137.22it/s] 95%|█████████▍| 3719/3916 [00:32<00:01, 194.46it/s] 96%|█████████▌| 3742/3916 [00:32<00:01, 154.65it/s] 97%|█████████▋| 3797/3916 [00:33<00:00, 142.69it/s] 97%|█████████▋| 3813/3916 [00:33<00:00, 110.59it/s] 98%|█████████▊| 3825/3916 [00:35<00:01, 58.78it/s]  99%|█████████▉| 3877/3916 [00:35<00:00, 60.21it/s]100%|█████████▉| 3900/3916 [00:36<00:00, 57.27it/s]100%|██████████| 3916/3916 [00:36<00:00, 107.73it/s]
  0%|          | 0/3916 [00:00<?, ?it/s]  0%|          | 11/3916 [00:00<03:36, 18.07it/s]  5%|▌         | 200/3916 [00:01<00:16, 219.94it/s] 17%|█▋        | 655/3916 [00:01<00:05, 544.70it/s] 19%|█▉        | 740/3916 [00:02<00:07, 402.36it/s] 20%|█▉        | 783/3916 [00:03<00:18, 172.40it/s] 25%|██▌       | 985/3916 [00:03<00:12, 232.18it/s] 34%|███▍      | 1349/3916 [00:04<00:07, 360.12it/s] 36%|███▌      | 1396/3916 [00:07<00:19, 129.17it/s] 36%|███▋      | 1429/3916 [00:08<00:25, 95.81it/s]  37%|███▋      | 1455/3916 [00:08<00:27, 90.43it/s] 37%|███▋      | 1456/3916 [00:14<00:24, 100.62it/s]
Traceback (most recent call last):
  File "/home/a163/anaconda3/envs/musikfrosch/lib/python3.11/site-packages/urllib3/connectionpool.py", line 466, in _make_request
    six.raise_from(e, None)
  File "<string>", line 3, in raise_from
  File "/home/a163/anaconda3/envs/musikfrosch/lib/python3.11/site-packages/urllib3/connectionpool.py", line 461, in _make_request
    httplib_response = conn.getresponse()
                       ^^^^^^^^^^^^^^^^^^
  File "/home/a163/anaconda3/envs/musikfrosch/lib/python3.11/http/client.py", line 1378, in getresponse
    response.begin()
  File "/home/a163/anaconda3/envs/musikfrosch/lib/python3.11/http/client.py", line 318, in begin
    version, status, reason = self._read_status()
                              ^^^^^^^^^^^^^^^^^^^
  File "/home/a163/anaconda3/envs/musikfrosch/lib/python3.11/http/client.py", line 279, in _read_status
    line = str(self.fp.readline(_MAXLINE + 1), "iso-8859-1")
               ^^^^^^^^^^^^^^^^^^^^^^^^^^^^^^
  File "/home/a163/anaconda3/envs/musikfrosch/lib/python3.11/socket.py", line 706, in readinto
    return self._sock.recv_into(b)
           ^^^^^^^^^^^^^^^^^^^^^^^
  File "/home/a163/anaconda3/envs/musikfrosch/lib/python3.11/ssl.py", line 1311, in recv_into
    return self.read(nbytes, buffer)
           ^^^^^^^^^^^^^^^^^^^^^^^^^
  File "/home/a163/anaconda3/envs/musikfrosch/lib/python3.11/ssl.py", line 1167, in read
    return self._sslobj.read(len, buffer)
           ^^^^^^^^^^^^^^^^^^^^^^^^^^^^^^
TimeoutError: The read operation timed out

During handling of the above exception, another exception occurred:

Traceback (most recent call last):
  File "/home/a163/anaconda3/envs/musikfrosch/lib/python3.11/site-packages/requests/adapters.py", line 486, in send
    resp = conn.urlopen(
           ^^^^^^^^^^^^^
  File "/home/a163/anaconda3/envs/musikfrosch/lib/python3.11/site-packages/urllib3/connectionpool.py", line 798, in urlopen
    retries = retries.increment(
              ^^^^^^^^^^^^^^^^^^
  File "/home/a163/anaconda3/envs/musikfrosch/lib/python3.11/site-packages/urllib3/util/retry.py", line 550, in increment
    raise six.reraise(type(error), error, _stacktrace)
          ^^^^^^^^^^^^^^^^^^^^^^^^^^^^^^^^^^^^^^^^^^^^
  File "/home/a163/anaconda3/envs/musikfrosch/lib/python3.11/site-packages/urllib3/packages/six.py", line 770, in reraise
    raise value
  File "/home/a163/anaconda3/envs/musikfrosch/lib/python3.11/site-packages/urllib3/connectionpool.py", line 714, in urlopen
    httplib_response = self._make_request(
                       ^^^^^^^^^^^^^^^^^^^
  File "/home/a163/anaconda3/envs/musikfrosch/lib/python3.11/site-packages/urllib3/connectionpool.py", line 468, in _make_request
    self._raise_timeout(err=e, url=url, timeout_value=read_timeout)
  File "/home/a163/anaconda3/envs/musikfrosch/lib/python3.11/site-packages/urllib3/connectionpool.py", line 357, in _raise_timeout
    raise ReadTimeoutError(
urllib3.exceptions.ReadTimeoutError: HTTPSConnectionPool(host='api.spotify.com', port=443): Read timed out. (read timeout=5)

During handling of the above exception, another exception occurred:

Traceback (most recent call last):
  File "/home/a163/GitRepo/musikfrosch_mc/_main_.py", line 63, in <module>
    cd.addTracksOfArtist('FroschData_03', 'FroschData_06')
  File "/home/a163/GitRepo/musikfrosch_mc/class_dictionary.py", line 236, in addTracksOfArtist
    search_response = (SP_a163.sp.artist_top_tracks(dict_artist['id'], country='GE')['tracks'])
                       ^^^^^^^^^^^^^^^^^^^^^^^^^^^^^^^^^^^^^^^^^^^^^^^^^^^^^^^^^^^^^
  File "/home/a163/anaconda3/envs/musikfrosch/lib/python3.11/site-packages/spotipy/client.py", line 436, in artist_top_tracks
    return self._get("artists/" + trid + "/top-tracks", country=country)
           ^^^^^^^^^^^^^^^^^^^^^^^^^^^^^^^^^^^^^^^^^^^^^^^^^^^^^^^^^^^^^
  File "/home/a163/anaconda3/envs/musikfrosch/lib/python3.11/site-packages/spotipy/client.py", line 323, in _get
    return self._internal_call("GET", url, payload, kwargs)
           ^^^^^^^^^^^^^^^^^^^^^^^^^^^^^^^^^^^^^^^^^^^^^^^^
  File "/home/a163/anaconda3/envs/musikfrosch/lib/python3.11/site-packages/spotipy/client.py", line 266, in _internal_call
    response = self._session.request(
               ^^^^^^^^^^^^^^^^^^^^^^
  File "/home/a163/anaconda3/envs/musikfrosch/lib/python3.11/site-packages/requests/sessions.py", line 589, in request
    resp = self.send(prep, **send_kwargs)
           ^^^^^^^^^^^^^^^^^^^^^^^^^^^^^^
  File "/home/a163/anaconda3/envs/musikfrosch/lib/python3.11/site-packages/requests/sessions.py", line 703, in send
    r = adapter.send(request, **kwargs)
        ^^^^^^^^^^^^^^^^^^^^^^^^^^^^^^^
  File "/home/a163/anaconda3/envs/musikfrosch/lib/python3.11/site-packages/requests/adapters.py", line 532, in send
    raise ReadTimeout(e, request=request)
requests.exceptions.ReadTimeout: HTTPSConnectionPool(host='api.spotify.com', port=443): Read timed out. (read timeout=5)
|CREATE_Log                                                         250731-17_27_26|
|Work directory: /home/a163/GitRepo/musikfrosch_mc                                 |
|Running script: theatron_functions.py                                             |
  0%|          | 0/108 [00:00<?, ?it/s]100%|██████████| 108/108 [00:00<00:00, 121021.86it/s]
  0%|          | 0/108 [00:00<?, ?it/s] 99%|█████████▉| 107/108 [00:00<00:00, 172.16it/s]100%|██████████| 108/108 [00:00<00:00, 173.62it/s]
  0%|          | 0/108 [00:00<?, ?it/s]100%|██████████| 108/108 [00:00<00:00, 2220.24it/s]
|Theatron MusikSommer 25 | MusikFrosch_MUC updated   | rm:    0|add:    0|sta: DONE|
The whole line-up of SommerFest 2025 - Theatron!   Last update:                                        2025/07/31, 17:27:58
