  ███╗   ███╗██╗   ██╗███████╗██╗ ██████╗███████╗██████╗  ██████╗ ███████╗ ██████╗██╗  ██╗███╗   ███╗ ██████╗
  ████╗ ████║██║   ██║██╔════╝██║██╔════╝██╔════╝██╔══██╗██╔═══██╗██╔════╝██╔════╝██║  ██║████╗ ████║██╔════╝
  ██╔████╔██║██║   ██║███████╗██║██║     █████╗  ██████╔╝██║   ██║███████╗██║     ███████║██╔████╔██║██║     
  ██║╚██╔╝██║██║   ██║╚════██║██║██║     ██╔══╝  ██╔══██╗██║   ██║╚════██║██║     ██╔══██║██║╚██╔╝██║██║     
  ██║ ╚═╝ ██║╚██████╔╝███████║██║╚██████╗██║     ██║  ██║╚██████╔╝███████║╚██████╗██║  ██║██║ ╚═╝ ██║╚██████╗
  ╚═╝     ╚═╝ ╚═════╝ ╚══════╝╚═╝ ╚═════╝╚═╝     ╚═╝  ╚═╝ ╚═════╝ ╚══════╝ ╚═════╝╚═╝  ╚═╝╚═╝     ╚═╝ ╚═════╝
Current date and time: Di 5. Nov 17:28:16 CET 2024
Current folder: /

|CREATE_Log                                                         241105-17_28_30|
|Work directory: /home/a163/GitRepo/musikfrosch_mc                                 |
|Running script: _main_.py                                                         |
|Spotify token                                                 |nam:Musik|typ: user|
  0%|          | 0/7 [00:00<?, ?it/s] 14%|█▍        | 1/7 [00:00<00:05,  1.19it/s] 29%|██▊       | 2/7 [00:03<00:08,  1.72s/it] 43%|████▎     | 3/7 [00:04<00:06,  1.71s/it] 57%|█████▋    | 4/7 [00:06<00:05,  1.72s/it] 71%|███████▏  | 5/7 [00:16<00:09,  4.58s/it] 86%|████████▌ | 6/7 [00:18<00:03,  3.65s/it]100%|██████████| 7/7 [01:03<00:00, 17.15s/it]100%|██████████| 7/7 [01:03<00:00,  9.01s/it]
  0%|          | 0/1890 [00:00<?, ?it/s]  0%|          | 1/1890 [00:00<18:11,  1.73it/s]  0%|          | 2/1890 [00:01<19:54,  1.58it/s]  0%|          | 6/1890 [00:02<12:02,  2.61it/s]  1%|          | 10/1890 [00:03<08:00,  3.91it/s]  1%|          | 23/1890 [00:05<06:03,  5.13it/s]  1%|▏         | 25/1890 [00:06<07:41,  4.04it/s]  1%|▏         | 28/1890 [00:07<08:50,  3.51it/s]  2%|▏         | 29/1890 [00:08<09:56,  3.12it/s]  2%|▏         | 42/1890 [00:08<04:27,  6.91it/s]  3%|▎         | 49/1890 [00:10<05:17,  5.79it/s]  3%|▎         | 55/1890 [00:10<04:22,  6.99it/s]  3%|▎         | 60/1890 [00:12<05:11,  5.87it/s]  3%|▎         | 63/1890 [00:13<05:45,  5.29it/s]  4%|▍         | 71/1890 [00:14<05:02,  6.01it/s]  4%|▍         | 72/1890 [00:15<07:42,  3.93it/s]  4%|▍         | 78/1890 [00:16<06:15,  4.83it/s]  5%|▍         | 91/1890 [00:17<03:45,  7.98it/s]  5%|▍         | 92/1890 [00:18<06:13,  4.82it/s]  5%|▍         | 94/1890 [00:19<06:49,  4.38it/s]  5%|▌         | 97/1890 [00:20<07:45,  3.85it/s]  7%|▋         | 125/1890 [00:22<03:09,  9.30it/s]  7%|▋         | 127/1890 [00:23<04:30,  6.53it/s]  8%|▊         | 143/1890 [00:24<03:37,  8.03it/s]  8%|▊         | 144/1890 [00:26<04:58,  5.84it/s]  8%|▊         | 147/1890 [00:26<04:58,  5.83it/s]  9%|▊         | 161/1890 [00:28<03:58,  7.25it/s]  9%|▉         | 166/1890 [00:29<04:40,  6.15it/s]  9%|▉         | 167/1890 [00:30<06:24,  4.48it/s] 10%|▉         | 187/1890 [00:32<03:53,  7.29it/s] 10%|█         | 190/1890 [00:34<05:24,  5.25it/s] 11%|█         | 201/1890 [00:35<04:25,  6.36it/s] 11%|█         | 207/1890 [00:36<04:56,  5.68it/s] 11%|█         | 208/1890 [00:37<05:28,  5.12it/s] 11%|█         | 210/1890 [00:38<07:18,  3.83it/s] 11%|█▏        | 215/1890 [00:40<07:38,  3.66it/s] 12%|█▏        | 219/1890 [00:41<07:41,  3.62it/s] 12%|█▏        | 226/1890 [00:42<06:22,  4.35it/s] 12%|█▏        | 229/1890 [00:46<12:38,  2.19it/s] 12%|█▏        | 231/1890 [00:47<12:09,  2.27it/s] 12%|█▏        | 234/1890 [00:48<11:48,  2.34it/s] 13%|█▎        | 250/1890 [00:49<05:21,  5.11it/s] 14%|█▎        | 258/1890 [00:51<05:08,  5.30it/s] 14%|█▍        | 266/1890 [00:51<04:15,  6.35it/s] 15%|█▍        | 281/1890 [00:53<03:20,  8.02it/s] 15%|█▍        | 282/1890 [00:54<05:03,  5.30it/s] 15%|█▍        | 283/1890 [00:55<05:36,  4.78it/s] 15%|█▌        | 286/1890 [00:56<05:43,  4.67it/s] 15%|█▌        | 287/1890 [00:57<09:20,  2.86it/s] 15%|█▌        | 292/1890 [00:58<06:55,  3.84it/s] 16%|█▌        | 293/1890 [01:00<10:57,  2.43it/s] 16%|█▋        | 308/1890 [01:01<04:57,  5.32it/s] 17%|█▋        | 316/1890 [01:02<04:11,  6.25it/s] 17%|█▋        | 325/1890 [01:03<04:03,  6.43it/s] 17%|█▋        | 328/1890 [01:04<04:21,  5.97it/s] 17%|█▋        | 329/1890 [01:05<06:04,  4.29it/s] 17%|█▋        | 330/1890 [01:06<07:25,  3.50it/s] 18%|█▊        | 332/1890 [01:07<09:00,  2.88it/s] 18%|█▊        | 333/1890 [01:09<12:30,  2.07it/s] 18%|█▊        | 339/1890 [01:09<07:27,  3.47it/s] 18%|█▊        | 341/1890 [01:11<10:09,  2.54it/s] 18%|█▊        | 342/1890 [01:12<12:19,  2.09it/s] 18%|█▊        | 343/1890 [01:14<16:32,  1.56it/s] 19%|█▉        | 356/1890 [01:15<06:50,  3.73it/s] 19%|█▉        | 359/1890 [01:16<07:19,  3.48it/s] 19%|█▉        | 360/1890 [01:18<09:21,  2.72it/s] 19%|█▉        | 362/1890 [01:19<10:48,  2.36it/s] 20%|█▉        | 370/1890 [01:20<07:01,  3.61it/s] 20%|█▉        | 373/1890 [01:22<08:39,  2.92it/s] 20%|██        | 380/1890 [01:22<05:50,  4.30it/s] 20%|██        | 383/1890 [01:24<06:41,  3.76it/s] 20%|██        | 386/1890 [01:24<06:08,  4.08it/s] 20%|██        | 387/1890 [01:26<09:16,  2.70it/s] 21%|██        | 390/1890 [01:27<09:40,  2.58it/s] 21%|██        | 401/1890 [01:28<04:41,  5.28it/s] 21%|██▏       | 404/1890 [01:29<05:48,  4.27it/s] 22%|██▏       | 407/1890 [01:30<06:47,  3.64it/s] 22%|██▏       | 420/1890 [01:31<04:16,  5.73it/s] 22%|██▏       | 421/1890 [01:33<06:01,  4.07it/s] 23%|██▎       | 427/1890 [01:33<04:43,  5.16it/s] 23%|██▎       | 428/1890 [01:35<07:54,  3.08it/s] 23%|██▎       | 429/1890 [01:36<09:26,  2.58it/s] 23%|██▎       | 431/1890 [01:37<08:53,  2.74it/s] 23%|██▎       | 433/1890 [01:37<08:18,  2.92it/s] 23%|██▎       | 434/1890 [01:38<09:18,  2.61it/s] 23%|██▎       | 442/1890 [01:39<04:39,  5.19it/s] 24%|██▎       | 445/1890 [01:39<04:31,  5.33it/s] 24%|██▎       | 446/1890 [01:40<07:20,  3.28it/s] 24%|██▍       | 453/1890 [01:41<05:04,  4.73it/s] 24%|██▍       | 454/1890 [01:44<09:57,  2.40it/s] 24%|██▍       | 455/1890 [01:44<10:45,  2.22it/s] 24%|██▍       | 458/1890 [01:45<08:46,  2.72it/s] 24%|██▍       | 461/1890 [01:48<13:20,  1.79it/s] 25%|██▍       | 466/1890 [01:48<08:36,  2.76it/s] 25%|██▌       | 474/1890 [01:50<06:08,  3.85it/s] 25%|██▌       | 475/1890 [01:51<08:04,  2.92it/s] 25%|██▌       | 478/1890 [01:53<09:28,  2.49it/s] 26%|██▌       | 490/1890 [01:54<05:18,  4.40it/s] 26%|██▋       | 499/1890 [01:55<03:48,  6.10it/s] 26%|██▋       | 500/1890 [01:56<05:09,  4.49it/s] 27%|██▋       | 503/1890 [01:56<04:56,  4.67it/s] 27%|██▋       | 513/1890 [01:58<04:27,  5.14it/s] 28%|██▊       | 526/1890 [01:59<02:48,  8.11it/s] 28%|██▊       | 534/1890 [01:59<02:24,  9.36it/s] 29%|██▊       | 540/1890 [02:01<03:22,  6.67it/s] 29%|██▊       | 541/1890 [02:02<04:13,  5.33it/s] 29%|██▊       | 542/1890 [02:03<05:58,  3.76it/s] 29%|██▊       | 543/1890 [02:06<11:28,  1.96it/s] 29%|██▉       | 546/1890 [02:06<09:30,  2.35it/s] 29%|██▉       | 552/1890 [02:09<08:46,  2.54it/s] 29%|██▉       | 554/1890 [02:11<11:45,  1.89it/s] 29%|██▉       | 555/1890 [02:13<15:15,  1.46it/s] 29%|██▉       | 556/1890 [02:13<14:58,  1.49it/s] 30%|██▉       | 558/1890 [02:16<17:15,  1.29it/s] 30%|██▉       | 562/1890 [02:17<12:34,  1.76it/s] 30%|███       | 574/1890 [02:17<05:04,  4.33it/s] 30%|███       | 576/1890 [02:19<06:54,  3.17it/s] 31%|███       | 577/1890 [02:20<07:32,  2.90it/s] 31%|███       | 583/1890 [02:22<06:57,  3.13it/s] 31%|███       | 584/1890 [02:23<09:37,  2.26it/s] 31%|███       | 585/1890 [02:24<09:51,  2.20it/s] 31%|███       | 589/1890 [02:25<08:49,  2.46it/s] 31%|███▏      | 593/1890 [02:26<08:06,  2.66it/s] 32%|███▏      | 596/1890 [02:28<10:00,  2.15it/s] 32%|███▏      | 600/1890 [02:29<07:50,  2.74it/s] 32%|███▏      | 604/1890 [02:31<08:16,  2.59it/s] 32%|███▏      | 605/1890 [02:34<15:40,  1.37it/s] 32%|███▏      | 607/1890 [02:41<27:04,  1.27s/it] 32%|███▏      | 608/1890 [02:41<25:13,  1.18s/it] 32%|███▏      | 613/1890 [02:42<14:06,  1.51it/s] 33%|███▎      | 616/1890 [02:42<10:44,  1.98it/s] 33%|███▎      | 627/1890 [02:43<04:48,  4.38it/s] 34%|███▎      | 634/1890 [02:45<04:58,  4.21it/s] 34%|███▎      | 637/1890 [02:45<04:54,  4.26it/s] 34%|███▍      | 639/1890 [02:47<07:03,  2.95it/s] 34%|███▍      | 652/1890 [02:49<04:27,  4.62it/s] 35%|███▍      | 653/1890 [02:50<06:04,  3.39it/s] 35%|███▍      | 656/1890 [02:51<05:44,  3.58it/s] 35%|███▍      | 659/1890 [02:53<07:06,  2.89it/s] 35%|███▌      | 664/1890 [02:54<06:19,  3.23it/s] 35%|███▌      | 668/1890 [02:55<05:43,  3.55it/s] 35%|███▌      | 669/1890 [02:55<06:12,  3.28it/s] 36%|███▌      | 675/1890 [02:57<06:07,  3.31it/s] 36%|███▌      | 680/1890 [02:58<05:41,  3.54it/s] 36%|███▌      | 682/1890 [02:59<05:43,  3.51it/s] 36%|███▋      | 687/1890 [03:00<04:34,  4.38it/s] 36%|███▋      | 689/1890 [03:02<06:57,  2.88it/s] 37%|███▋      | 691/1890 [03:02<06:40,  2.99it/s] 37%|███▋      | 697/1890 [03:03<04:37,  4.29it/s] 37%|███▋      | 698/1890 [03:03<05:23,  3.69it/s] 38%|███▊      | 709/1890 [03:05<03:32,  5.56it/s] 38%|███▊      | 723/1890 [03:07<03:22,  5.77it/s] 39%|███▉      | 738/1890 [03:08<02:34,  7.43it/s] 39%|███▉      | 738/1890 [03:09<04:55,  3.89it/s]
https://www.feierwerk.de/konzert-kulturprogramm/detail/2024-09-21-finissage
https://www.feierwerk.de/konzert-kulturprogramm/detail/2024-08-11-
https://www.feierwerk.de/konzert-kulturprogramm/detail/2024-07-26--9
https://heppel-ettlich.de/openstage.html
https://www.feierwerk.de/konzert-kulturprogramm/detail/2024-09-28-finta-music-networking-brunch
https://www.feierwerk.de/konzert-kulturprogramm/detail/2024-10-18--9
https://www.feierwerk.de/konzert-kulturprogramm/detail/2024-08-04-
https://www.feierwerk.de/konzert-kulturprogramm/detail/2024-07-26--10
https://www.feierwerk.de/konzert-kulturprogramm/detail/2024-08-23--1
https://www.feierwerk.de/konzert-kulturprogramm/detail/2024-09-15-
https://www.feierwerk.de/konzert-kulturprogramm/detail/2024-09-09-ausgabe-31-welchen-support-braucht-musik-muenchen
https://www.feierwerk.de/konzert-kulturprogramm/detail/2024-08-24--1
https://www.feierwerk.de/konzert-kulturprogramm/detail/2024-12-03-booking-fuer-musiker-innen
https://www.feierwerk.de/konzert-kulturprogramm/detail/2024-09-12-liveshow-ii-von-ii
https://www.eventbrite.com/e/starducks-improtheater-show-tickets-1009211327247?aff=oddtdtcreator
https://www.feierwerk.de/konzert-kulturprogramm/detail/13-12-2024_eisbach-callin-miso-noise-colors-turdbaby-weiky-mc-treasure-irie-98fdef3d-5e5f-436b-a56b-126ce55bfdda
https://www.feierwerk.de/konzert-kulturprogramm/detail/2024-09-27-munich-hardcore-festival-2024
https://backstage.eu/deutsche-luftgitarrenmeisterschaft-2024.html
https://www.feierwerk.de/konzert-kulturprogramm/detail/2024-09-11-liveshow-i-von-ii
https://www.feierwerk.de/konzert-kulturprogramm/detail/2024-07-27--2
https://backstage.eu/25-jahre-asp-die-zusammenkunft-3.html
https://www.feierwerk.de/konzert-kulturprogramm/detail/2024-09-12-liveshow-ii-von-ii
https://www.feierwerk.de/konzert-kulturprogramm/detail/2024-07-26--10
https://www.feierwerk.de/konzert-kulturprogramm/detail/2024-07-27--2
https://www.feierwerk.de/konzert-kulturprogramm/detail/2024-09-21--1
https://backstage.eu/awake-the-dreamer-dead-like-juliet-live-2024.html
https://backstage.eu/the-rock-and-roll-wrestling-bash-free-easy-2024.html
https://loveyourartist.com/profiles/heppel-and-ettlich-BMBZJE/events/fenix-renacer-spanisches-munchen-4ZD6IH
|time data 'October 8, 2024 - 19:30' does not match format '%d. %B %Y - %H:%M'     |
https://bit.ly/fuzzmuc
|time data 'January 17, 2025 - 20:00' does not match format '%d. %B %Y - %H:%M'    |
https://backstage.eu/thrash-inferno-24.html
https://www.feierwerk.de/konzert-kulturprogramm/detail/2024-09-28--1
https://www.feierwerk.de/konzert-kulturprogramm/detail/2024-08-24--1
https://backstage.eu/keep-it-low-festival-2024-11-10-24-12-10-24.html
https://backstage.eu/fritz-kola-kart-n-kola-vol-2-live.html
https://www.feierwerk.de/konzert-kulturprogramm/detail/2024-08-09-
https://www.feierwerk.de/konzert-kulturprogramm/detail/2024-09-13-rave-all-night-long-w-lemming
https://www.feierwerk.de/konzert-kulturprogramm/detail/2024-08-30-
https://www.feierwerk.de/konzert-kulturprogramm/detail/2024-08-02-vernissage
https://backstage.eu/kings-of-floyd-eclipse-tour.html
https://www.feierwerk.de/konzert-kulturprogramm/detail/2024-09-09-ausgabe-31-welchen-support-braucht-musik-muenchen
https://www.feierwerk.de/konzert-kulturprogramm/detail/2024-10-02-rage-against-abschiebung-23
https://heppel-ettlich.de/openstage.html
https://www.feierwerk.de/konzert-kulturprogramm/detail/2024-10-12-rock-am-klenze-2024
https://www.feierwerk.de/konzert-kulturprogramm/detail/2024-11-16-listen-to-munich-pushing-boundaries
https://www.feierwerk.de/konzert-kulturprogramm/detail/2024-09-07-
https://www.feierwerk.de/konzert-kulturprogramm/detail/2024-07-25--8
https://backstage.eu/bonfire-unplugged-und-biografie-von-hans-ziller-live-2024.html
https://www.feierwerk.de/konzert-kulturprogramm/detail/2024-11-09-
https://www.feierwerk.de/konzert-kulturprogramm/detail/2024-09-19--5
https://www.feierwerk.de/konzert-kulturprogramm/detail/2024-11-06-reggae-jam-session
https://www.82berlinstandup.com/sovlar/irem-ekin-munih
https://www.feierwerk.de/konzert-kulturprogramm/detail/2024-08-25--1
https://www.feierwerk.de/konzert-kulturprogramm/detail/2024-09-15-
  0%|          | 0/1890 [00:00<?, ?it/s] 12%|█▏        | 221/1890 [00:00<00:07, 231.93it/s] 14%|█▍        | 265/1890 [00:01<00:09, 172.33it/s] 18%|█▊        | 343/1890 [00:01<00:08, 172.40it/s] 22%|██▏       | 424/1890 [00:02<00:08, 172.25it/s] 26%|██▌       | 490/1890 [00:03<00:10, 132.63it/s] 31%|███▏      | 591/1890 [00:03<00:08, 155.56it/s] 36%|███▋      | 687/1890 [00:04<00:07, 170.36it/s] 42%|████▏     | 786/1890 [00:04<00:06, 182.62it/s] 44%|████▍     | 839/1890 [00:05<00:06, 157.68it/s] 47%|████▋     | 892/1890 [00:05<00:08, 122.15it/s] 48%|████▊     | 906/1890 [00:06<00:10, 98.28it/s]  51%|█████     | 965/1890 [00:06<00:08, 105.87it/s] 52%|█████▏    | 976/1890 [00:07<00:10, 83.26it/s]  52%|█████▏    | 985/1890 [00:08<00:24, 37.65it/s] 53%|█████▎    | 1002/1890 [00:09<00:23, 37.46it/s] 53%|█████▎    | 1008/1890 [00:10<00:33, 26.71it/s] 55%|█████▌    | 1046/1890 [00:10<00:22, 37.61it/s] 56%|█████▋    | 1064/1890 [00:11<00:21, 37.90it/s] 58%|█████▊    | 1090/1890 [00:11<00:18, 42.32it/s] 58%|█████▊    | 1096/1890 [00:12<00:28, 27.79it/s] 59%|█████▊    | 1109/1890 [00:13<00:31, 24.95it/s] 59%|█████▉    | 1113/1890 [00:13<00:36, 21.20it/s] 60%|█████▉    | 1128/1890 [00:14<00:32, 23.50it/s] 61%|██████    | 1156/1890 [00:14<00:22, 32.35it/s] 62%|██████▏   | 1172/1890 [00:15<00:22, 32.45it/s] 63%|██████▎   | 1184/1890 [00:15<00:22, 30.78it/s] 64%|██████▍   | 1219/1890 [00:16<00:15, 43.36it/s] 67%|██████▋   | 1257/1890 [00:17<00:17, 36.97it/s] 67%|██████▋   | 1265/1890 [00:17<00:19, 32.77it/s] 67%|██████▋   | 1273/1890 [00:18<00:21, 28.77it/s] 69%|██████▉   | 1310/1890 [00:18<00:13, 41.76it/s] 71%|███████   | 1338/1890 [00:19<00:11, 46.90it/s] 71%|███████▏  | 1348/1890 [00:21<00:32, 16.91it/s] 73%|███████▎  | 1386/1890 [00:22<00:19, 26.23it/s] 74%|███████▍  | 1399/1890 [00:23<00:23, 21.05it/s] 75%|███████▌  | 1419/1890 [00:24<00:19, 24.62it/s] 75%|███████▌  | 1424/1890 [00:24<00:21, 22.11it/s] 76%|███████▌  | 1435/1890 [00:25<00:20, 22.25it/s] 78%|███████▊  | 1480/1890 [00:25<00:10, 39.52it/s] 79%|███████▊  | 1485/1890 [00:26<00:13, 30.27it/s] 80%|███████▉  | 1506/1890 [00:26<00:12, 31.48it/s] 81%|████████  | 1525/1890 [00:27<00:10, 33.59it/s] 81%|████████▏ | 1538/1890 [00:27<00:10, 32.31it/s] 82%|████████▏ | 1553/1890 [00:28<00:11, 28.27it/s] 83%|████████▎ | 1565/1890 [00:28<00:11, 27.70it/s] 84%|████████▍ | 1583/1890 [00:29<00:10, 30.70it/s] 89%|████████▊ | 1673/1890 [00:29<00:02, 76.30it/s] 89%|████████▉ | 1688/1890 [00:30<00:03, 63.99it/s] 90%|████████▉ | 1698/1890 [00:30<00:03, 51.89it/s] 90%|█████████ | 1704/1890 [00:31<00:04, 40.63it/s] 91%|█████████ | 1716/1890 [00:31<00:04, 35.46it/s] 94%|█████████▍| 1783/1890 [00:32<00:01, 67.52it/s] 96%|█████████▌| 1811/1890 [00:32<00:01, 65.85it/s] 96%|█████████▋| 1820/1890 [00:33<00:01, 46.16it/s] 97%|█████████▋| 1836/1890 [00:33<00:01, 39.72it/s] 97%|█████████▋| 1841/1890 [00:34<00:01, 25.32it/s] 99%|█████████▉| 1879/1890 [00:35<00:00, 38.50it/s]100%|██████████| 1890/1890 [00:35<00:00, 53.78it/s]
  0%|          | 0/1890 [00:00<?, ?it/s]  0%|          | 1/1890 [00:00<19:12,  1.64it/s]  5%|▍         | 88/1890 [00:01<00:18, 99.75it/s] 29%|██▉       | 545/1890 [00:01<00:02, 482.17it/s] 33%|███▎      | 631/1890 [00:01<00:03, 373.73it/s] 35%|███▌      | 670/1890 [00:03<00:07, 156.09it/s] 47%|████▋     | 884/1890 [00:03<00:04, 226.62it/s] 66%|██████▌   | 1252/1890 [00:04<00:01, 367.81it/s] 69%|██████▉   | 1301/1890 [00:08<00:06, 89.50it/s]  71%|███████   | 1335/1890 [00:09<00:06, 85.99it/s] 72%|███████▏  | 1360/1890 [00:14<00:13, 38.17it/s] 76%|███████▌  | 1431/1890 [00:14<00:09, 46.86it/s] 77%|███████▋  | 1448/1890 [00:15<00:09, 45.72it/s] 79%|███████▊  | 1485/1890 [00:15<00:08, 49.28it/s] 96%|█████████▋| 1820/1890 [00:16<00:00, 141.36it/s] 98%|█████████▊| 1845/1890 [00:16<00:00, 120.36it/s]100%|██████████| 1890/1890 [00:16<00:00, 111.32it/s]
  0%|          | 0/1890 [00:00<?, ?it/s] 23%|██▎       | 429/1890 [00:00<00:00, 4276.90it/s] 96%|█████████▋| 1820/1890 [00:00<00:00, 9885.77it/s]100%|██████████| 1890/1890 [00:00<00:00, 9228.77it/s]
Traceback (most recent call last):
  File "/home/a163/anaconda3/envs/musikfrosch/lib/python3.11/site-packages/urllib3/response.py", line 444, in _error_catcher
    yield
  File "/home/a163/anaconda3/envs/musikfrosch/lib/python3.11/site-packages/urllib3/response.py", line 831, in read_chunked
    chunk = self._handle_chunk(amt)
            ^^^^^^^^^^^^^^^^^^^^^^^
  File "/home/a163/anaconda3/envs/musikfrosch/lib/python3.11/site-packages/urllib3/response.py", line 784, in _handle_chunk
    returned_chunk = self._fp._safe_read(self.chunk_left)
                     ^^^^^^^^^^^^^^^^^^^^^^^^^^^^^^^^^^^^
  File "/home/a163/anaconda3/envs/musikfrosch/lib/python3.11/http/client.py", line 631, in _safe_read
    data = self.fp.read(amt)
           ^^^^^^^^^^^^^^^^^
  File "/home/a163/anaconda3/envs/musikfrosch/lib/python3.11/socket.py", line 706, in readinto
    return self._sock.recv_into(b)
           ^^^^^^^^^^^^^^^^^^^^^^^
  File "/home/a163/anaconda3/envs/musikfrosch/lib/python3.11/ssl.py", line 1311, in recv_into
    return self.read(nbytes, buffer)
           ^^^^^^^^^^^^^^^^^^^^^^^^^
  File "/home/a163/anaconda3/envs/musikfrosch/lib/python3.11/ssl.py", line 1167, in read
    return self._sslobj.read(len, buffer)
           ^^^^^^^^^^^^^^^^^^^^^^^^^^^^^^
TimeoutError: The read operation timed out

During handling of the above exception, another exception occurred:

Traceback (most recent call last):
  File "/home/a163/anaconda3/envs/musikfrosch/lib/python3.11/site-packages/requests/models.py", line 816, in generate
    yield from self.raw.stream(chunk_size, decode_content=True)
  File "/home/a163/anaconda3/envs/musikfrosch/lib/python3.11/site-packages/urllib3/response.py", line 624, in stream
    for line in self.read_chunked(amt, decode_content=decode_content):
  File "/home/a163/anaconda3/envs/musikfrosch/lib/python3.11/site-packages/urllib3/response.py", line 816, in read_chunked
    with self._error_catcher():
  File "/home/a163/anaconda3/envs/musikfrosch/lib/python3.11/contextlib.py", line 155, in __exit__
    self.gen.throw(typ, value, traceback)
  File "/home/a163/anaconda3/envs/musikfrosch/lib/python3.11/site-packages/urllib3/response.py", line 449, in _error_catcher
    raise ReadTimeoutError(self._pool, None, "Read timed out.")
urllib3.exceptions.ReadTimeoutError: HTTPSConnectionPool(host='api.spotify.com', port=443): Read timed out.

During handling of the above exception, another exception occurred:

Traceback (most recent call last):
  File "/home/a163/GitRepo/musikfrosch_mc/_main_.py", line 133, in <module>
    pm.update_playlist(SP_a163, row_list)
  File "/home/a163/GitRepo/musikfrosch_mc/playlist_manager.py", line 51, in update_playlist
    currentplaylist = getPlaylistTracks(SPOT, row_['PlaylistID'])
                      ^^^^^^^^^^^^^^^^^^^^^^^^^^^^^^^^^^^^^^^^^^^
  File "/home/a163/GitRepo/musikfrosch_mc/playlist_manager.py", line 26, in getPlaylistTracks
    results = SPOT.sp.next(results)
              ^^^^^^^^^^^^^^^^^^^^^
  File "/home/a163/anaconda3/envs/musikfrosch/lib/python3.11/site-packages/spotipy/client.py", line 347, in next
    return self._get(result["next"])
           ^^^^^^^^^^^^^^^^^^^^^^^^^
  File "/home/a163/anaconda3/envs/musikfrosch/lib/python3.11/site-packages/spotipy/client.py", line 323, in _get
    return self._internal_call("GET", url, payload, kwargs)
           ^^^^^^^^^^^^^^^^^^^^^^^^^^^^^^^^^^^^^^^^^^^^^^^^
  File "/home/a163/anaconda3/envs/musikfrosch/lib/python3.11/site-packages/spotipy/client.py", line 266, in _internal_call
    response = self._session.request(
               ^^^^^^^^^^^^^^^^^^^^^^
  File "/home/a163/anaconda3/envs/musikfrosch/lib/python3.11/site-packages/requests/sessions.py", line 589, in request
    resp = self.send(prep, **send_kwargs)
           ^^^^^^^^^^^^^^^^^^^^^^^^^^^^^^
  File "/home/a163/anaconda3/envs/musikfrosch/lib/python3.11/site-packages/requests/sessions.py", line 747, in send
    r.content
  File "/home/a163/anaconda3/envs/musikfrosch/lib/python3.11/site-packages/requests/models.py", line 899, in content
    self._content = b"".join(self.iter_content(CONTENT_CHUNK_SIZE)) or b""
                    ^^^^^^^^^^^^^^^^^^^^^^^^^^^^^^^^^^^^^^^^^^^^^^^
  File "/home/a163/anaconda3/envs/musikfrosch/lib/python3.11/site-packages/requests/models.py", line 822, in generate
    raise ConnectionError(e)
requests.exceptions.ConnectionError: HTTPSConnectionPool(host='api.spotify.com', port=443): Read timed out.
