  ███╗   ███╗██╗   ██╗███████╗██╗ ██████╗███████╗██████╗  ██████╗ ███████╗ ██████╗██╗  ██╗███╗   ███╗ ██████╗
  ████╗ ████║██║   ██║██╔════╝██║██╔════╝██╔════╝██╔══██╗██╔═══██╗██╔════╝██╔════╝██║  ██║████╗ ████║██╔════╝
  ██╔████╔██║██║   ██║███████╗██║██║     █████╗  ██████╔╝██║   ██║███████╗██║     ███████║██╔████╔██║██║     
  ██║╚██╔╝██║██║   ██║╚════██║██║██║     ██╔══╝  ██╔══██╗██║   ██║╚════██║██║     ██╔══██║██║╚██╔╝██║██║     
  ██║ ╚═╝ ██║╚██████╔╝███████║██║╚██████╗██║     ██║  ██║╚██████╔╝███████║╚██████╗██║  ██║██║ ╚═╝ ██║╚██████╗
  ╚═╝     ╚═╝ ╚═════╝ ╚══════╝╚═╝ ╚═════╝╚═╝     ╚═╝  ╚═╝ ╚═════╝ ╚══════╝ ╚═════╝╚═╝  ╚═╝╚═╝     ╚═╝ ╚═════╝
Current date and time: Di 5. Aug 22:02:18 CEST 2025
Current folder: /

|CREATE_Log                                                         250805-22_02_34|
|Work directory: /home/a163/GitRepo/musikfrosch_mc                                 |
|Running script: _main_.py                                                         |
|Spotify token                                                 |nam:Musik|typ: user|
  0%|          | 0/7 [00:00<?, ?it/s] 14%|█▍        | 1/7 [00:01<00:07,  1.25s/it] 29%|██▊       | 2/7 [00:02<00:06,  1.23s/it] 43%|████▎     | 3/7 [00:05<00:07,  1.97s/it] 57%|█████▋    | 4/7 [00:07<00:05,  1.90s/it] 71%|███████▏  | 5/7 [00:49<00:32, 16.46s/it] 86%|████████▌ | 6/7 [00:51<00:11, 11.62s/it]100%|██████████| 7/7 [01:11<00:00, 14.49s/it]100%|██████████| 7/7 [01:11<00:00, 10.29s/it]
  0%|          | 0/3936 [00:00<?, ?it/s]  0%|          | 11/3936 [00:00<03:29, 18.71it/s]  0%|          | 13/3936 [00:01<06:49,  9.59it/s]  0%|          | 14/3936 [00:01<12:31,  5.22it/s]  0%|          | 16/3936 [00:02<15:24,  4.24it/s]  1%|          | 20/3936 [01:46<12:25:56, 11.43s/it]  1%|          | 21/3936 [01:49<11:06:25, 10.21s/it]  1%|          | 28/3936 [01:50<4:53:44,  4.51s/it]   1%|          | 34/3936 [01:52<2:58:54,  2.75s/it]  1%|          | 44/3936 [01:54<1:37:08,  1.50s/it]  1%|          | 47/3936 [01:56<1:27:01,  1.34s/it]  1%|▏         | 50/3936 [01:59<1:22:20,  1.27s/it]  1%|▏         | 53/3936 [02:06<1:38:21,  1.52s/it]  1%|▏         | 57/3936 [02:08<1:17:29,  1.20s/it]  2%|▏         | 63/3936 [02:10<56:46,  1.14it/s]    2%|▏         | 80/3936 [02:13<28:12,  2.28it/s]  2%|▏         | 82/3936 [02:18<41:26,  1.55it/s]  2%|▏         | 83/3936 [02:20<46:51,  1.37it/s]  2%|▏         | 86/3936 [02:30<1:20:47,  1.26s/it]  2%|▏         | 92/3936 [02:31<56:47,  1.13it/s]    2%|▏         | 94/3936 [02:35<1:07:14,  1.05s/it]  2%|▏         | 95/3936 [02:37<1:10:38,  1.10s/it]  2%|▏         | 98/3936 [02:42<1:23:16,  1.30s/it]  3%|▎         | 100/3936 [02:45<1:20:11,  1.25s/it]  3%|▎         | 105/3936 [02:48<1:04:49,  1.02s/it]  3%|▎         | 110/3936 [02:50<48:20,  1.32it/s]    3%|▎         | 113/3936 [02:51<43:33,  1.46it/s]  3%|▎         | 116/3936 [02:59<1:16:02,  1.19s/it]  3%|▎         | 121/3936 [03:06<1:19:25,  1.25s/it]  3%|▎         | 125/3936 [03:09<1:08:41,  1.08s/it]  3%|▎         | 136/3936 [03:13<44:37,  1.42it/s]    3%|▎         | 137/3936 [03:14<46:56,  1.35it/s]  4%|▎         | 141/3936 [03:15<39:29,  1.60it/s]  4%|▎         | 146/3936 [03:16<30:45,  2.05it/s]  4%|▍         | 150/3936 [03:19<32:11,  1.96it/s]  4%|▍         | 156/3936 [03:19<22:35,  2.79it/s]  4%|▍         | 163/3936 [03:20<16:05,  3.91it/s]  4%|▍         | 172/3936 [03:21<11:16,  5.56it/s]  4%|▍         | 177/3936 [03:23<15:53,  3.94it/s]  5%|▍         | 182/3936 [03:24<16:28,  3.80it/s]  5%|▍         | 189/3936 [03:27<17:43,  3.52it/s]  5%|▍         | 194/3936 [03:28<17:20,  3.60it/s]  5%|▌         | 198/3936 [03:30<20:09,  3.09it/s]  5%|▌         | 201/3936 [03:31<22:16,  2.80it/s]  5%|▌         | 211/3936 [03:32<13:23,  4.64it/s]  5%|▌         | 215/3936 [03:33<12:28,  4.97it/s]  6%|▌         | 219/3936 [03:33<12:22,  5.00it/s]  6%|▌         | 222/3936 [03:34<12:44,  4.86it/s]  6%|▌         | 235/3936 [03:35<07:36,  8.10it/s]  6%|▌         | 245/3936 [03:37<10:51,  5.66it/s]  6%|▋         | 251/3936 [04:53<3:18:31,  3.23s/it]  6%|▋         | 252/3936 [04:55<3:14:47,  3.17s/it]  6%|▋         | 253/3936 [05:01<3:23:35,  3.32s/it]  6%|▋         | 254/3936 [05:03<3:19:38,  3.25s/it]  7%|▋         | 262/3936 [05:10<2:03:13,  2.01s/it]  7%|▋         | 263/3936 [05:12<2:04:53,  2.04s/it]  7%|▋         | 271/3936 [05:15<1:12:38,  1.19s/it]  7%|▋         | 277/3936 [05:17<54:35,  1.12it/s]    8%|▊         | 296/3936 [05:19<25:51,  2.35it/s]  8%|▊         | 300/3936 [05:22<27:02,  2.24it/s]  8%|▊         | 308/3936 [05:28<32:55,  1.84it/s]  8%|▊         | 309/3936 [05:31<42:55,  1.41it/s]  8%|▊         | 320/3936 [05:34<30:43,  1.96it/s]  9%|▊         | 336/3936 [05:37<19:45,  3.04it/s]  9%|▊         | 340/3936 [05:45<34:39,  1.73it/s]  9%|▉         | 350/3936 [05:47<28:25,  2.10it/s]  9%|▉         | 352/3936 [06:03<1:06:32,  1.11s/it]  9%|▉         | 355/3936 [06:08<1:14:05,  1.24s/it]  9%|▉         | 362/3936 [06:11<54:57,  1.08it/s]    9%|▉         | 370/3936 [06:13<42:09,  1.41it/s]  9%|▉         | 371/3936 [06:20<1:04:02,  1.08s/it]  9%|▉         | 372/3936 [07:56<8:34:20,  8.66s/it] 10%|▉         | 380/3936 [07:59<4:39:18,  4.71s/it] 10%|▉         | 385/3936 [08:03<3:27:43,  3.51s/it] 10%|▉         | 386/3936 [08:03<3:14:49,  3.29s/it] 10%|▉         | 391/3936 [08:04<2:07:35,  2.16s/it] 10%|▉         | 393/3936 [08:05<1:48:58,  1.85s/it] 10%|█         | 397/3936 [08:05<1:16:08,  1.29s/it] 10%|█         | 398/3936 [09:39<10:48:19, 10.99s/it] 10%|█         | 402/3936 [09:41<6:57:24,  7.09s/it]  10%|█         | 403/3936 [11:38<19:40:15, 20.04s/it] 10%|█         | 411/3936 [11:39<8:24:09,  8.58s/it]  11%|█         | 437/3936 [11:40<2:17:32,  2.36s/it] 11%|█         | 439/3936 [11:41<2:10:16,  2.24s/it] 11%|█         | 439/3936 [11:57<2:10:16,  2.24s/it] 11%|█         | 441/3936 [12:00<2:51:29,  2.94s/it] 11%|█         | 442/3936 [12:03<2:50:15,  2.92s/it] 11%|█▏        | 443/3936 [12:07<2:55:16,  3.01s/it] 11%|█▏        | 445/3936 [12:41<5:34:54,  5.76s/it] 11%|█▏        | 452/3936 [12:43<2:56:51,  3.05s/it] 12%|█▏        | 455/3936 [12:47<2:33:08,  2.64s/it] 12%|█▏        | 472/3936 [12:52<1:03:35,  1.10s/it] 12%|█▏        | 475/3936 [12:53<58:15,  1.01s/it]   12%|█▏        | 477/3936 [12:55<59:21,  1.03s/it] 12%|█▏        | 482/3936 [12:57<48:13,  1.19it/s] 12%|█▏        | 483/3936 [13:00<55:56,  1.03it/s] 12%|█▏        | 484/3936 [13:02<1:03:26,  1.10s/it] 12%|█▏        | 486/3936 [13:05<1:05:17,  1.14s/it] 12%|█▎        | 492/3936 [15:02<9:41:19, 10.13s/it] 13%|█▎        | 508/3936 [15:03<3:24:27,  3.58s/it] 13%|█▎        | 517/3936 [15:05<2:18:11,  2.43s/it] 13%|█▎        | 525/3936 [16:53<5:29:36,  5.80s/it] 13%|█▎        | 529/3936 [16:54<4:33:44,  4.82s/it] 14%|█▎        | 533/3936 [18:51<9:13:51,  9.77s/it] 14%|█▎        | 536/3936 [18:56<7:52:52,  8.34s/it] 14%|█▎        | 540/3936 [18:57<5:54:28,  6.26s/it] 14%|█▍        | 544/3936 [18:58<4:22:40,  4.65s/it] 14%|█▍        | 550/3936 [18:58<2:48:44,  2.99s/it] 14%|█▍        | 551/3936 [19:00<2:45:11,  2.93s/it] 14%|█▍        | 555/3936 [19:02<2:01:27,  2.16s/it] 14%|█▍        | 557/3936 [20:54<11:11:07, 11.92s/it] 14%|█▍        | 563/3936 [22:31<12:58:24, 13.85s/it] 14%|█▍        | 566/3936 [22:36<10:10:56, 10.88s/it] 15%|█▍        | 581/3936 [22:38<3:51:08,  4.13s/it]  15%|█▍        | 582/3936 [26:43<16:31:18, 17.73s/it] 15%|█▌        | 603/3936 [26:50<6:16:37,  6.78s/it]  16%|█▌        | 613/3936 [26:52<4:27:10,  4.82s/it] 16%|█▌        | 621/3936 [26:53<3:19:44,  3.62s/it] 16%|█▌        | 624/3936 [26:54<2:57:02,  3.21s/it] 16%|█▌        | 630/3936 [26:54<2:13:06,  2.42s/it] 16%|█▋        | 640/3936 [26:55<1:23:24,  1.52s/it] 16%|█▋        | 645/3936 [26:56<1:09:06,  1.26s/it] 16%|█▋        | 648/3936 [27:00<1:07:53,  1.24s/it] 17%|█▋        | 654/3936 [29:00<6:24:11,  7.02s/it] 17%|█▋        | 655/3936 [29:03<6:07:18,  6.72s/it] 17%|█▋        | 676/3936 [29:35<2:55:24,  3.23s/it] 17%|█▋        | 687/3936 [29:36<1:59:12,  2.20s/it] 18%|█▊        | 702/3936 [31:29<3:51:13,  4.29s/it] 18%|█▊        | 708/3936 [33:30<6:28:18,  7.22s/it] 18%|█▊        | 711/3936 [33:32<5:46:03,  6.44s/it] 18%|█▊        | 714/3936 [33:35<5:04:16,  5.67s/it] 18%|█▊        | 717/3936 [33:41<4:30:35,  5.04s/it] 18%|█▊        | 718/3936 [33:43<4:18:31,  4.82s/it] 19%|█▊        | 734/3936 [33:44<1:38:44,  1.85s/it] 19%|█▊        | 736/3936 [33:47<1:35:37,  1.79s/it] 19%|█▉        | 746/3936 [33:52<1:06:59,  1.26s/it] 19%|█▉        | 749/3936 [35:49<6:12:16,  7.01s/it] 19%|█▉        | 752/3936 [35:50<5:09:02,  5.82s/it] 19%|█▉        | 754/3936 [35:53<4:35:42,  5.20s/it] 19%|█▉        | 765/3936 [35:58<2:19:58,  2.65s/it] 19%|█▉        | 767/3936 [36:03<2:19:47,  2.65s/it] 20%|█▉        | 769/3936 [36:05<2:07:00,  2.41s/it] 20%|█▉        | 776/3936 [36:08<1:20:05,  1.52s/it] 20%|█▉        | 783/3936 [36:10<57:10,  1.09s/it]   20%|█▉        | 786/3936 [36:12<2:25:07,  2.76s/it]
https://www.feierwerk.de/konzert-kulturprogramm/detail/2024-08-18-
|Exceeded 30 redirects.                                                            |
https://www.eventbrite.com/e/starducks-improtheater-show-tickets-1009211327247?aff=oddtdtcreator
https://backstage.eu/the-analogues-light-live-aus-der-ukraine.html
https://backstage.eu/kings-of-floyd-eclipse-tour.html
https://bit.ly/fuzzmuc
|time data 'January 17, 2025 - 20:00' does not match format '%d. %B %Y - %H:%M'    |
https://backstage.eu/biergarten-geschlossen-05-08-24.html
https://backstage.eu/bud-spencer-heartchor-34-jahre-backstage.html
https://loveyourartist.com/profiles/heppel-and-ettlich-BMBZJE/events/weil-giraffe-alles-sieht-munchen-I4HLVZ
|time data 'May 18, 2025 - 11:00' does not match format '%d. %B %Y - %H:%M'        |
https://backstage.eu/wired-kimchi-free-easy-2024.html
https://backstage.eu/fritz-kola-kart-n-kola-vol-2-live.html
https://backstage.eu/kinoi-thnitoi-live-in-munchen.html
https://www.feierwerk.de/konzert-kulturprogramm/detail/2024-08-02-vernissage
|Exceeded 30 redirects.                                                            |
https://backstage.eu/kapotaki-stadltort-o-ur.html
https://backstage.eu/mamma-mia-party-mit-sing-konzert-20-06-25.html
https://backstage.eu/emergenza-bayern-third-round-08-02-25.html
https://letheatredelescapade.wordpress.com/a-laffiche-4/
https://www.feierwerk.de/konzert-kulturprogramm/detail/2024-08-17-
|('Connection aborted.', RemoteDisconnected('Remote end closed connection without r|
https://www.feierwerk.de/konzert-kulturprogramm/detail/2024-08-09-
|('Connection aborted.', RemoteDisconnected('Remote end closed connection without r|
https://www.feierwerk.de/konzert-kulturprogramm/detail/2024-08-03-
|Exceeded 30 redirects.                                                            |
https://www.feierwerk.de/konzert-kulturprogramm/detail/2024-09-28-munich-hardcore-festival-2024
|('Connection aborted.', RemoteDisconnected('Remote end closed connection without r|
https://www.feierwerk.de/konzert-kulturprogramm/detail/2024-09-13-vernissage
|('Connection aborted.', RemoteDisconnected('Remote end closed connection without r|
https://backstage.eu/heavy-metal-barpiano-free-easy-2024.html
https://import-export.cc/event/sahiya-canda-kurd-kurdisches-kulturfest/
https://www.feierwerk.de/konzert-kulturprogramm/detail/2024-09-14--3
|Exceeded 30 redirects.                                                            |
https://www.feierwerk.de/konzert-kulturprogramm/detail/2024-07-27-finissage
|Exceeded 30 redirects.                                                            |
https://www.feierwerk.de/konzert-kulturprogramm/detail/2024-08-11-
|Exceeded 30 redirects.                                                            |
https://heppel-ettlich.de/jjb.html
https://heppel-ettlich.de/openstage.html
https://www.feierwerk.de/konzert-kulturprogramm/detail/2024-07-27--2
|Exceeded 30 redirects.                                                            |
https://www.feierwerk.de/konzert-kulturprogramm/detail/2024-09-21--1
|('Connection aborted.', RemoteDisconnected('Remote end closed connection without r|
https://backstage.eu/erik-und-otto-wirtshaus-musi-free-easy-2025.html
https://eventfrog.de/de/p/theater-buehne/comedy-kabarett/benefiz-zauberei-fuer-positivarbeiten-deutsche-aidshilfe-7268932588730834862.html
https://backstage.eu/growl-bowl-festival-2025.html
https://backstage.eu/the-legendary-pinkdots-live-2025.html
https://heppel-ettlich.de/openstage.html
https://www.feierwerk.de/konzert-kulturprogramm/detail/2024-10-20-
|Exceeded 30 redirects.                                                            |
https://backstage.eu/metal-yoga-24-07-25-free-easy-2025.html
https://www.feierwerk.de/konzert-kulturprogramm/detail/2024-09-07-
|('Connection aborted.', RemoteDisconnected('Remote end closed connection without r|
https://www.feierwerk.de/konzert-kulturprogramm/detail/2024-08-16-
|Exceeded 30 redirects.                                                            |
https://www.feierwerk.de/konzert-kulturprogramm/detail/2024-11-24-
|Exceeded 30 redirects.                                                            |
https://backstage.eu/free-and-easy-2025-opening-24-07-25.html
https://www.feierwerk.de/konzert-kulturprogramm/detail/2024-11-13-kinder-und-jugendversammlung-sendling-westpark
|Exceeded 30 redirects.                                                            |
https://www.82berlinstandup.com/sovlar/irem-ekin-munih
https://backstage.eu/mr-takeshi-s-rock-n-roll-circus.html
  0%|          | 0/3936 [00:00<?, ?it/s]  2%|▏         | 98/3936 [00:01<01:03, 60.45it/s]  3%|▎         | 105/3936 [00:03<02:31, 25.23it/s]  3%|▎         | 108/3936 [00:04<03:08, 20.34it/s]  3%|▎         | 110/3936 [00:05<05:06, 12.49it/s]  3%|▎         | 112/3936 [00:06<06:12, 10.25it/s]  4%|▍         | 164/3936 [00:07<02:56, 21.42it/s]  6%|▌         | 222/3936 [00:08<01:48, 34.35it/s] 10%|▉         | 393/3936 [00:14<01:54, 31.00it/s] 16%|█▌        | 630/3936 [00:14<00:50, 66.02it/s] 17%|█▋        | 674/3936 [00:16<01:02, 52.49it/s] 20%|██        | 800/3936 [00:17<00:45, 68.57it/s] 21%|██▏       | 841/3936 [00:18<00:45, 67.31it/s] 25%|██▌       | 998/3936 [00:18<00:28, 101.55it/s] 28%|██▊       | 1091/3936 [00:19<00:25, 111.74it/s] 29%|██▉       | 1151/3936 [00:19<00:26, 105.09it/s] 32%|███▏      | 1278/3936 [00:20<00:19, 134.57it/s] 33%|███▎      | 1296/3936 [00:20<00:23, 113.59it/s] 35%|███▌      | 1387/3936 [00:21<00:19, 130.99it/s] 36%|███▋      | 1429/3936 [00:22<00:22, 109.36it/s] 37%|███▋      | 1463/3936 [00:22<00:24, 99.17it/s]  38%|███▊      | 1486/3936 [00:23<00:28, 85.41it/s] 40%|███▉      | 1568/3936 [00:23<00:23, 98.68it/s] 40%|████      | 1578/3936 [00:24<00:38, 60.65it/s] 41%|████▏     | 1631/3936 [00:25<00:32, 71.39it/s] 44%|████▍     | 1724/3936 [00:25<00:22, 100.04it/s] 46%|████▌     | 1808/3936 [00:26<00:22, 96.17it/s]  49%|████▉     | 1942/3936 [00:27<00:16, 118.54it/s] 52%|█████▏    | 2049/3936 [00:28<00:15, 125.25it/s] 55%|█████▌    | 2173/3936 [00:29<00:13, 127.93it/s] 57%|█████▋    | 2248/3936 [00:29<00:12, 131.40it/s] 59%|█████▊    | 2307/3936 [00:30<00:14, 115.38it/s] 62%|██████▏   | 2430/3936 [00:31<00:12, 120.28it/s] 66%|██████▌   | 2586/3936 [00:32<00:10, 132.67it/s] 66%|██████▌   | 2605/3936 [00:33<00:12, 106.49it/s] 67%|██████▋   | 2650/3936 [00:34<00:15, 83.36it/s]  69%|██████▉   | 2735/3936 [00:34<00:12, 93.66it/s] 70%|██████▉   | 2745/3936 [00:35<00:15, 74.93it/s] 71%|███████   | 2787/3936 [00:36<00:20, 55.66it/s] 74%|███████▍  | 2912/3936 [00:38<00:14, 68.29it/s] 76%|███████▌  | 2994/3936 [00:38<00:12, 78.07it/s] 77%|███████▋  | 3013/3936 [00:39<00:13, 70.88it/s] 77%|███████▋  | 3020/3936 [00:40<00:16, 55.70it/s] 77%|███████▋  | 3026/3936 [00:40<00:22, 40.71it/s] 82%|████████▏ | 3240/3936 [00:41<00:05, 121.18it/s] 84%|████████▍ | 3302/3936 [00:42<00:05, 120.56it/s] 87%|████████▋ | 3418/3936 [00:42<00:03, 146.39it/s] 92%|█████████▏| 3621/3936 [00:43<00:01, 210.91it/s] 95%|█████████▍| 3734/3936 [00:43<00:01, 190.24it/s] 97%|█████████▋| 3812/3936 [00:45<00:00, 133.72it/s]100%|██████████| 3936/3936 [00:45<00:00, 87.44it/s] 
  0%|          | 0/3936 [00:00<?, ?it/s]  0%|          | 11/3936 [00:01<07:17,  8.97it/s]  5%|▌         | 204/3936 [00:01<00:28, 131.99it/s] 17%|█▋        | 659/3936 [00:02<00:08, 388.35it/s] 19%|█▉        | 744/3936 [00:02<00:10, 314.54it/s] 20%|█▉        | 783/3936 [00:04<00:24, 129.73it/s] 25%|██▌       | 989/3936 [00:05<00:15, 185.61it/s] 34%|███▍      | 1353/3936 [00:05<00:08, 307.49it/s] 36%|███▌      | 1400/3936 [00:09<00:27, 93.05it/s]  36%|███▋      | 1433/3936 [00:11<00:34, 72.23it/s] 37%|███▋      | 1459/3936 [00:11<00:35, 70.63it/s] 38%|███▊      | 1477/3936 [00:14<01:01, 39.87it/s] 38%|███▊      | 1496/3936 [00:15<01:01, 39.48it/s] 40%|████      | 1583/3936 [00:15<00:40, 57.64it/s] 41%|████      | 1612/3936 [00:16<00:45, 50.91it/s] 45%|████▌     | 1775/3936 [00:17<00:22, 96.95it/s] 49%|████▉     | 1929/3936 [00:17<00:14, 139.82it/s] 52%|█████▏    | 2043/3936 [00:19<00:19, 95.84it/s]  61%|██████    | 2398/3936 [00:20<00:07, 194.72it/s] 65%|██████▍   | 2549/3936 [00:20<00:06, 215.90it/s] 66%|██████▌   | 2602/3936 [00:21<00:08, 164.63it/s] 67%|██████▋   | 2651/3936 [00:22<00:11, 111.23it/s] 74%|███████▍  | 2909/3936 [00:23<00:05, 184.34it/s] 76%|███████▌  | 2990/3936 [00:23<00:05, 181.29it/s] 78%|███████▊  | 3086/3936 [00:24<00:05, 162.04it/s] 81%|████████  | 3193/3936 [00:25<00:04, 176.03it/s] 90%|█████████ | 3554/3936 [00:25<00:01, 279.80it/s] 95%|█████████▍| 3736/3936 [00:26<00:00, 267.77it/s]100%|██████████| 3936/3936 [00:26<00:00, 147.84it/s]
  0%|          | 0/3936 [00:00<?, ?it/s] 12%|█▏        | 456/3936 [00:00<00:00, 4556.56it/s] 44%|████▍     | 1751/3936 [00:00<00:00, 9472.77it/s] 73%|███████▎  | 2865/3936 [00:00<00:00, 10230.05it/s] 99%|█████████▉| 3888/3936 [00:00<00:00, 9953.67it/s] 100%|██████████| 3936/3936 [00:00<00:00, 9611.11it/s]
|Feierwerk | MusikFrosch_MUC updated                 | rm:    0|add:    0|sta: DONE|
The MusikFrosch is saying that some legends will be hitting the feierwerk stage next year!  Last update:                                        2025/08/05, 22:41:27
|M<3 | MusikFrosch_MUC updated                       | rm:    0|add:    0|sta: DONE|
Who's rocking the stage next at Milla Club?  Last update:                                        2025/08/05, 22:41:41
Traceback (most recent call last):
  File "/home/a163/anaconda3/envs/musikfrosch/lib/python3.11/site-packages/urllib3/response.py", line 444, in _error_catcher
    yield
  File "/home/a163/anaconda3/envs/musikfrosch/lib/python3.11/site-packages/urllib3/response.py", line 831, in read_chunked
    chunk = self._handle_chunk(amt)
            ^^^^^^^^^^^^^^^^^^^^^^^
  File "/home/a163/anaconda3/envs/musikfrosch/lib/python3.11/site-packages/urllib3/response.py", line 775, in _handle_chunk
    value = self._fp._safe_read(amt)
            ^^^^^^^^^^^^^^^^^^^^^^^^
  File "/home/a163/anaconda3/envs/musikfrosch/lib/python3.11/http/client.py", line 631, in _safe_read
    data = self.fp.read(amt)
           ^^^^^^^^^^^^^^^^^
  File "/home/a163/anaconda3/envs/musikfrosch/lib/python3.11/socket.py", line 706, in readinto
    return self._sock.recv_into(b)
           ^^^^^^^^^^^^^^^^^^^^^^^
  File "/home/a163/anaconda3/envs/musikfrosch/lib/python3.11/ssl.py", line 1311, in recv_into
    return self.read(nbytes, buffer)
           ^^^^^^^^^^^^^^^^^^^^^^^^^
  File "/home/a163/anaconda3/envs/musikfrosch/lib/python3.11/ssl.py", line 1167, in read
    return self._sslobj.read(len, buffer)
           ^^^^^^^^^^^^^^^^^^^^^^^^^^^^^^
TimeoutError: The read operation timed out

During handling of the above exception, another exception occurred:

Traceback (most recent call last):
  File "/home/a163/anaconda3/envs/musikfrosch/lib/python3.11/site-packages/requests/models.py", line 816, in generate
    yield from self.raw.stream(chunk_size, decode_content=True)
  File "/home/a163/anaconda3/envs/musikfrosch/lib/python3.11/site-packages/urllib3/response.py", line 624, in stream
    for line in self.read_chunked(amt, decode_content=decode_content):
  File "/home/a163/anaconda3/envs/musikfrosch/lib/python3.11/site-packages/urllib3/response.py", line 816, in read_chunked
    with self._error_catcher():
  File "/home/a163/anaconda3/envs/musikfrosch/lib/python3.11/contextlib.py", line 155, in __exit__
    self.gen.throw(typ, value, traceback)
  File "/home/a163/anaconda3/envs/musikfrosch/lib/python3.11/site-packages/urllib3/response.py", line 449, in _error_catcher
    raise ReadTimeoutError(self._pool, None, "Read timed out.")
urllib3.exceptions.ReadTimeoutError: HTTPSConnectionPool(host='api.spotify.com', port=443): Read timed out.

During handling of the above exception, another exception occurred:

Traceback (most recent call last):
  File "/home/a163/GitRepo/musikfrosch_mc/_main_.py", line 133, in <module>
    pm.update_playlist(SP_a163, row_list)
  File "/home/a163/GitRepo/musikfrosch_mc/playlist_manager.py", line 51, in update_playlist
    currentplaylist = getPlaylistTracks(SPOT, row_['PlaylistID'])
                      ^^^^^^^^^^^^^^^^^^^^^^^^^^^^^^^^^^^^^^^^^^^
  File "/home/a163/GitRepo/musikfrosch_mc/playlist_manager.py", line 26, in getPlaylistTracks
    results = SPOT.sp.next(results)
              ^^^^^^^^^^^^^^^^^^^^^
  File "/home/a163/anaconda3/envs/musikfrosch/lib/python3.11/site-packages/spotipy/client.py", line 347, in next
    return self._get(result["next"])
           ^^^^^^^^^^^^^^^^^^^^^^^^^
  File "/home/a163/anaconda3/envs/musikfrosch/lib/python3.11/site-packages/spotipy/client.py", line 323, in _get
    return self._internal_call("GET", url, payload, kwargs)
           ^^^^^^^^^^^^^^^^^^^^^^^^^^^^^^^^^^^^^^^^^^^^^^^^
  File "/home/a163/anaconda3/envs/musikfrosch/lib/python3.11/site-packages/spotipy/client.py", line 266, in _internal_call
    response = self._session.request(
               ^^^^^^^^^^^^^^^^^^^^^^
  File "/home/a163/anaconda3/envs/musikfrosch/lib/python3.11/site-packages/requests/sessions.py", line 589, in request
    resp = self.send(prep, **send_kwargs)
           ^^^^^^^^^^^^^^^^^^^^^^^^^^^^^^
  File "/home/a163/anaconda3/envs/musikfrosch/lib/python3.11/site-packages/requests/sessions.py", line 747, in send
    r.content
  File "/home/a163/anaconda3/envs/musikfrosch/lib/python3.11/site-packages/requests/models.py", line 899, in content
    self._content = b"".join(self.iter_content(CONTENT_CHUNK_SIZE)) or b""
                    ^^^^^^^^^^^^^^^^^^^^^^^^^^^^^^^^^^^^^^^^^^^^^^^
  File "/home/a163/anaconda3/envs/musikfrosch/lib/python3.11/site-packages/requests/models.py", line 822, in generate
    raise ConnectionError(e)
requests.exceptions.ConnectionError: HTTPSConnectionPool(host='api.spotify.com', port=443): Read timed out.
|CREATE_Log                                                         250805-22_42_02|
|Work directory: /home/a163/GitRepo/musikfrosch_mc                                 |
|Running script: theatron_functions.py                                             |
  0%|          | 0/108 [00:00<?, ?it/s]100%|██████████| 108/108 [00:00<00:00, 136113.23it/s]
  0%|          | 0/108 [00:00<?, ?it/s] 99%|█████████▉| 107/108 [00:01<00:00, 72.93it/s]100%|██████████| 108/108 [00:01<00:00, 73.58it/s]
  0%|          | 0/108 [00:00<?, ?it/s]100%|██████████| 108/108 [00:00<00:00, 15554.20it/s]
|Theatron MusikSommer 25 | MusikFrosch_MUC updated   | rm:    0|add:    0|sta: DONE|
The whole line-up of SommerFest 2025 - Theatron!   Last update:                                        2025/08/05, 22:42:48
