  ███╗   ███╗██╗   ██╗███████╗██╗ ██████╗███████╗██████╗  ██████╗ ███████╗ ██████╗██╗  ██╗███╗   ███╗ ██████╗
  ████╗ ████║██║   ██║██╔════╝██║██╔════╝██╔════╝██╔══██╗██╔═══██╗██╔════╝██╔════╝██║  ██║████╗ ████║██╔════╝
  ██╔████╔██║██║   ██║███████╗██║██║     █████╗  ██████╔╝██║   ██║███████╗██║     ███████║██╔████╔██║██║     
  ██║╚██╔╝██║██║   ██║╚════██║██║██║     ██╔══╝  ██╔══██╗██║   ██║╚════██║██║     ██╔══██║██║╚██╔╝██║██║     
  ██║ ╚═╝ ██║╚██████╔╝███████║██║╚██████╗██║     ██║  ██║╚██████╔╝███████║╚██████╗██║  ██║██║ ╚═╝ ██║╚██████╗
  ╚═╝     ╚═╝ ╚═════╝ ╚══════╝╚═╝ ╚═════╝╚═╝     ╚═╝  ╚═╝ ╚═════╝ ╚══════╝ ╚═════╝╚═╝  ╚═╝╚═╝     ╚═╝ ╚═════╝
Current date and time: Di 3. Sep 17:24:47 CEST 2024
Current folder: /

|CREATE_Log                                                         240903-17_25_02|
|Work directory: /home/a163/GitRepo/musikfrosch_mc                                 |
|Running script: _main_.py                                                         |
|Spotify token                                                 |nam:Musik|typ: user|
  0%|          | 0/7 [00:00<?, ?it/s] 14%|█▍        | 1/7 [00:01<00:07,  1.23s/it] 29%|██▊       | 2/7 [00:01<00:04,  1.12it/s] 43%|████▎     | 3/7 [00:03<00:04,  1.21s/it] 57%|█████▋    | 4/7 [00:05<00:04,  1.41s/it] 71%|███████▏  | 5/7 [00:08<00:04,  2.25s/it] 86%|████████▌ | 6/7 [00:10<00:02,  2.18s/it]100%|██████████| 7/7 [00:52<00:00, 14.99s/it]100%|██████████| 7/7 [00:52<00:00,  7.48s/it]
  0%|          | 0/1251 [00:00<?, ?it/s]  0%|          | 1/1251 [00:00<13:30,  1.54it/s]  1%|          | 10/1251 [00:01<01:52, 11.08it/s]  1%|          | 15/1251 [00:02<03:24,  6.04it/s]  2%|▏         | 26/1251 [00:04<03:36,  5.66it/s]  2%|▏         | 27/1251 [00:07<07:01,  2.90it/s]  2%|▏         | 31/1251 [00:09<08:06,  2.51it/s]  3%|▎         | 33/1251 [00:10<09:23,  2.16it/s]  3%|▎         | 38/1251 [00:13<09:34,  2.11it/s]  4%|▍         | 50/1251 [00:13<04:40,  4.28it/s]  4%|▍         | 53/1251 [00:15<05:47,  3.44it/s]  6%|▌         | 71/1251 [00:17<03:56,  4.99it/s]  6%|▌         | 74/1251 [00:18<03:55,  5.00it/s]  6%|▌         | 78/1251 [00:18<03:33,  5.49it/s]  6%|▋         | 79/1251 [00:19<04:05,  4.77it/s]  8%|▊         | 98/1251 [00:20<01:53, 10.20it/s]  8%|▊         | 101/1251 [00:22<03:30,  5.46it/s]  8%|▊         | 104/1251 [00:23<03:32,  5.41it/s]  9%|▉         | 113/1251 [00:23<02:33,  7.40it/s]  9%|▉         | 115/1251 [00:24<03:38,  5.19it/s]  9%|▉         | 116/1251 [00:26<06:02,  3.13it/s] 10%|▉         | 119/1251 [00:27<05:28,  3.45it/s] 10%|▉         | 120/1251 [00:28<05:56,  3.17it/s] 10%|▉         | 122/1251 [00:29<07:53,  2.38it/s] 10%|▉         | 123/1251 [00:30<08:14,  2.28it/s] 10%|▉         | 125/1251 [00:32<11:25,  1.64it/s] 10%|█         | 129/1251 [00:34<11:47,  1.59it/s] 11%|█         | 138/1251 [00:36<06:32,  2.84it/s] 11%|█         | 139/1251 [00:38<09:11,  2.02it/s] 12%|█▏        | 152/1251 [00:40<05:12,  3.52it/s] 13%|█▎        | 161/1251 [00:41<04:26,  4.10it/s] 13%|█▎        | 162/1251 [00:44<06:54,  2.63it/s] 14%|█▍        | 181/1251 [00:45<03:00,  5.91it/s] 15%|█▍        | 183/1251 [00:47<04:14,  4.19it/s] 15%|█▍        | 186/1251 [00:48<05:09,  3.44it/s] 16%|█▌        | 195/1251 [00:49<03:31,  5.00it/s] 16%|█▌        | 198/1251 [00:50<04:13,  4.16it/s] 16%|█▌        | 200/1251 [00:51<04:21,  4.01it/s] 16%|█▌        | 202/1251 [00:54<07:36,  2.30it/s] 16%|█▋        | 206/1251 [00:56<08:03,  2.16it/s] 17%|█▋        | 207/1251 [00:56<08:16,  2.10it/s] 17%|█▋        | 218/1251 [00:57<03:42,  4.65it/s] 18%|█▊        | 221/1251 [00:58<03:34,  4.79it/s] 18%|█▊        | 229/1251 [01:00<04:35,  3.72it/s] 19%|█▉        | 236/1251 [01:02<04:15,  3.97it/s] 20%|█▉        | 244/1251 [01:04<03:59,  4.21it/s] 20%|██        | 252/1251 [01:04<03:01,  5.50it/s] 21%|██        | 257/1251 [01:07<04:31,  3.66it/s] 21%|██        | 264/1251 [01:09<04:27,  3.70it/s] 22%|██▏       | 269/1251 [01:09<03:46,  4.33it/s] 23%|██▎       | 285/1251 [01:11<02:37,  6.12it/s] 23%|██▎       | 287/1251 [01:12<03:03,  5.25it/s] 23%|██▎       | 289/1251 [01:14<04:23,  3.65it/s] 23%|██▎       | 291/1251 [01:16<06:09,  2.59it/s] 23%|██▎       | 292/1251 [01:17<06:39,  2.40it/s] 24%|██▍       | 299/1251 [01:17<04:08,  3.83it/s] 24%|██▍       | 300/1251 [01:18<04:36,  3.43it/s] 24%|██▍       | 304/1251 [01:20<05:54,  2.67it/s] 25%|██▌       | 317/1251 [01:21<02:41,  5.79it/s] 25%|██▌       | 318/1251 [01:21<03:02,  5.12it/s] 26%|██▌       | 325/1251 [01:23<03:08,  4.90it/s] 26%|██▌       | 326/1251 [01:23<03:34,  4.31it/s] 26%|██▋       | 329/1251 [01:26<05:35,  2.75it/s] 27%|██▋       | 334/1251 [01:28<05:40,  2.69it/s] 27%|██▋       | 343/1251 [01:30<04:56,  3.07it/s] 27%|██▋       | 344/1251 [01:32<06:25,  2.35it/s] 28%|██▊       | 347/1251 [01:34<06:55,  2.18it/s] 28%|██▊       | 348/1251 [01:37<10:37,  1.42it/s] 28%|██▊       | 351/1251 [01:37<08:18,  1.81it/s] 29%|██▊       | 358/1251 [01:38<04:44,  3.14it/s] 29%|██▉       | 361/1251 [01:38<04:05,  3.63it/s] 29%|██▉       | 368/1251 [01:39<02:50,  5.19it/s] 30%|██▉       | 373/1251 [01:41<04:23,  3.33it/s] 30%|██▉       | 374/1251 [01:43<06:24,  2.28it/s] 30%|███       | 377/1251 [01:44<05:23,  2.70it/s] 31%|███       | 387/1251 [01:45<03:07,  4.60it/s] 32%|███▏      | 405/1251 [01:46<01:33,  9.04it/s] 34%|███▍      | 424/1251 [01:46<01:01, 13.39it/s] 34%|███▍      | 426/1251 [01:49<02:06,  6.53it/s] 35%|███▍      | 437/1251 [01:51<02:10,  6.23it/s] 35%|███▌      | 444/1251 [01:53<02:42,  4.96it/s] 36%|███▌      | 448/1251 [01:55<03:21,  3.98it/s] 36%|███▋      | 456/1251 [01:56<02:34,  5.16it/s] 37%|███▋      | 460/1251 [01:57<03:14,  4.06it/s] 38%|███▊      | 472/1251 [01:59<02:32,  5.11it/s] 38%|███▊      | 475/1251 [02:01<03:03,  4.23it/s] 38%|███▊      | 476/1251 [02:01<03:22,  3.83it/s] 39%|███▊      | 484/1251 [02:02<02:14,  5.69it/s] 39%|███▉      | 485/1251 [02:03<03:38,  3.51it/s] 39%|███▉      | 486/1251 [02:05<05:32,  2.30it/s] 39%|███▉      | 492/1251 [02:07<04:34,  2.76it/s] 40%|███▉      | 495/1251 [02:12<08:29,  1.48it/s] 40%|███▉      | 497/1251 [02:13<07:58,  1.58it/s] 40%|███▉      | 499/1251 [02:15<09:20,  1.34it/s] 40%|████      | 501/1251 [02:16<08:01,  1.56it/s] 40%|████      | 504/1251 [02:18<07:46,  1.60it/s] 40%|████      | 506/1251 [02:18<06:33,  1.89it/s] 41%|████      | 511/1251 [02:20<05:25,  2.27it/s] 41%|████      | 513/1251 [02:20<04:57,  2.48it/s] 41%|████▏     | 517/1251 [02:21<03:43,  3.29it/s] 41%|████▏     | 518/1251 [02:23<05:51,  2.09it/s] 42%|████▏     | 520/1251 [02:24<07:02,  1.73it/s] 42%|████▏     | 529/1251 [02:26<04:15,  2.82it/s] 42%|████▏     | 531/1251 [02:28<05:39,  2.12it/s] 43%|████▎     | 534/1251 [02:31<06:33,  1.82it/s] 43%|████▎     | 535/1251 [02:31<06:32,  1.83it/s] 43%|████▎     | 536/1251 [02:32<06:17,  1.89it/s] 43%|████▎     | 540/1251 [02:32<04:12,  2.82it/s] 45%|████▍     | 558/1251 [02:33<01:19,  8.66it/s] 45%|████▌     | 566/1251 [02:34<01:38,  6.95it/s] 45%|████▌     | 568/1251 [02:35<01:47,  6.38it/s] 46%|████▌     | 570/1251 [02:36<01:58,  5.75it/s] 46%|████▌     | 572/1251 [02:37<03:17,  3.44it/s] 46%|████▌     | 573/1251 [02:38<03:32,  3.19it/s] 46%|████▌     | 574/1251 [02:38<03:51,  2.93it/s] 47%|████▋     | 583/1251 [02:40<03:03,  3.63it/s]
  0%|          | 0/1251 [00:00<?, ?it/s]Max Retries reached
  3%|▎         | 40/1251 [00:02<01:05, 18.60it/s]
Traceback (most recent call last):
  File "/home/a163/anaconda3/envs/musikfrosch/lib/python3.11/site-packages/requests/adapters.py", line 486, in send
    resp = conn.urlopen(
           ^^^^^^^^^^^^^
  File "/home/a163/anaconda3/envs/musikfrosch/lib/python3.11/site-packages/urllib3/connectionpool.py", line 889, in urlopen
    return self.urlopen(
           ^^^^^^^^^^^^^
  File "/home/a163/anaconda3/envs/musikfrosch/lib/python3.11/site-packages/urllib3/connectionpool.py", line 889, in urlopen
    return self.urlopen(
           ^^^^^^^^^^^^^
  File "/home/a163/anaconda3/envs/musikfrosch/lib/python3.11/site-packages/urllib3/connectionpool.py", line 889, in urlopen
    return self.urlopen(
           ^^^^^^^^^^^^^
  File "/home/a163/anaconda3/envs/musikfrosch/lib/python3.11/site-packages/urllib3/connectionpool.py", line 879, in urlopen
    retries = retries.increment(method, url, response=response, _pool=self)
              ^^^^^^^^^^^^^^^^^^^^^^^^^^^^^^^^^^^^^^^^^^^^^^^^^^^^^^^^^^^^^
  File "/home/a163/anaconda3/envs/musikfrosch/lib/python3.11/site-packages/urllib3/util/retry.py", line 592, in increment
    raise MaxRetryError(_pool, url, error or ResponseError(cause))
urllib3.exceptions.MaxRetryError: HTTPSConnectionPool(host='api.spotify.com', port=443): Max retries exceeded with url: /v1/search?q=artist%3Ascusi%21+megadisco&limit=1&offset=0&type=artist&market=DE (Caused by ResponseError('too many 502 error responses'))

During handling of the above exception, another exception occurred:

Traceback (most recent call last):
  File "/home/a163/anaconda3/envs/musikfrosch/lib/python3.11/site-packages/spotipy/client.py", line 266, in _internal_call
    response = self._session.request(
               ^^^^^^^^^^^^^^^^^^^^^^
  File "/home/a163/anaconda3/envs/musikfrosch/lib/python3.11/site-packages/requests/sessions.py", line 589, in request
    resp = self.send(prep, **send_kwargs)
           ^^^^^^^^^^^^^^^^^^^^^^^^^^^^^^
  File "/home/a163/anaconda3/envs/musikfrosch/lib/python3.11/site-packages/requests/sessions.py", line 703, in send
    r = adapter.send(request, **kwargs)
        ^^^^^^^^^^^^^^^^^^^^^^^^^^^^^^^
  File "/home/a163/anaconda3/envs/musikfrosch/lib/python3.11/site-packages/requests/adapters.py", line 510, in send
    raise RetryError(e, request=request)
requests.exceptions.RetryError: HTTPSConnectionPool(host='api.spotify.com', port=443): Max retries exceeded with url: /v1/search?q=artist%3Ascusi%21+megadisco&limit=1&offset=0&type=artist&market=DE (Caused by ResponseError('too many 502 error responses'))

During handling of the above exception, another exception occurred:

Traceback (most recent call last):
  File "/home/a163/GitRepo/musikfrosch_mc/_main_.py", line 61, in <module>
    cd.addArtist('FroschData_02', 'FroschData_03')
  File "/home/a163/GitRepo/musikfrosch_mc/class_dictionary.py", line 196, in addArtist
    search_response = SP_a163.sp.search(q=f"artist:{artist}", limit=1, type='artist', market='DE')
                      ^^^^^^^^^^^^^^^^^^^^^^^^^^^^^^^^^^^^^^^^^^^^^^^^^^^^^^^^^^^^^^^^^^^^^^^^^^^^
  File "/home/a163/anaconda3/envs/musikfrosch/lib/python3.11/site-packages/spotipy/client.py", line 587, in search
    return self._get(
           ^^^^^^^^^^
  File "/home/a163/anaconda3/envs/musikfrosch/lib/python3.11/site-packages/spotipy/client.py", line 323, in _get
    return self._internal_call("GET", url, payload, kwargs)
           ^^^^^^^^^^^^^^^^^^^^^^^^^^^^^^^^^^^^^^^^^^^^^^^^
  File "/home/a163/anaconda3/envs/musikfrosch/lib/python3.11/site-packages/spotipy/client.py", line 307, in _internal_call
    raise SpotifyException(
spotipy.exceptions.SpotifyException: http status: 429, code:-1 - /v1/search?q=artist%3Ascusi%21+megadisco&limit=1&offset=0&type=artist&market=DE:
 Max Retries, reason: too many 502 error responses
