  ███╗   ███╗██╗   ██╗███████╗██╗ ██████╗███████╗██████╗  ██████╗ ███████╗ ██████╗██╗  ██╗███╗   ███╗ ██████╗
  ████╗ ████║██║   ██║██╔════╝██║██╔════╝██╔════╝██╔══██╗██╔═══██╗██╔════╝██╔════╝██║  ██║████╗ ████║██╔════╝
  ██╔████╔██║██║   ██║███████╗██║██║     █████╗  ██████╔╝██║   ██║███████╗██║     ███████║██╔████╔██║██║     
  ██║╚██╔╝██║██║   ██║╚════██║██║██║     ██╔══╝  ██╔══██╗██║   ██║╚════██║██║     ██╔══██║██║╚██╔╝██║██║     
  ██║ ╚═╝ ██║╚██████╔╝███████║██║╚██████╗██║     ██║  ██║╚██████╔╝███████║╚██████╗██║  ██║██║ ╚═╝ ██║╚██████╗
  ╚═╝     ╚═╝ ╚═════╝ ╚══════╝╚═╝ ╚═════╝╚═╝     ╚═╝  ╚═╝ ╚═════╝ ╚══════╝ ╚═════╝╚═╝  ╚═╝╚═╝     ╚═╝ ╚═════╝
Current date and time: Fr 2. Aug 12:02:59 CEST 2024
Current folder: /

|CREATE_Log                                                         240802-12_03_13|
|Work directory: /home/a163/GitRepo/musikfrosch_mc                                 |
|Running script: _main_.py                                                         |
|Spotify token                                                 |nam:Musik|typ: user|
  0%|          | 0/7 [00:00<?, ?it/s] 14%|█▍        | 1/7 [00:01<00:07,  1.20s/it] 29%|██▊       | 2/7 [00:01<00:04,  1.15it/s] 43%|████▎     | 3/7 [00:03<00:04,  1.09s/it] 57%|█████▋    | 4/7 [00:04<00:03,  1.30s/it] 71%|███████▏  | 5/7 [00:41<00:28, 14.04s/it] 86%|████████▌ | 6/7 [00:43<00:09,  9.86s/it]100%|██████████| 7/7 [01:22<00:00, 19.57s/it]100%|██████████| 7/7 [01:22<00:00, 11.82s/it]
  0%|          | 0/1086 [00:00<?, ?it/s]  1%|          | 9/1086 [00:00<01:15, 14.30it/s]  1%|          | 13/1086 [00:03<05:00,  3.57it/s]  2%|▏         | 18/1086 [00:03<03:49,  4.65it/s]  2%|▏         | 23/1086 [00:05<04:31,  3.91it/s]  2%|▏         | 24/1086 [00:08<09:06,  1.94it/s]  3%|▎         | 29/1086 [00:10<08:08,  2.16it/s]  3%|▎         | 35/1086 [00:11<06:54,  2.53it/s]  3%|▎         | 37/1086 [00:14<09:33,  1.83it/s]  3%|▎         | 38/1086 [00:15<09:36,  1.82it/s]  4%|▍         | 46/1086 [00:15<05:05,  3.40it/s]  5%|▍         | 54/1086 [00:16<03:24,  5.04it/s]  6%|▌         | 67/1086 [00:18<02:59,  5.68it/s]  6%|▋         | 68/1086 [00:19<04:05,  4.15it/s]  6%|▋         | 70/1086 [00:20<04:11,  4.03it/s]  9%|▊         | 94/1086 [00:21<01:31, 10.80it/s]  9%|▉         | 97/1086 [00:22<02:33,  6.45it/s] 10%|█         | 114/1086 [00:23<01:35, 10.21it/s] 11%|█         | 116/1086 [00:25<02:21,  6.84it/s] 11%|█         | 121/1086 [00:25<02:15,  7.10it/s] 11%|█▏        | 124/1086 [00:27<03:15,  4.93it/s] 12%|█▏        | 130/1086 [00:32<06:14,  2.55it/s] 12%|█▏        | 133/1086 [00:34<07:22,  2.15it/s] 13%|█▎        | 143/1086 [00:35<04:24,  3.56it/s] 13%|█▎        | 144/1086 [00:38<06:43,  2.33it/s] 14%|█▍        | 150/1086 [00:40<06:51,  2.27it/s] 14%|█▍        | 156/1086 [00:41<04:55,  3.15it/s] 15%|█▌        | 166/1086 [00:42<03:41,  4.16it/s] 15%|█▌        | 167/1086 [00:43<04:35,  3.33it/s] 16%|█▌        | 170/1086 [00:45<05:43,  2.67it/s] 17%|█▋        | 183/1086 [00:46<02:45,  5.45it/s] 17%|█▋        | 185/1086 [00:46<02:53,  5.20it/s] 17%|█▋        | 187/1086 [00:47<02:54,  5.16it/s] 18%|█▊        | 194/1086 [00:47<02:13,  6.68it/s] 18%|█▊        | 195/1086 [00:48<02:30,  5.93it/s] 18%|█▊        | 197/1086 [00:50<05:21,  2.77it/s] 19%|█▊        | 201/1086 [00:51<04:03,  3.63it/s] 19%|█▊        | 202/1086 [00:52<05:48,  2.53it/s] 20%|█▉        | 212/1086 [00:54<04:23,  3.32it/s] 21%|██        | 227/1086 [00:56<02:41,  5.31it/s] 22%|██▏       | 242/1086 [00:57<01:42,  8.21it/s] 23%|██▎       | 247/1086 [00:59<02:25,  5.76it/s] 23%|██▎       | 248/1086 [01:01<03:40,  3.79it/s] 23%|██▎       | 251/1086 [01:02<04:08,  3.36it/s] 23%|██▎       | 253/1086 [01:03<04:08,  3.36it/s] 23%|██▎       | 254/1086 [01:03<04:32,  3.06it/s] 24%|██▎       | 256/1086 [01:04<05:04,  2.73it/s] 24%|██▎       | 257/1086 [01:07<08:44,  1.58it/s] 24%|██▍       | 259/1086 [01:07<07:22,  1.87it/s] 24%|██▍       | 260/1086 [01:09<10:31,  1.31it/s] 24%|██▍       | 261/1086 [01:11<12:14,  1.12it/s] 25%|██▌       | 273/1086 [01:14<05:18,  2.55it/s] 26%|██▌       | 280/1086 [01:16<05:12,  2.58it/s] 26%|██▋       | 286/1086 [01:17<03:54,  3.42it/s] 27%|██▋       | 290/1086 [01:18<04:00,  3.31it/s] 28%|██▊       | 305/1086 [01:20<02:41,  4.83it/s] 29%|██▊       | 312/1086 [01:21<02:15,  5.72it/s] 29%|██▉       | 316/1086 [01:21<02:11,  5.86it/s] 29%|██▉       | 318/1086 [01:24<04:01,  3.18it/s] 30%|██▉       | 324/1086 [01:27<04:29,  2.83it/s] 30%|██▉       | 325/1086 [01:27<04:42,  2.69it/s] 30%|███       | 327/1086 [01:28<04:31,  2.80it/s] 30%|███       | 330/1086 [01:30<05:42,  2.21it/s] 30%|███       | 331/1086 [01:33<08:44,  1.44it/s] 32%|███▏      | 345/1086 [01:35<03:47,  3.26it/s] 32%|███▏      | 350/1086 [01:35<03:04,  3.99it/s] 33%|███▎      | 353/1086 [01:37<03:55,  3.11it/s] 34%|███▎      | 365/1086 [01:39<03:02,  3.94it/s] 34%|███▍      | 372/1086 [01:40<02:25,  4.91it/s] 35%|███▍      | 376/1086 [01:40<02:16,  5.21it/s] 36%|███▌      | 388/1086 [01:41<01:24,  8.28it/s] 36%|███▌      | 392/1086 [01:41<01:25,  8.15it/s] 36%|███▋      | 394/1086 [01:42<01:34,  7.29it/s] 37%|███▋      | 400/1086 [01:42<01:24,  8.08it/s] 37%|███▋      | 402/1086 [01:43<01:36,  7.07it/s] 37%|███▋      | 405/1086 [01:45<02:36,  4.35it/s] 39%|███▊      | 419/1086 [01:47<02:10,  5.10it/s] 39%|███▉      | 424/1086 [01:49<02:33,  4.31it/s] 40%|███▉      | 430/1086 [01:50<02:36,  4.20it/s] 40%|███▉      | 431/1086 [01:51<03:16,  3.33it/s] 40%|████      | 436/1086 [01:52<02:38,  4.11it/s] 40%|████      | 438/1086 [01:53<03:08,  3.43it/s] 41%|████      | 440/1086 [01:56<05:23,  2.00it/s] 43%|████▎     | 465/1086 [01:59<02:12,  4.68it/s] 43%|████▎     | 469/1086 [02:01<02:25,  4.25it/s] 43%|████▎     | 471/1086 [02:04<03:35,  2.85it/s] 45%|████▌     | 494/1086 [02:04<01:30,  6.54it/s] 46%|████▌     | 500/1086 [02:06<01:47,  5.46it/s] 47%|████▋     | 511/1086 [02:08<01:43,  5.53it/s] 47%|████▋     | 512/1086 [02:10<02:20,  4.09it/s] 47%|████▋     | 515/1086 [02:10<02:18,  4.12it/s] 48%|████▊     | 524/1086 [02:12<01:59,  4.69it/s] 49%|████▉     | 532/1086 [02:14<01:56,  4.78it/s] 50%|█████     | 548/1086 [02:15<01:29,  6.04it/s] 51%|█████     | 549/1086 [02:16<01:39,  5.41it/s] 51%|█████     | 550/1086 [02:19<02:55,  3.06it/s] 51%|█████     | 551/1086 [02:21<04:30,  1.98it/s] 52%|█████▏    | 560/1086 [02:23<03:12,  2.74it/s] 53%|█████▎    | 574/1086 [02:26<02:22,  3.58it/s] 53%|█████▎    | 579/1086 [02:28<02:29,  3.39it/s] 53%|█████▎    | 581/1086 [02:30<02:59,  2.81it/s] 54%|█████▍    | 585/1086 [02:30<02:29,  3.36it/s] 55%|█████▍    | 595/1086 [02:31<01:33,  5.25it/s] 57%|█████▋    | 614/1086 [02:32<01:00,  7.75it/s] 57%|█████▋    | 619/1086 [02:33<00:59,  7.80it/s] 57%|█████▋    | 620/1086 [02:33<01:05,  7.11it/s] 57%|█████▋    | 621/1086 [02:34<01:18,  5.90it/s] 58%|█████▊    | 630/1086 [02:35<01:13,  6.21it/s] 58%|█████▊    | 635/1086 [02:37<01:22,  5.44it/s] 59%|█████▉    | 639/1086 [02:37<01:18,  5.66it/s] 59%|█████▉    | 644/1086 [02:38<01:07,  6.55it/s] 59%|█████▉    | 646/1086 [02:38<01:14,  5.91it/s] 60%|█████▉    | 648/1086 [02:39<01:21,  5.35it/s] 60%|█████▉    | 649/1086 [02:39<01:41,  4.31it/s] 61%|██████    | 665/1086 [02:40<00:38, 10.97it/s] 63%|██████▎   | 682/1086 [02:40<01:35,  4.24it/s]
  0%|          | 0/1086 [00:00<?, ?it/s]Max Retries reached
  2%|▏         | 25/1086 [00:02<01:33, 11.32it/s]
Traceback (most recent call last):
  File "/home/a163/anaconda3/envs/musikfrosch/lib/python3.11/site-packages/requests/adapters.py", line 486, in send
    resp = conn.urlopen(
           ^^^^^^^^^^^^^
  File "/home/a163/anaconda3/envs/musikfrosch/lib/python3.11/site-packages/urllib3/connectionpool.py", line 889, in urlopen
    return self.urlopen(
           ^^^^^^^^^^^^^
  File "/home/a163/anaconda3/envs/musikfrosch/lib/python3.11/site-packages/urllib3/connectionpool.py", line 889, in urlopen
    return self.urlopen(
           ^^^^^^^^^^^^^
  File "/home/a163/anaconda3/envs/musikfrosch/lib/python3.11/site-packages/urllib3/connectionpool.py", line 889, in urlopen
    return self.urlopen(
           ^^^^^^^^^^^^^
  File "/home/a163/anaconda3/envs/musikfrosch/lib/python3.11/site-packages/urllib3/connectionpool.py", line 879, in urlopen
    retries = retries.increment(method, url, response=response, _pool=self)
              ^^^^^^^^^^^^^^^^^^^^^^^^^^^^^^^^^^^^^^^^^^^^^^^^^^^^^^^^^^^^^
  File "/home/a163/anaconda3/envs/musikfrosch/lib/python3.11/site-packages/urllib3/util/retry.py", line 592, in increment
    raise MaxRetryError(_pool, url, error or ResponseError(cause))
urllib3.exceptions.MaxRetryError: HTTPSConnectionPool(host='api.spotify.com', port=443): Max retries exceeded with url: /v1/search?q=artist%3Ascusi%21+megadisco&limit=1&offset=0&type=artist&market=DE (Caused by ResponseError('too many 502 error responses'))

During handling of the above exception, another exception occurred:

Traceback (most recent call last):
  File "/home/a163/anaconda3/envs/musikfrosch/lib/python3.11/site-packages/spotipy/client.py", line 266, in _internal_call
    response = self._session.request(
               ^^^^^^^^^^^^^^^^^^^^^^
  File "/home/a163/anaconda3/envs/musikfrosch/lib/python3.11/site-packages/requests/sessions.py", line 589, in request
    resp = self.send(prep, **send_kwargs)
           ^^^^^^^^^^^^^^^^^^^^^^^^^^^^^^
  File "/home/a163/anaconda3/envs/musikfrosch/lib/python3.11/site-packages/requests/sessions.py", line 703, in send
    r = adapter.send(request, **kwargs)
        ^^^^^^^^^^^^^^^^^^^^^^^^^^^^^^^
  File "/home/a163/anaconda3/envs/musikfrosch/lib/python3.11/site-packages/requests/adapters.py", line 510, in send
    raise RetryError(e, request=request)
requests.exceptions.RetryError: HTTPSConnectionPool(host='api.spotify.com', port=443): Max retries exceeded with url: /v1/search?q=artist%3Ascusi%21+megadisco&limit=1&offset=0&type=artist&market=DE (Caused by ResponseError('too many 502 error responses'))

During handling of the above exception, another exception occurred:

Traceback (most recent call last):
  File "/home/a163/GitRepo/musikfrosch_mc/_main_.py", line 61, in <module>
    cd.addArtist('FroschData_02', 'FroschData_03')
  File "/home/a163/GitRepo/musikfrosch_mc/class_dictionary.py", line 196, in addArtist
    search_response = SP_a163.sp.search(q=f"artist:{artist}", limit=1, type='artist', market='DE')
                      ^^^^^^^^^^^^^^^^^^^^^^^^^^^^^^^^^^^^^^^^^^^^^^^^^^^^^^^^^^^^^^^^^^^^^^^^^^^^
  File "/home/a163/anaconda3/envs/musikfrosch/lib/python3.11/site-packages/spotipy/client.py", line 587, in search
    return self._get(
           ^^^^^^^^^^
  File "/home/a163/anaconda3/envs/musikfrosch/lib/python3.11/site-packages/spotipy/client.py", line 323, in _get
    return self._internal_call("GET", url, payload, kwargs)
           ^^^^^^^^^^^^^^^^^^^^^^^^^^^^^^^^^^^^^^^^^^^^^^^^
  File "/home/a163/anaconda3/envs/musikfrosch/lib/python3.11/site-packages/spotipy/client.py", line 307, in _internal_call
    raise SpotifyException(
spotipy.exceptions.SpotifyException: http status: 429, code:-1 - /v1/search?q=artist%3Ascusi%21+megadisco&limit=1&offset=0&type=artist&market=DE:
 Max Retries, reason: too many 502 error responses
|CREATE_Log                                                         240802-12_07_22|
|Work directory: /home/a163/GitRepo/musikfrosch_mc                                 |
|Running script: theatron_functions.py                                             |
  0%|          | 0/47 [00:00<?, ?it/s]100%|██████████| 47/47 [00:00<00:00, 124216.94it/s]
  0%|          | 0/47 [00:00<?, ?it/s]100%|██████████| 47/47 [00:00<00:00, 128676.43it/s]
  0%|          | 0/47 [00:00<?, ?it/s]100%|██████████| 47/47 [00:00<00:00, 953.83it/s]
|Theatron MusikSommer tomorrow | MusikFrosch_MUC upda| rm:    0|add:    0|sta: DONE|
Who's rocking the stage tomorrow at SommerFest 2024 - Theatron?   Last update:                                        2024/08/02, 12:07:54
|Theatron MusikSommer today | MusikFrosch_MUC updated| rm:    0|add:    0|sta: DONE|
On the stage today!   Last update:                                        2024/08/02, 12:07:59
|Theatron MusikSommer 24 | MusikFrosch_MUC updated   | rm:    0|add:    0|sta: DONE|
The hole line-up of SommerFest 2024 - Theatron!   Last update:                                        2024/08/02, 12:08:05
