  ███╗   ███╗██╗   ██╗███████╗██╗ ██████╗███████╗██████╗  ██████╗ ███████╗ ██████╗██╗  ██╗███╗   ███╗ ██████╗
  ████╗ ████║██║   ██║██╔════╝██║██╔════╝██╔════╝██╔══██╗██╔═══██╗██╔════╝██╔════╝██║  ██║████╗ ████║██╔════╝
  ██╔████╔██║██║   ██║███████╗██║██║     █████╗  ██████╔╝██║   ██║███████╗██║     ███████║██╔████╔██║██║     
  ██║╚██╔╝██║██║   ██║╚════██║██║██║     ██╔══╝  ██╔══██╗██║   ██║╚════██║██║     ██╔══██║██║╚██╔╝██║██║     
  ██║ ╚═╝ ██║╚██████╔╝███████║██║╚██████╗██║     ██║  ██║╚██████╔╝███████║╚██████╗██║  ██║██║ ╚═╝ ██║╚██████╗
  ╚═╝     ╚═╝ ╚═════╝ ╚══════╝╚═╝ ╚═════╝╚═╝     ╚═╝  ╚═╝ ╚═════╝ ╚══════╝ ╚═════╝╚═╝  ╚═╝╚═╝     ╚═╝ ╚═════╝
Current date and time: Mi 6. Nov 22:03:06 CET 2024
Current folder: /

|CREATE_Log                                                         241106-22_03_20|
|Work directory: /home/a163/GitRepo/musikfrosch_mc                                 |
|Running script: _main_.py                                                         |
|Spotify token                                                 |nam:Musik|typ: user|
  0%|          | 0/7 [00:00<?, ?it/s] 14%|█▍        | 1/7 [00:01<00:06,  1.04s/it] 29%|██▊       | 2/7 [00:01<00:04,  1.14it/s] 43%|████▎     | 3/7 [00:03<00:04,  1.23s/it] 57%|█████▋    | 4/7 [00:05<00:04,  1.40s/it] 71%|███████▏  | 5/7 [00:08<00:04,  2.09s/it] 86%|████████▌ | 6/7 [00:10<00:01,  1.98s/it]100%|██████████| 7/7 [00:27<00:00,  7.01s/it]100%|██████████| 7/7 [00:27<00:00,  3.94s/it]
  0%|          | 0/1905 [00:00<?, ?it/s]  0%|          | 3/1905 [00:00<07:06,  4.46it/s]  1%|          | 18/1905 [00:01<02:07, 14.76it/s]  1%|          | 20/1905 [00:03<05:33,  5.65it/s]  1%|          | 23/1905 [00:04<08:17,  3.78it/s]  1%|▏         | 26/1905 [00:05<07:44,  4.05it/s]  2%|▏         | 29/1905 [00:05<07:30,  4.17it/s]  2%|▏         | 34/1905 [00:07<07:25,  4.20it/s]  2%|▏         | 37/1905 [00:07<07:23,  4.21it/s]  2%|▏         | 47/1905 [00:13<12:41,  2.44it/s]  3%|▎         | 59/1905 [00:13<07:14,  4.25it/s]  4%|▍         | 82/1905 [00:14<03:31,  8.60it/s]  5%|▍         | 86/1905 [00:15<03:45,  8.08it/s]  5%|▍         | 88/1905 [00:15<04:08,  7.32it/s]  5%|▍         | 90/1905 [00:16<05:26,  5.55it/s]  5%|▌         | 96/1905 [00:17<04:50,  6.23it/s]  5%|▌         | 98/1905 [00:21<10:55,  2.76it/s]  5%|▌         | 104/1905 [00:21<08:03,  3.73it/s]  6%|▌         | 106/1905 [00:22<09:46,  3.07it/s]  6%|▌         | 108/1905 [00:24<11:13,  2.67it/s]  6%|▌         | 112/1905 [00:25<10:47,  2.77it/s]  6%|▌         | 113/1905 [00:26<12:22,  2.41it/s]  6%|▌         | 115/1905 [00:27<11:58,  2.49it/s]  6%|▌         | 116/1905 [00:27<12:49,  2.32it/s]  6%|▌         | 119/1905 [00:28<10:36,  2.80it/s]  6%|▋         | 121/1905 [00:29<09:58,  2.98it/s]  7%|▋         | 132/1905 [00:30<05:08,  5.75it/s]  8%|▊         | 145/1905 [00:30<03:09,  9.29it/s]  8%|▊         | 154/1905 [00:31<02:39, 11.01it/s]  8%|▊         | 158/1905 [00:32<03:50,  7.57it/s]  9%|▊         | 166/1905 [00:33<03:12,  9.03it/s]  9%|▉         | 168/1905 [00:34<04:33,  6.35it/s]  9%|▉         | 171/1905 [00:34<04:39,  6.20it/s]  9%|▉         | 174/1905 [00:35<04:44,  6.09it/s]  9%|▉         | 175/1905 [00:36<07:11,  4.00it/s]  9%|▉         | 177/1905 [00:36<07:19,  3.93it/s] 10%|▉         | 181/1905 [00:37<05:59,  4.79it/s] 10%|▉         | 182/1905 [00:38<09:35,  2.99it/s] 10%|▉         | 184/1905 [00:39<09:29,  3.02it/s] 10%|█         | 195/1905 [00:40<05:03,  5.63it/s] 11%|█         | 204/1905 [00:40<03:34,  7.93it/s] 11%|█         | 205/1905 [00:41<04:11,  6.75it/s] 11%|█▏        | 215/1905 [00:41<02:54,  9.69it/s] 11%|█▏        | 217/1905 [00:42<03:27,  8.12it/s] 11%|█▏        | 218/1905 [00:43<04:29,  6.27it/s] 12%|█▏        | 223/1905 [00:43<03:57,  7.10it/s] 13%|█▎        | 239/1905 [00:44<02:45, 10.06it/s] 13%|█▎        | 240/1905 [00:45<03:27,  8.01it/s] 13%|█▎        | 241/1905 [00:47<07:39,  3.62it/s] 13%|█▎        | 242/1905 [00:48<08:23,  3.30it/s] 13%|█▎        | 247/1905 [00:49<07:24,  3.73it/s] 13%|█▎        | 251/1905 [00:50<07:30,  3.67it/s] 13%|█▎        | 252/1905 [00:53<14:42,  1.87it/s] 14%|█▍        | 262/1905 [00:54<08:04,  3.39it/s] 14%|█▍        | 264/1905 [00:55<07:49,  3.49it/s] 14%|█▍        | 267/1905 [00:55<07:45,  3.52it/s] 14%|█▍        | 274/1905 [00:56<05:15,  5.17it/s] 15%|█▍        | 277/1905 [00:57<06:01,  4.51it/s] 15%|█▍        | 282/1905 [00:57<04:59,  5.43it/s] 15%|█▌        | 294/1905 [00:58<03:21,  7.98it/s] 15%|█▌        | 295/1905 [01:00<05:45,  4.65it/s] 16%|█▌        | 299/1905 [01:01<05:11,  5.16it/s] 16%|█▌        | 305/1905 [01:01<04:19,  6.17it/s] 17%|█▋        | 321/1905 [01:02<02:52,  9.18it/s] 17%|█▋        | 330/1905 [01:03<02:27, 10.68it/s] 17%|█▋        | 332/1905 [01:04<03:11,  8.20it/s] 18%|█▊        | 335/1905 [01:05<03:56,  6.63it/s] 18%|█▊        | 340/1905 [01:05<03:37,  7.20it/s] 18%|█▊        | 345/1905 [01:06<04:19,  6.01it/s] 18%|█▊        | 347/1905 [01:07<04:52,  5.32it/s] 18%|█▊        | 349/1905 [01:08<05:50,  4.44it/s] 19%|█▊        | 355/1905 [01:09<05:10,  4.99it/s] 19%|█▉        | 359/1905 [01:09<04:58,  5.19it/s] 19%|█▉        | 362/1905 [01:11<06:06,  4.22it/s] 20%|█▉        | 377/1905 [01:11<02:52,  8.87it/s] 20%|█▉        | 380/1905 [01:12<03:18,  7.69it/s] 20%|██        | 386/1905 [01:12<03:03,  8.29it/s] 20%|██        | 390/1905 [01:14<04:16,  5.90it/s] 21%|██        | 391/1905 [01:14<05:03,  4.98it/s] 21%|██        | 392/1905 [01:15<06:21,  3.96it/s] 21%|██        | 393/1905 [01:16<08:54,  2.83it/s] 21%|██        | 400/1905 [01:17<05:18,  4.72it/s] 21%|██        | 402/1905 [01:18<07:59,  3.13it/s] 21%|██▏       | 405/1905 [01:19<07:42,  3.24it/s] 21%|██▏       | 407/1905 [01:20<07:38,  3.26it/s] 21%|██▏       | 409/1905 [01:20<07:29,  3.33it/s] 22%|██▏       | 410/1905 [01:21<08:23,  2.97it/s] 22%|██▏       | 423/1905 [01:22<03:09,  7.81it/s] 22%|██▏       | 426/1905 [01:23<04:17,  5.73it/s] 22%|██▏       | 427/1905 [01:23<05:04,  4.86it/s] 23%|██▎       | 429/1905 [01:24<05:25,  4.54it/s] 23%|██▎       | 432/1905 [01:24<05:07,  4.78it/s] 23%|██▎       | 434/1905 [01:26<07:28,  3.28it/s] 23%|██▎       | 436/1905 [01:26<07:19,  3.34it/s] 23%|██▎       | 437/1905 [01:27<08:16,  2.96it/s] 23%|██▎       | 441/1905 [01:27<06:18,  3.87it/s] 23%|██▎       | 446/1905 [01:29<06:25,  3.78it/s] 24%|██▎       | 450/1905 [01:30<05:58,  4.06it/s] 24%|██▎       | 452/1905 [01:30<06:26,  3.76it/s] 24%|██▍       | 456/1905 [01:31<05:15,  4.59it/s] 24%|██▍       | 457/1905 [01:32<09:06,  2.65it/s] 24%|██▍       | 459/1905 [01:33<09:11,  2.62it/s] 25%|██▍       | 467/1905 [01:34<04:49,  4.97it/s] 25%|██▍       | 468/1905 [01:35<06:05,  3.93it/s] 25%|██▍       | 476/1905 [01:36<04:26,  5.36it/s] 25%|██▌       | 477/1905 [01:36<05:16,  4.51it/s] 25%|██▌       | 478/1905 [01:37<06:05,  3.90it/s] 25%|██▌       | 479/1905 [01:38<07:55,  3.00it/s] 26%|██▌       | 495/1905 [01:38<02:36,  9.00it/s] 26%|██▌       | 499/1905 [01:39<02:41,  8.71it/s] 26%|██▌       | 500/1905 [01:40<04:28,  5.23it/s] 26%|██▋       | 502/1905 [01:41<06:07,  3.82it/s] 27%|██▋       | 513/1905 [01:42<03:07,  7.42it/s] 27%|██▋       | 515/1905 [01:42<03:33,  6.51it/s] 27%|██▋       | 516/1905 [01:43<04:19,  5.35it/s] 27%|██▋       | 517/1905 [01:43<05:27,  4.23it/s] 27%|██▋       | 519/1905 [01:44<05:41,  4.06it/s] 28%|██▊       | 524/1905 [01:45<04:58,  4.62it/s] 28%|██▊       | 531/1905 [01:46<04:16,  5.35it/s] 28%|██▊       | 539/1905 [01:46<03:02,  7.47it/s] 29%|██▊       | 544/1905 [01:47<02:51,  7.94it/s] 29%|██▉       | 549/1905 [01:48<03:26,  6.58it/s] 29%|██▉       | 550/1905 [01:48<03:54,  5.78it/s] 29%|██▉       | 552/1905 [01:49<04:39,  4.85it/s] 29%|██▉       | 556/1905 [01:50<04:05,  5.51it/s] 29%|██▉       | 560/1905 [01:50<04:01,  5.57it/s] 30%|██▉       | 567/1905 [01:51<03:10,  7.04it/s] 30%|███       | 572/1905 [01:52<03:37,  6.13it/s] 30%|███       | 574/1905 [01:53<04:19,  5.13it/s] 30%|███       | 578/1905 [01:53<03:55,  5.63it/s] 31%|███       | 588/1905 [01:54<02:28,  8.85it/s] 31%|███       | 589/1905 [01:55<04:01,  5.45it/s] 32%|███▏      | 608/1905 [01:56<02:03, 10.52it/s] 32%|███▏      | 616/1905 [01:57<01:55, 11.13it/s] 32%|███▏      | 618/1905 [01:57<02:17,  9.36it/s] 33%|███▎      | 626/1905 [01:58<02:02, 10.44it/s] 34%|███▍      | 655/1905 [01:58<00:58, 21.22it/s] 35%|███▍      | 659/1905 [01:59<01:15, 16.43it/s] 35%|███▍      | 661/1905 [02:00<01:35, 13.08it/s] 35%|███▍      | 662/1905 [02:00<03:46,  5.48it/s]
https://www.feierwerk.de/konzert-kulturprogramm/detail/2024-07-26--9
https://backstage.eu/blutfest-2024-blutgott-debauchery-blood-god-balgeroth-free-easy-2024.html
https://backstage.eu/karaoke-till-death-free-easy-2024.html
https://www.feierwerk.de/konzert-kulturprogramm/detail/2024-08-04-
https://www.feierwerk.de/konzert-kulturprogramm/detail/2027-12-30-name-des-events
https://www.feierwerk.de/konzert-kulturprogramm/detail/2024-09-11-liveshow-i-von-ii
https://www.feierwerk.de/konzert-kulturprogramm/detail/2024-10-19--3
https://www.feierwerk.de/konzert-kulturprogramm/detail/2027-12-30-name-des-events-1
https://www.feierwerk.de/konzert-kulturprogramm/detail/2024-09-07-
https://www.feierwerk.de/konzert-kulturprogramm/detail/2024-08-03-
https://www.feierwerk.de/konzert-kulturprogramm/detail/2024-09-14--3
https://www.feierwerk.de/konzert-kulturprogramm/detail/2024-09-13-vernissage
https://heppel-ettlich.de/jjb.html
https://www.feierwerk.de/konzert-kulturprogramm/detail/2024-09-15-
https://www.feierwerk.de/konzert-kulturprogramm/detail/2024-09-19--5
https://www.feierwerk.de/konzert-kulturprogramm/detail/2024-07-27-finissage
https://www.feierwerk.de/konzert-kulturprogramm/detail/2024-07-26--9
https://heppel-ettlich.de/openstage.html
https://loveyourartist.com/profiles/heppel-and-ettlich-BMBZJE/events/fenix-renacer-spanisches-munchen-4ZD6IH
|time data 'October 8, 2024 - 19:30' does not match format '%d. %B %Y - %H:%M'     |
https://www.feierwerk.de/konzert-kulturprogramm/detail/2024-09-14--3
https://www.feierwerk.de/konzert-kulturprogramm/detail/2024-08-17-
https://www.feierwerk.de/konzert-kulturprogramm/detail/2024-09-19--5
https://backstage.eu/25-jahre-asp-die-zusammenkunft-3.html
https://backstage.eu/keep-it-low-festival-2024-11-10-24-12-10-24.html
https://www.feierwerk.de/konzert-kulturprogramm/detail/2024-09-15-
https://www.feierwerk.de/konzert-kulturprogramm/detail/2024-08-30-
https://www.feierwerk.de/konzert-kulturprogramm/detail/2024-09-28-finta-music-networking-brunch
https://backstage.eu/return-of-the-real-slams-eu-tour-2024.html
https://bit.ly/fuzzmuc
|time data 'January 17, 2025 - 20:00' does not match format '%d. %B %Y - %H:%M'    |
https://www.feierwerk.de/konzert-kulturprogramm/detail/2024-08-10-
https://www.tickettailor.com/events/reubensolo/1316373
https://www.feierwerk.de/konzert-kulturprogramm/detail/2024-10-05-sound-of-bavaria-now
https://www.feierwerk.de/konzert-kulturprogramm/detail/2024-08-24--1
https://heppel-ettlich.de/openstage.html
https://www.feierwerk.de/konzert-kulturprogramm/detail/2024-08-18-
https://www.feierwerk.de/konzert-kulturprogramm/detail/2024-07-26--10
https://heppel-ettlich.de/openstage.html
https://tickets.kfartists.com/produkte/174-tickets-hotel-rimini-heppel-ettlich-muenchen-am-31-08-2024
https://www.feierwerk.de/konzert-kulturprogramm/detail/2024-07-27--2
https://www.feierwerk.de/konzert-kulturprogramm/detail/2024-09-12-liveshow-ii-von-ii
  0%|          | 0/1905 [00:00<?, ?it/s]  2%|▏         | 35/1905 [00:00<00:35, 53.30it/s]  3%|▎         | 49/1905 [00:01<00:44, 41.85it/s]  6%|▋         | 120/1905 [00:01<00:20, 88.50it/s] 14%|█▍        | 266/1905 [00:02<00:09, 175.18it/s] 24%|██▍       | 459/1905 [00:02<00:05, 261.19it/s] 26%|██▌       | 486/1905 [00:02<00:07, 193.80it/s] 27%|██▋       | 517/1905 [00:03<00:09, 153.47it/s] 33%|███▎      | 635/1905 [00:03<00:06, 183.44it/s] 36%|███▌      | 688/1905 [00:04<00:07, 162.78it/s] 37%|███▋      | 705/1905 [00:05<00:15, 77.72it/s]  38%|███▊      | 718/1905 [00:06<00:17, 67.09it/s] 41%|████      | 773/1905 [00:06<00:14, 79.64it/s] 43%|████▎     | 816/1905 [00:07<00:13, 83.33it/s] 47%|████▋     | 889/1905 [00:07<00:09, 103.15it/s] 47%|████▋     | 902/1905 [00:08<00:14, 69.28it/s]  48%|████▊     | 911/1905 [00:09<00:26, 38.20it/s] 50%|████▉     | 947/1905 [00:10<00:21, 45.25it/s] 50%|█████     | 960/1905 [00:10<00:22, 41.71it/s] 51%|█████     | 971/1905 [00:11<00:24, 37.58it/s] 51%|█████▏    | 977/1905 [00:11<00:29, 31.45it/s] 51%|█████▏    | 981/1905 [00:12<00:36, 25.54it/s] 52%|█████▏    | 984/1905 [00:12<00:45, 20.35it/s] 52%|█████▏    | 998/1905 [00:12<00:39, 23.19it/s] 53%|█████▎    | 1001/1905 [00:13<00:48, 18.52it/s] 53%|█████▎    | 1019/1905 [00:13<00:35, 24.68it/s] 57%|█████▋    | 1086/1905 [00:14<00:13, 60.64it/s] 57%|█████▋    | 1093/1905 [00:14<00:17, 47.41it/s] 58%|█████▊    | 1105/1905 [00:15<00:19, 41.07it/s] 58%|█████▊    | 1110/1905 [00:16<00:35, 22.33it/s] 58%|█████▊    | 1114/1905 [00:17<00:50, 15.66it/s] 59%|█████▉    | 1124/1905 [00:17<00:46, 16.77it/s] 62%|██████▏   | 1179/1905 [00:18<00:17, 40.48it/s] 63%|██████▎   | 1203/1905 [00:18<00:16, 43.20it/s] 64%|██████▍   | 1215/1905 [00:19<00:17, 38.79it/s] 65%|██████▍   | 1229/1905 [00:19<00:18, 35.90it/s] 66%|██████▌   | 1252/1905 [00:20<00:16, 39.30it/s] 66%|██████▌   | 1262/1905 [00:20<00:18, 34.16it/s] 67%|██████▋   | 1270/1905 [00:21<00:21, 29.11it/s] 69%|██████▊   | 1308/1905 [00:21<00:13, 44.37it/s] 73%|███████▎  | 1398/1905 [00:22<00:07, 68.05it/s] 74%|███████▍  | 1418/1905 [00:22<00:07, 61.89it/s] 76%|███████▌  | 1444/1905 [00:23<00:07, 60.75it/s] 76%|███████▌  | 1450/1905 [00:24<00:11, 41.11it/s] 77%|███████▋  | 1461/1905 [00:24<00:12, 36.74it/s] 80%|███████▉  | 1519/1905 [00:25<00:06, 57.18it/s] 81%|████████  | 1534/1905 [00:25<00:07, 50.88it/s] 82%|████████▏ | 1557/1905 [00:25<00:06, 50.71it/s] 82%|████████▏ | 1562/1905 [00:26<00:08, 39.68it/s] 82%|████████▏ | 1569/1905 [00:26<00:10, 32.79it/s] 88%|████████▊ | 1685/1905 [00:27<00:02, 91.76it/s] 92%|█████████▏| 1752/1905 [00:28<00:01, 92.93it/s] 94%|█████████▍| 1798/1905 [00:29<00:01, 62.71it/s] 95%|█████████▍| 1806/1905 [00:30<00:02, 43.10it/s] 95%|█████████▌| 1816/1905 [00:31<00:02, 39.24it/s] 97%|█████████▋| 1850/1905 [00:31<00:01, 46.48it/s] 97%|█████████▋| 1856/1905 [00:31<00:01, 38.73it/s] 99%|█████████▉| 1893/1905 [00:32<00:00, 48.98it/s]100%|█████████▉| 1902/1905 [00:32<00:00, 38.83it/s]100%|██████████| 1905/1905 [00:32<00:00, 57.78it/s]
  0%|          | 0/1905 [00:00<?, ?it/s]  0%|          | 1/1905 [00:00<19:54,  1.59it/s]  5%|▍         | 89/1905 [00:01<00:18, 100.20it/s] 29%|██▊       | 546/1905 [00:01<00:02, 485.38it/s] 33%|███▎      | 632/1905 [00:01<00:03, 375.11it/s] 35%|███▌      | 672/1905 [00:03<00:07, 161.78it/s] 46%|████▌     | 879/1905 [00:03<00:04, 229.19it/s] 66%|██████▌   | 1249/1905 [00:04<00:01, 374.81it/s] 68%|██████▊   | 1299/1905 [00:07<00:05, 108.52it/s] 70%|██████▉   | 1333/1905 [00:08<00:05, 104.72it/s] 71%|███████▏  | 1359/1905 [00:10<00:08, 62.44it/s]  75%|███████▌  | 1430/1905 [00:10<00:06, 73.33it/s] 76%|███████▌  | 1448/1905 [00:11<00:06, 68.37it/s] 80%|███████▉  | 1519/1905 [00:11<00:04, 81.46it/s] 88%|████████▊ | 1685/1905 [00:12<00:01, 132.03it/s] 92%|█████████▏| 1752/1905 [00:12<00:01, 133.30it/s] 95%|█████████▍| 1801/1905 [00:13<00:00, 120.00it/s]100%|█████████▉| 1902/1905 [00:14<00:00, 137.86it/s]100%|██████████| 1905/1905 [00:14<00:00, 135.17it/s]
  0%|          | 0/1905 [00:00<?, ?it/s] 23%|██▎       | 444/1905 [00:00<00:00, 4428.93it/s]100%|██████████| 1905/1905 [00:00<00:00, 9523.62it/s]
|Feierwerk | MusikFrosch_MUC updated                 | rm:    0|add:    0|sta: DONE|
The MusikFrosch is saying that some legends will be hitting the feierwerk stage next year!  Last update:                                        2024/11/06, 22:06:41
|M<3 | MusikFrosch_MUC updated                       | rm:    0|add:    0|sta: DONE|
Who's rocking the stage next at Milla Club?  Last update:                                        2024/11/06, 22:06:48
|weekend | MusikFrosch_MUC updated                   | rm:    0|add:    0|sta: DONE|
Ready to make the weekend epic? Check out the live gigs in Munich.  Last update:                                        2024/11/06, 22:06:55
|last minute | MusikFrosch_MUC updated               | rm:    0|add:    0|sta: DONE|
Hunting for incredible music tonight? Dive into this collection of today’s and tomorrow’s live gigs in Munich.  Last update:                                        2024/11/06, 22:07:01
|early bird | MusikFrosch_MUC updated                | rm:    0|add:    0|sta: DONE|
Ensure you get your pre-sales for live acts in Munich! Here’s a collection of gigs happening two months from now.  Last update:                                        2024/11/06, 22:07:07
|MusikFrosch_MC_test updated                         | rm:    0|add:    0|sta: DONE|
test_palylist  Last update:                                        2024/11/06, 22:07:16
Traceback (most recent call last):
  File "/home/a163/anaconda3/envs/musikfrosch/lib/python3.11/site-packages/urllib3/connectionpool.py", line 466, in _make_request
    six.raise_from(e, None)
  File "<string>", line 3, in raise_from
  File "/home/a163/anaconda3/envs/musikfrosch/lib/python3.11/site-packages/urllib3/connectionpool.py", line 461, in _make_request
    httplib_response = conn.getresponse()
                       ^^^^^^^^^^^^^^^^^^
  File "/home/a163/anaconda3/envs/musikfrosch/lib/python3.11/http/client.py", line 1378, in getresponse
    response.begin()
  File "/home/a163/anaconda3/envs/musikfrosch/lib/python3.11/http/client.py", line 318, in begin
    version, status, reason = self._read_status()
                              ^^^^^^^^^^^^^^^^^^^
  File "/home/a163/anaconda3/envs/musikfrosch/lib/python3.11/http/client.py", line 279, in _read_status
    line = str(self.fp.readline(_MAXLINE + 1), "iso-8859-1")
               ^^^^^^^^^^^^^^^^^^^^^^^^^^^^^^
  File "/home/a163/anaconda3/envs/musikfrosch/lib/python3.11/socket.py", line 706, in readinto
    return self._sock.recv_into(b)
           ^^^^^^^^^^^^^^^^^^^^^^^
  File "/home/a163/anaconda3/envs/musikfrosch/lib/python3.11/ssl.py", line 1311, in recv_into
    return self.read(nbytes, buffer)
           ^^^^^^^^^^^^^^^^^^^^^^^^^
  File "/home/a163/anaconda3/envs/musikfrosch/lib/python3.11/ssl.py", line 1167, in read
    return self._sslobj.read(len, buffer)
           ^^^^^^^^^^^^^^^^^^^^^^^^^^^^^^
TimeoutError: The read operation timed out

During handling of the above exception, another exception occurred:

Traceback (most recent call last):
  File "/home/a163/anaconda3/envs/musikfrosch/lib/python3.11/site-packages/requests/adapters.py", line 486, in send
    resp = conn.urlopen(
           ^^^^^^^^^^^^^
  File "/home/a163/anaconda3/envs/musikfrosch/lib/python3.11/site-packages/urllib3/connectionpool.py", line 798, in urlopen
    retries = retries.increment(
              ^^^^^^^^^^^^^^^^^^
  File "/home/a163/anaconda3/envs/musikfrosch/lib/python3.11/site-packages/urllib3/util/retry.py", line 550, in increment
    raise six.reraise(type(error), error, _stacktrace)
          ^^^^^^^^^^^^^^^^^^^^^^^^^^^^^^^^^^^^^^^^^^^^
  File "/home/a163/anaconda3/envs/musikfrosch/lib/python3.11/site-packages/urllib3/packages/six.py", line 770, in reraise
    raise value
  File "/home/a163/anaconda3/envs/musikfrosch/lib/python3.11/site-packages/urllib3/connectionpool.py", line 714, in urlopen
    httplib_response = self._make_request(
                       ^^^^^^^^^^^^^^^^^^^
  File "/home/a163/anaconda3/envs/musikfrosch/lib/python3.11/site-packages/urllib3/connectionpool.py", line 468, in _make_request
    self._raise_timeout(err=e, url=url, timeout_value=read_timeout)
  File "/home/a163/anaconda3/envs/musikfrosch/lib/python3.11/site-packages/urllib3/connectionpool.py", line 357, in _raise_timeout
    raise ReadTimeoutError(
urllib3.exceptions.ReadTimeoutError: HTTPSConnectionPool(host='api.spotify.com', port=443): Read timed out. (read timeout=5)

During handling of the above exception, another exception occurred:

Traceback (most recent call last):
  File "/home/a163/GitRepo/musikfrosch_mc/_main_.py", line 133, in <module>
    pm.update_playlist(SP_a163, row_list)
  File "/home/a163/GitRepo/musikfrosch_mc/playlist_manager.py", line 51, in update_playlist
    currentplaylist = getPlaylistTracks(SPOT, row_['PlaylistID'])
                      ^^^^^^^^^^^^^^^^^^^^^^^^^^^^^^^^^^^^^^^^^^^
  File "/home/a163/GitRepo/musikfrosch_mc/playlist_manager.py", line 26, in getPlaylistTracks
    results = SPOT.sp.next(results)
              ^^^^^^^^^^^^^^^^^^^^^
  File "/home/a163/anaconda3/envs/musikfrosch/lib/python3.11/site-packages/spotipy/client.py", line 347, in next
    return self._get(result["next"])
           ^^^^^^^^^^^^^^^^^^^^^^^^^
  File "/home/a163/anaconda3/envs/musikfrosch/lib/python3.11/site-packages/spotipy/client.py", line 323, in _get
    return self._internal_call("GET", url, payload, kwargs)
           ^^^^^^^^^^^^^^^^^^^^^^^^^^^^^^^^^^^^^^^^^^^^^^^^
  File "/home/a163/anaconda3/envs/musikfrosch/lib/python3.11/site-packages/spotipy/client.py", line 266, in _internal_call
    response = self._session.request(
               ^^^^^^^^^^^^^^^^^^^^^^
  File "/home/a163/anaconda3/envs/musikfrosch/lib/python3.11/site-packages/requests/sessions.py", line 589, in request
    resp = self.send(prep, **send_kwargs)
           ^^^^^^^^^^^^^^^^^^^^^^^^^^^^^^
  File "/home/a163/anaconda3/envs/musikfrosch/lib/python3.11/site-packages/requests/sessions.py", line 703, in send
    r = adapter.send(request, **kwargs)
        ^^^^^^^^^^^^^^^^^^^^^^^^^^^^^^^
  File "/home/a163/anaconda3/envs/musikfrosch/lib/python3.11/site-packages/requests/adapters.py", line 532, in send
    raise ReadTimeout(e, request=request)
requests.exceptions.ReadTimeout: HTTPSConnectionPool(host='api.spotify.com', port=443): Read timed out. (read timeout=5)
