  ███╗   ███╗██╗   ██╗███████╗██╗ ██████╗███████╗██████╗  ██████╗ ███████╗ ██████╗██╗  ██╗███╗   ███╗ ██████╗
  ████╗ ████║██║   ██║██╔════╝██║██╔════╝██╔════╝██╔══██╗██╔═══██╗██╔════╝██╔════╝██║  ██║████╗ ████║██╔════╝
  ██╔████╔██║██║   ██║███████╗██║██║     █████╗  ██████╔╝██║   ██║███████╗██║     ███████║██╔████╔██║██║     
  ██║╚██╔╝██║██║   ██║╚════██║██║██║     ██╔══╝  ██╔══██╗██║   ██║╚════██║██║     ██╔══██║██║╚██╔╝██║██║     
  ██║ ╚═╝ ██║╚██████╔╝███████║██║╚██████╗██║     ██║  ██║╚██████╔╝███████║╚██████╗██║  ██║██║ ╚═╝ ██║╚██████╗
  ╚═╝     ╚═╝ ╚═════╝ ╚══════╝╚═╝ ╚═════╝╚═╝     ╚═╝  ╚═╝ ╚═════╝ ╚══════╝ ╚═════╝╚═╝  ╚═╝╚═╝     ╚═╝ ╚═════╝
Current date and time: So 27. Apr 22:02:58 CEST 2025
Current folder: /

|CREATE_Log                                                         250427-22_03_13|
|Work directory: /home/a163/GitRepo/musikfrosch_mc                                 |
|Running script: _main_.py                                                         |
|Spotify token                                                 |nam:Musik|typ: user|
  0%|          | 0/7 [00:00<?, ?it/s] 14%|█▍        | 1/7 [00:01<00:08,  1.43s/it] 29%|██▊       | 2/7 [00:02<00:05,  1.00s/it] 43%|████▎     | 3/7 [00:04<00:06,  1.67s/it] 57%|█████▋    | 4/7 [00:06<00:04,  1.59s/it] 71%|███████▏  | 5/7 [00:19<00:11,  5.90s/it] 86%|████████▌ | 6/7 [00:21<00:04,  4.53s/it]100%|██████████| 7/7 [00:52<00:00, 13.17s/it]100%|██████████| 7/7 [00:52<00:00,  7.49s/it]
  0%|          | 0/3158 [00:00<?, ?it/s]  0%|          | 2/3158 [00:00<14:44,  3.57it/s]  0%|          | 12/3158 [00:01<05:19,  9.84it/s]  1%|          | 18/3158 [00:02<05:37,  9.30it/s]  1%|          | 27/3158 [00:02<04:21, 11.98it/s]  1%|          | 30/3158 [00:04<09:47,  5.33it/s]  1%|          | 31/3158 [00:06<17:47,  2.93it/s]  1%|          | 32/3158 [00:07<23:10,  2.25it/s]  1%|▏         | 45/3158 [00:09<11:36,  4.47it/s]  1%|▏         | 46/3158 [00:11<17:27,  2.97it/s]  2%|▏         | 53/3158 [00:12<15:16,  3.39it/s]  2%|▏         | 55/3158 [00:13<15:22,  3.37it/s]  2%|▏         | 57/3158 [00:16<24:00,  2.15it/s]  2%|▏         | 58/3158 [00:16<24:55,  2.07it/s]  2%|▏         | 60/3158 [00:17<22:48,  2.26it/s]  2%|▏         | 62/3158 [00:19<30:34,  1.69it/s]  2%|▏         | 65/3158 [00:20<23:57,  2.15it/s]  2%|▏         | 70/3158 [00:20<15:42,  3.28it/s]  2%|▏         | 71/3158 [00:21<20:23,  2.52it/s]  2%|▏         | 72/3158 [00:23<27:40,  1.86it/s]  2%|▏         | 77/3158 [00:23<16:49,  3.05it/s]  3%|▎         | 79/3158 [00:24<16:45,  3.06it/s]  3%|▎         | 88/3158 [00:24<08:51,  5.78it/s]  3%|▎         | 91/3158 [00:26<13:15,  3.85it/s]  3%|▎         | 94/3158 [00:28<16:07,  3.17it/s]  3%|▎         | 96/3158 [00:28<16:30,  3.09it/s]  3%|▎         | 98/3158 [00:29<16:04,  3.17it/s]  3%|▎         | 99/3158 [00:30<23:13,  2.19it/s]  3%|▎         | 108/3158 [00:31<10:48,  4.70it/s]  4%|▎         | 114/3158 [00:33<14:05,  3.60it/s]  4%|▍         | 121/3158 [00:35<13:17,  3.81it/s]  4%|▍         | 122/3158 [00:40<32:39,  1.55it/s]  4%|▍         | 130/3158 [00:42<22:58,  2.20it/s]  4%|▍         | 131/3158 [00:45<31:42,  1.59it/s]  4%|▍         | 139/3158 [00:47<22:40,  2.22it/s]  5%|▍         | 143/3158 [00:54<39:57,  1.26it/s]  5%|▌         | 159/3158 [00:55<17:27,  2.86it/s]  6%|▋         | 202/3158 [00:56<06:24,  7.69it/s]  7%|▋         | 212/3158 [00:57<05:43,  8.58it/s]  7%|▋         | 224/3158 [00:57<04:49, 10.14it/s]  7%|▋         | 226/3158 [00:58<05:17,  9.23it/s]  7%|▋         | 233/3158 [00:59<05:10,  9.41it/s]  7%|▋         | 235/3158 [01:02<11:30,  4.23it/s]  8%|▊         | 238/3158 [01:03<11:42,  4.16it/s]  8%|▊         | 239/3158 [01:04<13:08,  3.70it/s]  8%|▊         | 242/3158 [01:04<12:34,  3.87it/s]  8%|▊         | 256/3158 [01:05<06:10,  7.84it/s]  8%|▊         | 260/3158 [01:07<10:38,  4.54it/s]  8%|▊         | 261/3158 [01:11<20:52,  2.31it/s]  8%|▊         | 268/3158 [01:13<19:16,  2.50it/s]  9%|▉         | 279/3158 [01:14<11:29,  4.18it/s]  9%|▉         | 283/3158 [01:14<10:47,  4.44it/s]  9%|▉         | 286/3158 [01:15<11:39,  4.11it/s]  9%|▉         | 290/3158 [01:17<13:53,  3.44it/s]  9%|▉         | 293/3158 [01:18<13:39,  3.49it/s]  9%|▉         | 296/3158 [01:19<13:09,  3.63it/s]  9%|▉         | 298/3158 [01:20<17:24,  2.74it/s] 10%|▉         | 306/3158 [01:22<13:40,  3.48it/s] 10%|▉         | 307/3158 [01:23<15:30,  3.06it/s] 10%|▉         | 315/3158 [01:24<12:35,  3.76it/s] 10%|█         | 321/3158 [01:25<09:39,  4.90it/s] 10%|█         | 331/3158 [01:25<06:44,  6.99it/s] 11%|█         | 334/3158 [01:26<07:04,  6.66it/s] 11%|█         | 337/3158 [01:27<09:41,  4.85it/s] 11%|█         | 339/3158 [01:28<10:26,  4.50it/s] 11%|█         | 342/3158 [01:30<14:13,  3.30it/s] 11%|█         | 345/3158 [01:32<21:01,  2.23it/s] 11%|█         | 347/3158 [01:33<19:50,  2.36it/s] 11%|█         | 348/3158 [01:33<20:45,  2.26it/s] 11%|█         | 349/3158 [01:34<21:46,  2.15it/s] 11%|█         | 351/3158 [01:35<18:53,  2.48it/s] 11%|█         | 355/3158 [01:35<13:16,  3.52it/s] 11%|█▏        | 363/3158 [01:37<13:24,  3.48it/s] 12%|█▏        | 364/3158 [01:38<15:04,  3.09it/s] 12%|█▏        | 376/3158 [01:39<07:23,  6.27it/s] 12%|█▏        | 381/3158 [01:39<06:49,  6.78it/s] 13%|█▎        | 399/3158 [01:40<04:00, 11.48it/s] 13%|█▎        | 401/3158 [01:41<04:44,  9.68it/s] 13%|█▎        | 405/3158 [01:41<05:05,  9.02it/s] 13%|█▎        | 407/3158 [01:42<07:01,  6.53it/s] 13%|█▎        | 412/3158 [01:43<07:03,  6.48it/s] 13%|█▎        | 413/3158 [01:46<17:34,  2.60it/s] 13%|█▎        | 414/3158 [01:48<23:29,  1.95it/s] 13%|█▎        | 418/3158 [01:48<17:10,  2.66it/s] 13%|█▎        | 419/3158 [01:49<18:17,  2.50it/s] 13%|█▎        | 423/3158 [01:50<16:34,  2.75it/s] 14%|█▎        | 427/3158 [01:52<16:46,  2.71it/s] 14%|█▎        | 428/3158 [01:52<18:27,  2.46it/s] 14%|█▎        | 429/3158 [01:54<24:07,  1.89it/s] 14%|█▎        | 430/3158 [01:54<25:03,  1.81it/s] 14%|█▍        | 449/3158 [01:56<07:24,  6.10it/s] 14%|█▍        | 455/3158 [01:57<08:09,  5.52it/s] 14%|█▍        | 456/3158 [01:58<09:33,  4.71it/s] 15%|█▍        | 461/3158 [01:58<08:23,  5.35it/s] 15%|█▌        | 476/3158 [01:59<05:08,  8.69it/s] 15%|█▌        | 478/3158 [02:00<06:10,  7.23it/s] 15%|█▌        | 487/3158 [02:02<06:58,  6.38it/s] 16%|█▌        | 502/3158 [02:02<04:23, 10.07it/s] 16%|█▌        | 505/3158 [02:03<04:49,  9.18it/s] 16%|█▌        | 508/3158 [02:03<05:18,  8.33it/s] 16%|█▌        | 509/3158 [02:04<07:06,  6.21it/s] 16%|█▌        | 513/3158 [02:08<17:30,  2.52it/s] 16%|█▋        | 514/3158 [02:09<19:02,  2.31it/s] 16%|█▋        | 516/3158 [02:10<17:56,  2.45it/s] 16%|█▋        | 518/3158 [02:11<22:37,  1.95it/s] 16%|█▋        | 520/3158 [02:18<51:14,  1.17s/it] 17%|█▋        | 532/3158 [02:20<22:27,  1.95it/s] 17%|█▋        | 538/3158 [02:35<49:13,  1.13s/it] 17%|█▋        | 540/3158 [02:43<1:05:51,  1.51s/it] 17%|█▋        | 552/3158 [02:45<34:41,  1.25it/s]   18%|█▊        | 559/3158 [02:54<41:17,  1.05it/s] 18%|█▊        | 566/3158 [02:57<33:41,  1.28it/s] 18%|█▊        | 568/3158 [03:05<49:21,  1.14s/it] 18%|█▊        | 570/3158 [03:09<54:47,  1.27s/it] 18%|█▊        | 573/3158 [03:11<48:54,  1.14s/it] 18%|█▊        | 579/3158 [03:13<35:56,  1.20it/s] 18%|█▊        | 583/3158 [03:17<39:05,  1.10it/s] 19%|█▊        | 588/3158 [03:21<35:35,  1.20it/s] 19%|█▊        | 589/3158 [03:23<39:55,  1.07it/s] 19%|█▉        | 600/3158 [03:30<32:44,  1.30it/s] 19%|█▉        | 602/3158 [03:36<43:50,  1.03s/it] 19%|█▉        | 605/3158 [03:38<41:20,  1.03it/s] 20%|█▉        | 617/3158 [03:45<32:01,  1.32it/s] 20%|█▉        | 620/3158 [03:58<57:51,  1.37s/it] 20%|█▉        | 624/3158 [04:30<2:04:28,  2.95s/it] 20%|█▉        | 631/3158 [04:33<1:23:21,  1.98s/it] 20%|██        | 632/3158 [04:35<1:24:22,  2.00s/it] 20%|██        | 643/3158 [04:38<45:23,  1.08s/it]   21%|██        | 652/3158 [04:39<30:55,  1.35it/s] 21%|██        | 660/3158 [04:44<28:42,  1.45it/s] 21%|██        | 663/3158 [04:46<27:45,  1.50it/s] 21%|██        | 669/3158 [04:48<23:11,  1.79it/s] 21%|██▏       | 675/3158 [04:50<20:59,  1.97it/s] 21%|██▏       | 676/3158 [04:51<22:03,  1.87it/s] 22%|██▏       | 685/3158 [04:58<27:11,  1.52it/s] 22%|██▏       | 687/3158 [05:01<31:47,  1.30it/s] 22%|██▏       | 689/3158 [05:02<28:46,  1.43it/s] 22%|██▏       | 690/3158 [05:04<36:01,  1.14it/s] 22%|██▏       | 691/3158 [05:05<34:33,  1.19it/s] 22%|██▏       | 692/3158 [05:05<32:52,  1.25it/s] 22%|██▏       | 693/3158 [05:06<30:59,  1.33it/s] 22%|██▏       | 704/3158 [05:07<10:32,  3.88it/s] 23%|██▎       | 713/3158 [05:07<06:54,  5.90it/s] 23%|██▎       | 717/3158 [05:08<06:52,  5.92it/s] 23%|██▎       | 719/3158 [05:10<11:04,  3.67it/s] 23%|██▎       | 724/3158 [05:12<17:31,  2.32it/s]
https://backstage.eu/dark-easter-metal-meeting-19-20-april-2025.html
https://www.feierwerk.de/konzert-kulturprogramm/detail/2024-07-26--10
https://backstage.eu/jammin-on-friday-w-special-guest-tasheeno.html
https://backstage.eu/the-rock-and-roll-wrestling-bash-free-easy-2024.html
https://backstage.eu/schreyner-monsters-of-rock-tour-2025.html
https://www.feierwerk.de/konzert-kulturprogramm/detail/2024-09-13-vernissage
https://backstage.eu/one-step-closer-a-tribute-to-linkin-park.html
https://www.tixforgigs.com/Event/61177
https://www.feierwerk.de/konzert-kulturprogramm/detail/2024-09-07-
https://backstage.eu/deutsche-luftgitarrenmeisterschaft-2024.html
https://www.feierwerk.de/konzert-kulturprogramm/detail/2024-10-05-sound-of-bavaria-now
https://heppel-ettlich.de/nonessentials.html
https://heppel-ettlich.de/wp-content/uploads/2024/12/IMG_5071.jpeg
https://www.feierwerk.de/konzert-kulturprogramm/detail/2024-12-04-reggae-jam-session
https://backstage.eu/kumpels-in-kutten-heavy-metal-im-ruhrgebiet-free-easy-2024.html
https://www.feierwerk.de/konzert-kulturprogramm/detail/2024-10-04-
https://www.feierwerk.de/konzert-kulturprogramm/detail/2024-09-24-diy-recording-im-proberaum
https://www.feierwerk.de/konzert-kulturprogramm/detail/2024-10-02-rage-against-abschiebung-23
https://clubzwei.reservix.de/p/reservix/event/2401857
https://backstage.eu/25-jahre-asp-die-zusammenkunft-3.html
https://backstage.eu/tanzt-2024-das-mittelalter-folk-rock-metal-festival.html
https://www.feierwerk.de/konzert-kulturprogramm/detail/2024-08-23--1
https://backstage.eu/bud-spencer-heartchor-34-jahre-backstage.html
https://www.feierwerk.de/konzert-kulturprogramm/detail/2024-07-27-finissage
https://www.feierwerk.de/konzert-kulturprogramm/detail/2024-08-04-
https://www.feierwerk.de/konzert-kulturprogramm/detail/2024-08-25--1
https://backstage.eu/the-legendary-pinkdots-live-2025.html
https://www.feierwerk.de/konzert-kulturprogramm/detail/2024-11-13-kinder-und-jugendversammlung-sendling-westpark
https://backstage.eu/karaoke-till-death-free-easy-2024.html
https://www.feierwerk.de/konzert-kulturprogramm/detail/2024-09-28-finta-music-networking-brunch
https://backstage.eu/thrash-inferno-24.html
https://backstage.eu/paganfest-2025.html
https://import-export.cc/event/sahiya-canda-kurd-kurdisches-kulturfest/
https://backstage.eu/tom-henzen-s-50th-2-stage-anniversary-restart-07-03-25.html
https://www.feierwerk.de/konzert-kulturprogramm/detail/2024-12-20-break-it-down-pres-all-crews-are-beautiful-15
https://bit.ly/3FRQkp5
|time data 'November 5, 2025 - 20:00' does not match format '%d. %B %Y - %H:%M'    |
https://www.feierwerk.de/konzert-kulturprogramm/detail/2024-09-15-
https://backstage.eu/blutfest-2024-blutgott-debauchery-blood-god-balgeroth-free-easy-2024.html
https://backstage.eu/call-the-cops-inkl-fuck-off-2024-silvester-party.html
https://www.feierwerk.de/konzert-kulturprogramm/detail/2024-08-17-
https://loveyourartist.com/profiles/heppel-and-ettlich-BMBZJE/events/weil-giraffe-alles-sieht-munchen-I4HLVZ
|time data 'May 18, 2025 - 11:00' does not match format '%d. %B %Y - %H:%M'        |
https://www.muffatwerk.de/de/events/view/7518/kelvin-jones-presents-mupani
https://heppel-ettlich.de/openstage.html
https://backstage.eu/faces-of-death-tour-2024.html
https://www.eventbrite.de/e/live-comedy-battle-ultimate-funny-championships-105-tickets-1317401255619?aff=oddtdtcreator
https://backstage.eu/fritz-kola-kart-n-kola-vol-2-live.html
  0%|          | 0/3158 [00:00<?, ?it/s]  3%|▎         | 82/3158 [00:00<00:35, 87.36it/s]  5%|▍         | 153/3158 [00:01<00:35, 85.61it/s]  9%|▉         | 299/3158 [00:02<00:18, 153.08it/s] 12%|█▏        | 377/3158 [00:02<00:17, 156.17it/s] 15%|█▍        | 459/3158 [00:03<00:16, 159.84it/s] 21%|██        | 657/3158 [00:03<00:12, 205.39it/s] 23%|██▎       | 733/3158 [00:07<00:34, 70.79it/s]  25%|██▌       | 802/3158 [00:08<00:33, 69.36it/s] 27%|██▋       | 845/3158 [00:09<00:35, 64.79it/s] 31%|███▏      | 988/3158 [00:10<00:22, 95.21it/s] 36%|███▌      | 1142/3158 [00:11<00:20, 100.68it/s] 38%|███▊      | 1197/3158 [00:12<00:20, 95.96it/s]  39%|███▉      | 1235/3158 [00:12<00:22, 83.94it/s] 42%|████▏     | 1330/3158 [00:13<00:18, 97.92it/s] 43%|████▎     | 1366/3158 [00:14<00:20, 88.35it/s] 44%|████▍     | 1383/3158 [00:15<00:26, 66.35it/s] 44%|████▍     | 1402/3158 [00:15<00:32, 54.77it/s] 45%|████▍     | 1408/3158 [00:16<00:45, 38.52it/s] 47%|████▋     | 1481/3158 [00:17<00:30, 55.00it/s] 47%|████▋     | 1488/3158 [00:18<00:38, 43.36it/s] 51%|█████▏    | 1621/3158 [00:19<00:19, 78.75it/s] 52%|█████▏    | 1635/3158 [00:19<00:22, 68.62it/s] 53%|█████▎    | 1665/3158 [00:20<00:22, 65.30it/s] 53%|█████▎    | 1689/3158 [00:20<00:26, 55.00it/s] 59%|█████▉    | 1863/3158 [00:22<00:15, 85.79it/s] 60%|█████▉    | 1891/3158 [00:23<00:18, 69.36it/s] 63%|██████▎   | 1980/3158 [00:23<00:13, 87.05it/s] 68%|██████▊   | 2140/3158 [00:24<00:08, 117.96it/s] 69%|██████▉   | 2172/3158 [00:25<00:09, 108.02it/s] 69%|██████▉   | 2192/3158 [00:25<00:11, 86.09it/s]  73%|███████▎  | 2291/3158 [00:26<00:07, 113.36it/s] 73%|███████▎  | 2304/3158 [00:27<00:10, 77.77it/s]  74%|███████▍  | 2331/3158 [00:27<00:13, 60.97it/s] 74%|███████▍  | 2339/3158 [00:28<00:17, 45.89it/s] 79%|███████▉  | 2499/3158 [00:29<00:06, 102.95it/s] 80%|███████▉  | 2519/3158 [00:30<00:08, 78.84it/s]  80%|████████  | 2529/3158 [00:30<00:09, 66.02it/s] 81%|████████  | 2562/3158 [00:31<00:09, 62.86it/s] 82%|████████▏ | 2577/3158 [00:31<00:11, 50.52it/s] 84%|████████▎ | 2639/3158 [00:32<00:07, 69.60it/s] 84%|████████▍ | 2647/3158 [00:33<00:13, 37.93it/s] 85%|████████▍ | 2681/3158 [00:34<00:11, 40.91it/s] 87%|████████▋ | 2763/3158 [00:34<00:05, 67.00it/s] 90%|█████████ | 2854/3158 [00:36<00:04, 64.47it/s] 95%|█████████▍| 2987/3158 [00:37<00:01, 92.48it/s] 99%|█████████▉| 3123/3158 [00:38<00:00, 103.06it/s] 99%|█████████▉| 3139/3158 [00:38<00:00, 90.99it/s] 100%|█████████▉| 3155/3158 [00:39<00:00, 75.31it/s]100%|██████████| 3158/3158 [00:39<00:00, 80.45it/s]
  0%|          | 0/3158 [00:00<?, ?it/s]  0%|          | 11/3158 [00:01<04:52, 10.74it/s]  4%|▍         | 122/3158 [00:01<00:32, 92.22it/s] 18%|█▊        | 578/3158 [00:02<00:06, 385.28it/s] 21%|██        | 663/3158 [00:02<00:07, 318.80it/s] 22%|██▏       | 700/3158 [00:04<00:22, 111.64it/s] 29%|██▉       | 908/3158 [00:05<00:14, 160.33it/s] 40%|████      | 1273/3158 [00:06<00:07, 252.36it/s] 41%|████▏     | 1309/3158 [00:09<00:18, 100.29it/s] 42%|████▏     | 1334/3158 [00:11<00:26, 67.96it/s]  44%|████▎     | 1379/3158 [00:11<00:25, 70.82it/s] 44%|████▍     | 1394/3158 [00:15<00:49, 35.33it/s] 45%|████▍     | 1415/3158 [00:15<00:48, 36.27it/s] 48%|████▊     | 1503/3158 [00:16<00:30, 53.51it/s] 49%|████▊     | 1532/3158 [00:17<00:31, 50.89it/s] 59%|█████▊    | 1850/3158 [00:17<00:08, 148.68it/s] 62%|██████▏   | 1964/3158 [00:19<00:11, 104.83it/s] 73%|███████▎  | 2299/3158 [00:24<00:09, 93.45it/s] 
Traceback (most recent call last):
  File "/home/a163/anaconda3/envs/musikfrosch/lib/python3.11/site-packages/urllib3/connectionpool.py", line 466, in _make_request
    six.raise_from(e, None)
  File "<string>", line 3, in raise_from
  File "/home/a163/anaconda3/envs/musikfrosch/lib/python3.11/site-packages/urllib3/connectionpool.py", line 461, in _make_request
    httplib_response = conn.getresponse()
                       ^^^^^^^^^^^^^^^^^^
  File "/home/a163/anaconda3/envs/musikfrosch/lib/python3.11/http/client.py", line 1378, in getresponse
    response.begin()
  File "/home/a163/anaconda3/envs/musikfrosch/lib/python3.11/http/client.py", line 318, in begin
    version, status, reason = self._read_status()
                              ^^^^^^^^^^^^^^^^^^^
  File "/home/a163/anaconda3/envs/musikfrosch/lib/python3.11/http/client.py", line 279, in _read_status
    line = str(self.fp.readline(_MAXLINE + 1), "iso-8859-1")
               ^^^^^^^^^^^^^^^^^^^^^^^^^^^^^^
  File "/home/a163/anaconda3/envs/musikfrosch/lib/python3.11/socket.py", line 706, in readinto
    return self._sock.recv_into(b)
           ^^^^^^^^^^^^^^^^^^^^^^^
  File "/home/a163/anaconda3/envs/musikfrosch/lib/python3.11/ssl.py", line 1311, in recv_into
    return self.read(nbytes, buffer)
           ^^^^^^^^^^^^^^^^^^^^^^^^^
  File "/home/a163/anaconda3/envs/musikfrosch/lib/python3.11/ssl.py", line 1167, in read
    return self._sslobj.read(len, buffer)
           ^^^^^^^^^^^^^^^^^^^^^^^^^^^^^^
TimeoutError: The read operation timed out

During handling of the above exception, another exception occurred:

Traceback (most recent call last):
  File "/home/a163/anaconda3/envs/musikfrosch/lib/python3.11/site-packages/requests/adapters.py", line 486, in send
    resp = conn.urlopen(
           ^^^^^^^^^^^^^
  File "/home/a163/anaconda3/envs/musikfrosch/lib/python3.11/site-packages/urllib3/connectionpool.py", line 798, in urlopen
    retries = retries.increment(
              ^^^^^^^^^^^^^^^^^^
  File "/home/a163/anaconda3/envs/musikfrosch/lib/python3.11/site-packages/urllib3/util/retry.py", line 550, in increment
    raise six.reraise(type(error), error, _stacktrace)
          ^^^^^^^^^^^^^^^^^^^^^^^^^^^^^^^^^^^^^^^^^^^^
  File "/home/a163/anaconda3/envs/musikfrosch/lib/python3.11/site-packages/urllib3/packages/six.py", line 770, in reraise
    raise value
  File "/home/a163/anaconda3/envs/musikfrosch/lib/python3.11/site-packages/urllib3/connectionpool.py", line 714, in urlopen
    httplib_response = self._make_request(
                       ^^^^^^^^^^^^^^^^^^^
  File "/home/a163/anaconda3/envs/musikfrosch/lib/python3.11/site-packages/urllib3/connectionpool.py", line 468, in _make_request
    self._raise_timeout(err=e, url=url, timeout_value=read_timeout)
  File "/home/a163/anaconda3/envs/musikfrosch/lib/python3.11/site-packages/urllib3/connectionpool.py", line 357, in _raise_timeout
    raise ReadTimeoutError(
urllib3.exceptions.ReadTimeoutError: HTTPSConnectionPool(host='api.spotify.com', port=443): Read timed out. (read timeout=5)

During handling of the above exception, another exception occurred:

Traceback (most recent call last):
  File "/home/a163/GitRepo/musikfrosch_mc/_main_.py", line 63, in <module>
    cd.addTracksOfArtist('FroschData_03', 'FroschData_06')
  File "/home/a163/GitRepo/musikfrosch_mc/class_dictionary.py", line 236, in addTracksOfArtist
    search_response = (SP_a163.sp.artist_top_tracks(dict_artist['id'], country='GE')['tracks'])
                       ^^^^^^^^^^^^^^^^^^^^^^^^^^^^^^^^^^^^^^^^^^^^^^^^^^^^^^^^^^^^^
  File "/home/a163/anaconda3/envs/musikfrosch/lib/python3.11/site-packages/spotipy/client.py", line 436, in artist_top_tracks
    return self._get("artists/" + trid + "/top-tracks", country=country)
           ^^^^^^^^^^^^^^^^^^^^^^^^^^^^^^^^^^^^^^^^^^^^^^^^^^^^^^^^^^^^^
  File "/home/a163/anaconda3/envs/musikfrosch/lib/python3.11/site-packages/spotipy/client.py", line 323, in _get
    return self._internal_call("GET", url, payload, kwargs)
           ^^^^^^^^^^^^^^^^^^^^^^^^^^^^^^^^^^^^^^^^^^^^^^^^
  File "/home/a163/anaconda3/envs/musikfrosch/lib/python3.11/site-packages/spotipy/client.py", line 266, in _internal_call
    response = self._session.request(
               ^^^^^^^^^^^^^^^^^^^^^^
  File "/home/a163/anaconda3/envs/musikfrosch/lib/python3.11/site-packages/requests/sessions.py", line 589, in request
    resp = self.send(prep, **send_kwargs)
           ^^^^^^^^^^^^^^^^^^^^^^^^^^^^^^
  File "/home/a163/anaconda3/envs/musikfrosch/lib/python3.11/site-packages/requests/sessions.py", line 703, in send
    r = adapter.send(request, **kwargs)
        ^^^^^^^^^^^^^^^^^^^^^^^^^^^^^^^
  File "/home/a163/anaconda3/envs/musikfrosch/lib/python3.11/site-packages/requests/adapters.py", line 532, in send
    raise ReadTimeout(e, request=request)
requests.exceptions.ReadTimeout: HTTPSConnectionPool(host='api.spotify.com', port=443): Read timed out. (read timeout=5)
