  ███╗   ███╗██╗   ██╗███████╗██╗ ██████╗███████╗██████╗  ██████╗ ███████╗ ██████╗██╗  ██╗███╗   ███╗ ██████╗
  ████╗ ████║██║   ██║██╔════╝██║██╔════╝██╔════╝██╔══██╗██╔═══██╗██╔════╝██╔════╝██║  ██║████╗ ████║██╔════╝
  ██╔████╔██║██║   ██║███████╗██║██║     █████╗  ██████╔╝██║   ██║███████╗██║     ███████║██╔████╔██║██║     
  ██║╚██╔╝██║██║   ██║╚════██║██║██║     ██╔══╝  ██╔══██╗██║   ██║╚════██║██║     ██╔══██║██║╚██╔╝██║██║     
  ██║ ╚═╝ ██║╚██████╔╝███████║██║╚██████╗██║     ██║  ██║╚██████╔╝███████║╚██████╗██║  ██║██║ ╚═╝ ██║╚██████╗
  ╚═╝     ╚═╝ ╚═════╝ ╚══════╝╚═╝ ╚═════╝╚═╝     ╚═╝  ╚═╝ ╚═════╝ ╚══════╝ ╚═════╝╚═╝  ╚═╝╚═╝     ╚═╝ ╚═════╝
Current date and time: Fr 13. Sep 17:44:41 CEST 2024
Current folder: /

|CREATE_Log                                                         240913-17_44_56|
|Work directory: /home/a163/GitRepo/musikfrosch_mc                                 |
|Running script: _main_.py                                                         |
|Spotify token                                                 |nam:Musik|typ: user|
  0%|          | 0/7 [00:00<?, ?it/s] 14%|█▍        | 1/7 [00:01<00:09,  1.66s/it] 29%|██▊       | 2/7 [00:02<00:05,  1.11s/it] 43%|████▎     | 3/7 [00:03<00:05,  1.27s/it] 57%|█████▋    | 4/7 [00:05<00:04,  1.47s/it] 71%|███████▏  | 5/7 [00:49<00:33, 16.73s/it] 86%|████████▌ | 6/7 [00:51<00:11, 11.70s/it]100%|██████████| 7/7 [01:29<00:00, 20.26s/it]100%|██████████| 7/7 [01:29<00:00, 12.75s/it]
  0%|          | 0/1321 [00:00<?, ?it/s]  0%|          | 1/1321 [00:02<51:25,  2.34s/it]  0%|          | 3/1321 [00:04<33:09,  1.51s/it]  0%|          | 6/1321 [00:06<21:20,  1.03it/s]  1%|          | 11/1321 [00:07<10:14,  2.13it/s]  2%|▏         | 31/1321 [00:08<03:35,  6.00it/s]  2%|▏         | 33/1321 [00:09<03:51,  5.57it/s]  3%|▎         | 34/1321 [00:10<04:25,  4.85it/s]  3%|▎         | 37/1321 [00:11<05:22,  3.99it/s]  3%|▎         | 39/1321 [00:11<05:26,  3.93it/s]  3%|▎         | 41/1321 [00:12<05:25,  3.93it/s]  3%|▎         | 45/1321 [00:12<04:17,  4.96it/s]  4%|▎         | 47/1321 [00:14<06:24,  3.31it/s]  4%|▍         | 50/1321 [00:16<09:49,  2.16it/s]  4%|▍         | 56/1321 [00:17<06:29,  3.25it/s]  5%|▌         | 67/1321 [00:18<04:27,  4.68it/s]  5%|▌         | 68/1321 [00:21<07:34,  2.76it/s]  6%|▌         | 76/1321 [00:21<04:51,  4.27it/s]  6%|▋         | 85/1321 [00:24<04:58,  4.14it/s]  7%|▋         | 90/1321 [00:24<04:20,  4.73it/s]  7%|▋         | 95/1321 [00:26<05:19,  3.84it/s]  8%|▊         | 100/1321 [00:28<06:20,  3.21it/s]  8%|▊         | 102/1321 [00:30<08:01,  2.53it/s]  8%|▊         | 105/1321 [00:32<08:15,  2.45it/s]  9%|▉         | 120/1321 [00:33<04:05,  4.90it/s] 10%|▉         | 129/1321 [00:33<03:07,  6.37it/s] 11%|█         | 147/1321 [00:36<02:40,  7.33it/s] 11%|█▏        | 149/1321 [00:36<02:50,  6.86it/s] 11%|█▏        | 150/1321 [00:40<06:20,  3.08it/s] 12%|█▏        | 154/1321 [00:40<05:30,  3.53it/s] 12%|█▏        | 155/1321 [00:41<05:53,  3.30it/s] 12%|█▏        | 158/1321 [00:43<07:00,  2.76it/s] 12%|█▏        | 159/1321 [00:45<10:13,  1.89it/s] 13%|█▎        | 170/1321 [00:45<04:27,  4.29it/s] 13%|█▎        | 172/1321 [00:47<05:45,  3.32it/s] 14%|█▍        | 186/1321 [00:47<02:49,  6.71it/s] 15%|█▍        | 194/1321 [00:49<03:09,  5.96it/s] 15%|█▍        | 197/1321 [00:49<03:10,  5.90it/s] 16%|█▌        | 206/1321 [00:51<03:34,  5.19it/s] 16%|█▌        | 209/1321 [00:53<04:36,  4.02it/s] 17%|█▋        | 226/1321 [00:54<02:19,  7.84it/s] 17%|█▋        | 228/1321 [00:56<03:41,  4.93it/s] 17%|█▋        | 230/1321 [00:57<04:33,  3.99it/s] 18%|█▊        | 234/1321 [01:00<06:19,  2.86it/s] 18%|█▊        | 239/1321 [01:01<06:30,  2.77it/s] 18%|█▊        | 242/1321 [01:03<06:49,  2.64it/s] 18%|█▊        | 243/1321 [01:04<08:10,  2.20it/s] 18%|█▊        | 244/1321 [01:05<08:17,  2.16it/s] 19%|█▊        | 246/1321 [01:07<12:15,  1.46it/s] 19%|█▊        | 247/1321 [01:10<17:12,  1.04it/s] 19%|█▉        | 252/1321 [01:13<13:23,  1.33it/s] 19%|█▉        | 254/1321 [01:13<11:51,  1.50it/s] 20%|█▉        | 258/1321 [01:14<08:15,  2.15it/s] 20%|█▉        | 262/1321 [01:15<06:12,  2.84it/s] 20%|██        | 266/1321 [01:15<04:43,  3.73it/s] 20%|██        | 270/1321 [01:17<06:24,  2.73it/s] 21%|██        | 279/1321 [01:18<03:36,  4.80it/s] 22%|██▏       | 288/1321 [01:21<04:21,  3.95it/s] 22%|██▏       | 292/1321 [01:22<04:52,  3.52it/s] 24%|██▍       | 314/1321 [01:25<02:56,  5.69it/s] 24%|██▍       | 317/1321 [01:26<03:30,  4.78it/s] 24%|██▍       | 320/1321 [01:27<03:25,  4.86it/s] 24%|██▍       | 322/1321 [01:28<04:30,  3.70it/s] 24%|██▍       | 323/1321 [01:30<05:52,  2.83it/s] 25%|██▍       | 329/1321 [01:32<05:46,  2.86it/s] 25%|██▌       | 336/1321 [01:32<04:01,  4.08it/s] 26%|██▌       | 337/1321 [01:34<05:34,  2.94it/s] 26%|██▌       | 341/1321 [01:35<05:42,  2.86it/s] 26%|██▌       | 345/1321 [01:38<07:14,  2.25it/s] 26%|██▌       | 346/1321 [01:38<07:12,  2.25it/s] 27%|██▋       | 358/1321 [01:39<03:07,  5.13it/s] 28%|██▊       | 369/1321 [01:40<02:06,  7.51it/s] 28%|██▊       | 371/1321 [01:40<02:30,  6.33it/s] 28%|██▊       | 373/1321 [01:43<04:45,  3.32it/s] 29%|██▊       | 377/1321 [01:43<03:52,  4.05it/s] 29%|██▉       | 382/1321 [01:44<03:08,  4.99it/s] 29%|██▉       | 385/1321 [01:46<05:09,  3.03it/s] 29%|██▉       | 386/1321 [01:48<06:54,  2.26it/s] 29%|██▉       | 387/1321 [01:48<07:09,  2.18it/s] 29%|██▉       | 388/1321 [01:51<11:56,  1.30it/s] 30%|██▉       | 390/1321 [01:51<09:45,  1.59it/s] 30%|██▉       | 396/1321 [01:52<05:06,  3.02it/s] 30%|███       | 399/1321 [01:53<04:29,  3.42it/s] 30%|███       | 402/1321 [01:53<03:59,  3.84it/s] 31%|███       | 405/1321 [01:56<06:55,  2.20it/s] 31%|███       | 408/1321 [01:56<05:40,  2.68it/s] 31%|███       | 411/1321 [01:58<05:45,  2.63it/s] 31%|███▏      | 414/1321 [01:58<04:50,  3.12it/s] 32%|███▏      | 423/1321 [02:00<03:57,  3.79it/s] 32%|███▏      | 428/1321 [02:02<04:02,  3.69it/s] 32%|███▏      | 429/1321 [02:02<04:32,  3.27it/s] 33%|███▎      | 436/1321 [02:03<02:52,  5.13it/s] 34%|███▍      | 447/1321 [02:03<01:47,  8.13it/s] 35%|███▍      | 457/1321 [02:05<01:55,  7.50it/s] 36%|███▌      | 469/1321 [02:05<01:23, 10.23it/s] 36%|███▋      | 479/1321 [02:08<02:08,  6.56it/s] 37%|███▋      | 489/1321 [02:10<02:12,  6.28it/s] 37%|███▋      | 493/1321 [02:12<03:01,  4.57it/s] 37%|███▋      | 495/1321 [02:12<03:05,  4.45it/s] 38%|███▊      | 502/1321 [02:15<03:31,  3.88it/s] 38%|███▊      | 503/1321 [02:15<03:45,  3.63it/s] 38%|███▊      | 506/1321 [02:16<03:21,  4.04it/s] 38%|███▊      | 507/1321 [02:18<06:26,  2.11it/s] 39%|███▊      | 511/1321 [02:19<04:49,  2.80it/s] 39%|███▉      | 521/1321 [02:19<02:33,  5.21it/s] 40%|███▉      | 527/1321 [02:21<02:46,  4.76it/s] 41%|████      | 536/1321 [02:22<01:57,  6.69it/s] 42%|████▏     | 559/1321 [02:22<00:53, 14.18it/s] 43%|████▎     | 567/1321 [02:24<01:27,  8.67it/s] 43%|████▎     | 569/1321 [02:26<02:20,  5.34it/s] 43%|████▎     | 571/1321 [02:27<02:28,  5.05it/s] 44%|████▎     | 577/1321 [02:27<02:04,  5.99it/s] 45%|████▍     | 589/1321 [02:28<01:23,  8.81it/s] 45%|████▌     | 596/1321 [02:29<01:16,  9.50it/s] 46%|████▋     | 612/1321 [02:29<00:52, 13.63it/s] 47%|████▋     | 618/1321 [02:31<01:17,  9.06it/s] 47%|████▋     | 620/1321 [02:33<02:15,  5.18it/s] 47%|████▋     | 624/1321 [02:35<03:01,  3.84it/s] 47%|████▋     | 627/1321 [02:35<02:50,  4.06it/s] 48%|████▊     | 629/1321 [02:39<02:55,  3.95it/s]
  0%|          | 0/1321 [00:00<?, ?it/s]  4%|▎         | 49/1321 [00:00<00:16, 77.47it/s]  5%|▌         | 67/1321 [00:01<00:21, 58.39it/s]  6%|▌         | 75/1321 [00:01<00:30, 41.22it/s]  8%|▊         | 108/1321 [00:02<00:24, 50.46it/s] 11%|█         | 139/1321 [00:02<00:20, 56.52it/s] 12%|█▏        | 161/1321 [00:03<00:35, 32.49it/s] 13%|█▎        | 169/1321 [00:05<00:56, 20.40it/s] 14%|█▎        | 179/1321 [00:06<01:14, 15.24it/s] 14%|█▍        | 182/1321 [00:07<01:48, 10.50it/s] 17%|█▋        | 220/1321 [00:08<00:52, 21.16it/s] 17%|█▋        | 229/1321 [00:08<00:52, 20.89it/s] 18%|█▊        | 233/1321 [00:09<00:58, 18.53it/s] 18%|█▊        | 236/1321 [00:09<01:08, 15.90it/s] 19%|█▉        | 249/1321 [00:10<00:57, 18.69it/s] 19%|█▉        | 252/1321 [00:10<01:08, 15.62it/s] 20%|██        | 269/1321 [00:11<00:48, 21.48it/s] 21%|██        | 272/1321 [00:11<01:00, 17.45it/s] 23%|██▎       | 299/1321 [00:12<00:34, 29.38it/s] 23%|██▎       | 305/1321 [00:12<00:41, 24.67it/s] 23%|██▎       | 308/1321 [00:12<00:52, 19.45it/s] 24%|██▍       | 315/1321 [00:13<00:54, 18.31it/s] 24%|██▍       | 318/1321 [00:13<01:07, 14.87it/s] 28%|██▊       | 374/1321 [00:14<00:20, 47.24it/s] 29%|██▉       | 386/1321 [00:14<00:22, 41.08it/s] 31%|███       | 403/1321 [00:15<00:23, 39.49it/s] 32%|███▏      | 417/1321 [00:15<00:24, 36.54it/s] 33%|███▎      | 431/1321 [00:16<00:25, 34.79it/s] 33%|███▎      | 438/1321 [00:16<00:30, 29.13it/s] 33%|███▎      | 441/1321 [00:17<00:39, 22.40it/s] 34%|███▍      | 450/1321 [00:17<00:40, 21.39it/s] 34%|███▍      | 453/1321 [00:18<01:06, 13.13it/s]HTTP Error for GET to https://api.spotify.com/v1/search with Params: {'q': 'artist:Aufgrund künstlerischer Entscheidungen muss die Show am 26.9. im Import Export leider abgesagt werden. Hierfür wird es aber Anfang des Jahres einen Ersatztermin geben.Nach vier gefeierten Platten auf dem Berliner Label Anette Records veröffentlicht Sebastian Birkl alias DOT nun sein neuestes Projekt: „Tales from Erygow“ ist ein Konzeptalbum aus dem Bereich der climate fiction, das die Grenzen seiner musikalischen Herkunft abermals verwischt und eine neue Soundästhetik hervorbingt. Zusammen mit internationalen Künstler:innen ist dem Musiker und Sampling Künstler ein Wurf gelungen, der sich konventioneller Einordnung zu entziehen scheint: Synthie-Jazz trifft auf eine dystopische Scifi-Erzählung; ein Gesamtkunstwerk!Produzent, Musiker und Sampling Künstler. Sebastian Birkl alias DOT hat seine Wurzeln sicherlich in der Hip-Hop- Szene, wobei seine musikalischen Ausflüge gerne die Grenzen instrumentaler Genres verwischen. Gekonnt paart er Jazz-Akkorde, Krautrock-Gitarren und Synthesizer-Pads mit detailreichen Kompositionen, krachenden Drums oder sanften Streichern. Und immer dabei: Die Suche nach dem Neuen. Er gilt als umtriebiger Produzent und Strippenzieher hinter zahlreichen Projekten unterschiedlichster Art und veröffentlichte bereits mehrere Alben über das Berliner Label Anette Records, deren verschiedene Editionen sich rasch ausverkauften. Nach ausgedehnten Touren durch Europa in verschiedenen Gruppierungen, hat sich DOT einen Namen als Solokünstler gemacht, aus dem Sampling kommend wagt er sich nun über Electronica und Jazz abermals in ein neues Feld vor. Seit 2022 schliff DOT in Zusammenarbeit mit dem Münchner Jazztrompeter Matthias Lindermayr und anderen internationalen Künstler:innen an dem Projekt „Tales from Erygow“. Ein Konzeptalbum, das die Grenzen seiner musikalischen Herkunft weiter verwischt und eine neue Soundästhetik hervorbingt: Synthie-Jazz trifft auf eine dystopische Scifi-Erzählung. Das Album erschien Januar 2024 digital und auf Vinyl über Anette Records und wurde in Medien wie dem Bayerischen Rundfunk und der Süddeutschen Zeitung gelobt.\nVorverkaufAbendkasse20 € 25 €', 'limit': 1, 'offset': 0, 'type': 'artist', 'market': 'DE'} returned 400 due to Bad request.
 38%|███▊      | 497/1321 [00:18<00:31, 26.17it/s]
Traceback (most recent call last):
  File "/home/a163/anaconda3/envs/musikfrosch/lib/python3.11/site-packages/spotipy/client.py", line 271, in _internal_call
    response.raise_for_status()
  File "/home/a163/anaconda3/envs/musikfrosch/lib/python3.11/site-packages/requests/models.py", line 1021, in raise_for_status
    raise HTTPError(http_error_msg, response=self)
requests.exceptions.HTTPError: 400 Client Error: Bad Request for url: https://api.spotify.com/v1/search?q=artist%3AAufgrund+k%C3%BCnstlerischer+Entscheidungen+muss+die+Show+am+26.9.+im+Import+Export+leider+abgesagt+werden.+Hierf%C3%BCr+wird+es+aber+Anfang+des+Jahres+einen+Ersatztermin+geben.Nach+vier+gefeierten+Platten+auf+dem+Berliner+Label+Anette+Records+vero%CC%88ffentlicht+Sebastian+Birkl+alias+DOT+nun+sein+neuestes+Projekt%3A+%E2%80%9ETales+from+Erygow%E2%80%9C+ist+ein+Konzeptalbum+aus+dem+Bereich+der+climate+fiction%2C+das+die+Grenzen+seiner+musikalischen+Herkunft+abermals+verwischt+und+eine+neue+Sounda%CC%88sthetik+hervorbingt.+Zusammen+mit+internationalen+Ku%CC%88nstler%3Ainnen+ist+dem+Musiker+und+Sampling+Ku%CC%88nstler+ein+Wurf+gelungen%2C+der+sich+konventioneller+Einordnung+zu+entziehen+scheint%3A+Synthie-Jazz+trifft+auf+eine+dystopische+Scifi-Erza%CC%88hlung%3B+ein+Gesamtkunstwerk%21Produzent%2C+Musiker+und+Sampling+Ku%CC%88nstler.+Sebastian+Birkl+alias+DOT+hat+seine+Wurzeln+sicherlich+in+der+Hip-Hop-+Szene%2C+wobei+seine+musikalischen+Ausflu%CC%88ge+gerne+die+Grenzen+instrumentaler+Genres+verwischen.+Gekonnt+paart+er+Jazz-Akkorde%2C+Krautrock-Gitarren+und+Synthesizer-Pads+mit+detailreichen+Kompositionen%2C+krachenden+Drums+oder+sanften+Streichern.+Und+immer+dabei%3A+Die+Suche+nach+dem+Neuen.+Er+gilt+als+umtriebiger+Produzent+und+Strippenzieher+hinter+zahlreichen+Projekten+unterschiedlichster+Art+und+vero%CC%88ffentlichte+bereits+mehrere+Alben+u%CC%88ber+das+Berliner+Label+Anette+Records%2C+deren+verschiedene+Editionen+sich+rasch+ausverkauften.+Nach+ausgedehnten+Touren+durch+Europa+in+verschiedenen+Gruppierungen%2C+hat+sich+DOT+einen+Namen+als+Soloku%CC%88nstler+gemacht%2C+aus+dem+Sampling+kommend+wagt+er+sich+nun+u%CC%88ber+Electronica+und+Jazz+abermals+in+ein+neues+Feld+vor.+Seit+2022+schliff+DOT+in+Zusammenarbeit+mit+dem+M%C3%BCnchner+Jazztrompeter+Matthias+Lindermayr+und+anderen+internationalen+Ku%CC%88nstler%3Ainnen+an+dem+Projekt+%E2%80%9ETales+from+Erygow%E2%80%9C.+Ein+Konzeptalbum%2C+das+die+Grenzen+seiner+musikalischen+Herkunft+weiter+verwischt+und+eine+neue+Sounda%CC%88sthetik+hervorbingt%3A+Synthie-Jazz+trifft+auf+eine+dystopische+Scifi-Erza%CC%88hlung.+Das+Album+erschien+Januar+2024+digital+und+auf+Vinyl+u%CC%88ber+Anette+Records+und+wurde+in+Medien+wie+dem+Bayerischen+Rundfunk+und+der+S%C3%BCddeutschen+Zeitung+gelobt.%0AVorverkaufAbendkasse20+%E2%82%AC+25+%E2%82%AC&limit=1&offset=0&type=artist&market=DE

During handling of the above exception, another exception occurred:

Traceback (most recent call last):
  File "/home/a163/GitRepo/musikfrosch_mc/_main_.py", line 61, in <module>
    cd.addArtist('FroschData_02', 'FroschData_03')
  File "/home/a163/GitRepo/musikfrosch_mc/class_dictionary.py", line 196, in addArtist
    search_response = SP_a163.sp.search(q=f"artist:{artist}", limit=1, type='artist', market='DE')
                      ^^^^^^^^^^^^^^^^^^^^^^^^^^^^^^^^^^^^^^^^^^^^^^^^^^^^^^^^^^^^^^^^^^^^^^^^^^^^
  File "/home/a163/anaconda3/envs/musikfrosch/lib/python3.11/site-packages/spotipy/client.py", line 587, in search
    return self._get(
           ^^^^^^^^^^
  File "/home/a163/anaconda3/envs/musikfrosch/lib/python3.11/site-packages/spotipy/client.py", line 323, in _get
    return self._internal_call("GET", url, payload, kwargs)
           ^^^^^^^^^^^^^^^^^^^^^^^^^^^^^^^^^^^^^^^^^^^^^^^^
  File "/home/a163/anaconda3/envs/musikfrosch/lib/python3.11/site-packages/spotipy/client.py", line 293, in _internal_call
    raise SpotifyException(
spotipy.exceptions.SpotifyException: http status: 400, code:-1 - https://api.spotify.com/v1/search?q=artist%3AAufgrund+k%C3%BCnstlerischer+Entscheidungen+muss+die+Show+am+26.9.+im+Import+Export+leider+abgesagt+werden.+Hierf%C3%BCr+wird+es+aber+Anfang+des+Jahres+einen+Ersatztermin+geben.Nach+vier+gefeierten+Platten+auf+dem+Berliner+Label+Anette+Records+vero%CC%88ffentlicht+Sebastian+Birkl+alias+DOT+nun+sein+neuestes+Projekt%3A+%E2%80%9ETales+from+Erygow%E2%80%9C+ist+ein+Konzeptalbum+aus+dem+Bereich+der+climate+fiction%2C+das+die+Grenzen+seiner+musikalischen+Herkunft+abermals+verwischt+und+eine+neue+Sounda%CC%88sthetik+hervorbingt.+Zusammen+mit+internationalen+Ku%CC%88nstler%3Ainnen+ist+dem+Musiker+und+Sampling+Ku%CC%88nstler+ein+Wurf+gelungen%2C+der+sich+konventioneller+Einordnung+zu+entziehen+scheint%3A+Synthie-Jazz+trifft+auf+eine+dystopische+Scifi-Erza%CC%88hlung%3B+ein+Gesamtkunstwerk%21Produzent%2C+Musiker+und+Sampling+Ku%CC%88nstler.+Sebastian+Birkl+alias+DOT+hat+seine+Wurzeln+sicherlich+in+der+Hip-Hop-+Szene%2C+wobei+seine+musikalischen+Ausflu%CC%88ge+gerne+die+Grenzen+instrumentaler+Genres+verwischen.+Gekonnt+paart+er+Jazz-Akkorde%2C+Krautrock-Gitarren+und+Synthesizer-Pads+mit+detailreichen+Kompositionen%2C+krachenden+Drums+oder+sanften+Streichern.+Und+immer+dabei%3A+Die+Suche+nach+dem+Neuen.+Er+gilt+als+umtriebiger+Produzent+und+Strippenzieher+hinter+zahlreichen+Projekten+unterschiedlichster+Art+und+vero%CC%88ffentlichte+bereits+mehrere+Alben+u%CC%88ber+das+Berliner+Label+Anette+Records%2C+deren+verschiedene+Editionen+sich+rasch+ausverkauften.+Nach+ausgedehnten+Touren+durch+Europa+in+verschiedenen+Gruppierungen%2C+hat+sich+DOT+einen+Namen+als+Soloku%CC%88nstler+gemacht%2C+aus+dem+Sampling+kommend+wagt+er+sich+nun+u%CC%88ber+Electronica+und+Jazz+abermals+in+ein+neues+Feld+vor.+Seit+2022+schliff+DOT+in+Zusammenarbeit+mit+dem+M%C3%BCnchner+Jazztrompeter+Matthias+Lindermayr+und+anderen+internationalen+Ku%CC%88nstler%3Ainnen+an+dem+Projekt+%E2%80%9ETales+from+Erygow%E2%80%9C.+Ein+Konzeptalbum%2C+das+die+Grenzen+seiner+musikalischen+Herkunft+weiter+verwischt+und+eine+neue+Sounda%CC%88sthetik+hervorbingt%3A+Synthie-Jazz+trifft+auf+eine+dystopische+Scifi-Erza%CC%88hlung.+Das+Album+erschien+Januar+2024+digital+und+auf+Vinyl+u%CC%88ber+Anette+Records+und+wurde+in+Medien+wie+dem+Bayerischen+Rundfunk+und+der+S%C3%BCddeutschen+Zeitung+gelobt.%0AVorverkaufAbendkasse20+%E2%82%AC+25+%E2%82%AC&limit=1&offset=0&type=artist&market=DE:
 Bad request., reason: None
