  ███╗   ███╗██╗   ██╗███████╗██╗ ██████╗███████╗██████╗  ██████╗ ███████╗ ██████╗██╗  ██╗███╗   ███╗ ██████╗
  ████╗ ████║██║   ██║██╔════╝██║██╔════╝██╔════╝██╔══██╗██╔═══██╗██╔════╝██╔════╝██║  ██║████╗ ████║██╔════╝
  ██╔████╔██║██║   ██║███████╗██║██║     █████╗  ██████╔╝██║   ██║███████╗██║     ███████║██╔████╔██║██║     
  ██║╚██╔╝██║██║   ██║╚════██║██║██║     ██╔══╝  ██╔══██╗██║   ██║╚════██║██║     ██╔══██║██║╚██╔╝██║██║     
  ██║ ╚═╝ ██║╚██████╔╝███████║██║╚██████╗██║     ██║  ██║╚██████╔╝███████║╚██████╗██║  ██║██║ ╚═╝ ██║╚██████╗
  ╚═╝     ╚═╝ ╚═════╝ ╚══════╝╚═╝ ╚═════╝╚═╝     ╚═╝  ╚═╝ ╚═════╝ ╚══════╝ ╚═════╝╚═╝  ╚═╝╚═╝     ╚═╝ ╚═════╝
Current date and time: Fr 13. Jun 15:35:21 CEST 2025
Current folder: /

|CREATE_Log                                                         250613-15_35_36|
|Work directory: /home/a163/GitRepo/musikfrosch_mc                                 |
|Running script: _main_.py                                                         |
|Spotify token                                                 |nam:Musik|typ: user|
  0%|          | 0/7 [00:00<?, ?it/s] 14%|█▍        | 1/7 [00:06<00:36,  6.08s/it] 29%|██▊       | 2/7 [00:11<00:29,  5.93s/it] 43%|████▎     | 3/7 [00:14<00:17,  4.43s/it] 57%|█████▋    | 4/7 [00:26<00:22,  7.36s/it] 71%|███████▏  | 5/7 [00:55<00:30, 15.32s/it] 86%|████████▌ | 6/7 [01:02<00:12, 12.49s/it] 86%|████████▌ | 6/7 [01:12<00:12, 12.14s/it]
Traceback (most recent call last):
  File "/home/a163/anaconda3/envs/musikfrosch/lib/python3.11/site-packages/urllib3/connection.py", line 174, in _new_conn
    conn = connection.create_connection(
           ^^^^^^^^^^^^^^^^^^^^^^^^^^^^^
  File "/home/a163/anaconda3/envs/musikfrosch/lib/python3.11/site-packages/urllib3/util/connection.py", line 72, in create_connection
    for res in socket.getaddrinfo(host, port, family, socket.SOCK_STREAM):
               ^^^^^^^^^^^^^^^^^^^^^^^^^^^^^^^^^^^^^^^^^^^^^^^^^^^^^^^^^^
  File "/home/a163/anaconda3/envs/musikfrosch/lib/python3.11/socket.py", line 962, in getaddrinfo
    for res in _socket.getaddrinfo(host, port, family, type, proto, flags):
               ^^^^^^^^^^^^^^^^^^^^^^^^^^^^^^^^^^^^^^^^^^^^^^^^^^^^^^^^^^^
socket.gaierror: [Errno -3] Temporary failure in name resolution

During handling of the above exception, another exception occurred:

Traceback (most recent call last):
  File "/home/a163/anaconda3/envs/musikfrosch/lib/python3.11/site-packages/urllib3/connectionpool.py", line 714, in urlopen
    httplib_response = self._make_request(
                       ^^^^^^^^^^^^^^^^^^^
  File "/home/a163/anaconda3/envs/musikfrosch/lib/python3.11/site-packages/urllib3/connectionpool.py", line 403, in _make_request
    self._validate_conn(conn)
  File "/home/a163/anaconda3/envs/musikfrosch/lib/python3.11/site-packages/urllib3/connectionpool.py", line 1053, in _validate_conn
    conn.connect()
  File "/home/a163/anaconda3/envs/musikfrosch/lib/python3.11/site-packages/urllib3/connection.py", line 363, in connect
    self.sock = conn = self._new_conn()
                       ^^^^^^^^^^^^^^^^
  File "/home/a163/anaconda3/envs/musikfrosch/lib/python3.11/site-packages/urllib3/connection.py", line 186, in _new_conn
    raise NewConnectionError(
urllib3.exceptions.NewConnectionError: <urllib3.connection.HTTPSConnection object at 0x75b4b5f6bbd0>: Failed to establish a new connection: [Errno -3] Temporary failure in name resolution

During handling of the above exception, another exception occurred:

Traceback (most recent call last):
  File "/home/a163/anaconda3/envs/musikfrosch/lib/python3.11/site-packages/requests/adapters.py", line 486, in send
    resp = conn.urlopen(
           ^^^^^^^^^^^^^
  File "/home/a163/anaconda3/envs/musikfrosch/lib/python3.11/site-packages/urllib3/connectionpool.py", line 798, in urlopen
    retries = retries.increment(
              ^^^^^^^^^^^^^^^^^^
  File "/home/a163/anaconda3/envs/musikfrosch/lib/python3.11/site-packages/urllib3/util/retry.py", line 592, in increment
    raise MaxRetryError(_pool, url, error or ResponseError(cause))
urllib3.exceptions.MaxRetryError: HTTPSConnectionPool(host='backstage.eu', port=443): Max retries exceeded with url: /veranstaltungen/live.html (Caused by NewConnectionError('<urllib3.connection.HTTPSConnection object at 0x75b4b5f6bbd0>: Failed to establish a new connection: [Errno -3] Temporary failure in name resolution'))

During handling of the above exception, another exception occurred:

Traceback (most recent call last):
  File "/home/a163/GitRepo/musikfrosch_mc/_main_.py", line 57, in <module>
    cd.scrapSideCompare('FroschData_10fin', 'FroschData_01', URLs)
  File "/home/a163/GitRepo/musikfrosch_mc/class_dictionary.py", line 103, in scrapSideCompare
    newEvents = scrapSide(URLs)
                ^^^^^^^^^^^^^^^
  File "/home/a163/GitRepo/musikfrosch_mc/class_dictionary.py", line 80, in scrapSide
    page_object = s.page(URL)
                  ^^^^^^^^^^^
  File "/home/a163/GitRepo/musikfrosch_mc/scrapers.py", line 370, in __init__
    self.soup = BeautifulSoup(requests.get(page_URL).text, "html.parser")
                              ^^^^^^^^^^^^^^^^^^^^^^
  File "/home/a163/anaconda3/envs/musikfrosch/lib/python3.11/site-packages/requests/api.py", line 73, in get
    return request("get", url, params=params, **kwargs)
           ^^^^^^^^^^^^^^^^^^^^^^^^^^^^^^^^^^^^^^^^^^^^
  File "/home/a163/anaconda3/envs/musikfrosch/lib/python3.11/site-packages/requests/api.py", line 59, in request
    return session.request(method=method, url=url, **kwargs)
           ^^^^^^^^^^^^^^^^^^^^^^^^^^^^^^^^^^^^^^^^^^^^^^^^^
  File "/home/a163/anaconda3/envs/musikfrosch/lib/python3.11/site-packages/requests/sessions.py", line 589, in request
    resp = self.send(prep, **send_kwargs)
           ^^^^^^^^^^^^^^^^^^^^^^^^^^^^^^
  File "/home/a163/anaconda3/envs/musikfrosch/lib/python3.11/site-packages/requests/sessions.py", line 703, in send
    r = adapter.send(request, **kwargs)
        ^^^^^^^^^^^^^^^^^^^^^^^^^^^^^^^
  File "/home/a163/anaconda3/envs/musikfrosch/lib/python3.11/site-packages/requests/adapters.py", line 519, in send
    raise ConnectionError(e, request=request)
requests.exceptions.ConnectionError: HTTPSConnectionPool(host='backstage.eu', port=443): Max retries exceeded with url: /veranstaltungen/live.html (Caused by NewConnectionError('<urllib3.connection.HTTPSConnection object at 0x75b4b5f6bbd0>: Failed to establish a new connection: [Errno -3] Temporary failure in name resolution'))
|CREATE_Log                                                         250613-15_36_57|
|Work directory: /home/a163/GitRepo/musikfrosch_mc                                 |
|Running script: theatron_functions.py                                             |
  0%|          | 0/106 [00:00<?, ?it/s] 45%|████▌     | 48/106 [00:00<00:01, 50.47it/s] 51%|█████     | 54/106 [00:06<00:08,  6.02it/s] 54%|█████▍    | 57/106 [00:13<00:17,  2.75it/s] 56%|█████▌    | 59/106 [00:14<00:18,  2.51it/s] 57%|█████▋    | 60/106 [00:15<00:19,  2.37it/s] 58%|█████▊    | 61/106 [00:16<00:20,  2.25it/s] 58%|█████▊    | 62/106 [00:17<00:20,  2.11it/s] 59%|█████▉    | 63/106 [00:17<00:21,  2.00it/s] 60%|██████    | 64/106 [00:18<00:23,  1.82it/s] 61%|██████▏   | 65/106 [00:19<00:23,  1.73it/s] 62%|██████▏   | 66/106 [00:19<00:22,  1.78it/s] 63%|██████▎   | 67/106 [00:21<00:31,  1.24it/s] 64%|██████▍   | 68/106 [00:22<00:27,  1.37it/s] 65%|██████▌   | 69/106 [00:22<00:28,  1.31it/s] 66%|██████▌   | 70/106 [00:23<00:27,  1.30it/s] 68%|██████▊   | 72/106 [00:24<00:20,  1.69it/s] 69%|██████▉   | 73/106 [00:25<00:21,  1.55it/s] 70%|██████▉   | 74/106 [00:26<00:22,  1.45it/s] 72%|███████▏  | 76/106 [00:26<00:17,  1.75it/s] 73%|███████▎  | 77/106 [00:27<00:17,  1.65it/s] 74%|███████▎  | 78/106 [00:28<00:17,  1.58it/s] 75%|███████▍  | 79/106 [00:29<00:18,  1.47it/s] 75%|███████▌  | 80/106 [00:30<00:18,  1.39it/s] 76%|███████▋  | 81/106 [00:30<00:17,  1.39it/s] 77%|███████▋  | 82/106 [00:31<00:17,  1.34it/s] 78%|███████▊  | 83/106 [00:32<00:17,  1.30it/s] 79%|███████▉  | 84/106 [00:33<00:16,  1.33it/s] 80%|████████  | 85/106 [00:33<00:14,  1.45it/s] 81%|████████  | 86/106 [00:34<00:13,  1.45it/s] 82%|████████▏ | 87/106 [00:35<00:13,  1.43it/s] 83%|████████▎ | 88/106 [00:35<00:13,  1.36it/s] 84%|████████▍ | 89/106 [00:36<00:13,  1.27it/s] 85%|████████▍ | 90/106 [00:37<00:12,  1.30it/s] 86%|████████▌ | 91/106 [00:39<00:15,  1.06s/it] 87%|████████▋ | 92/106 [00:39<00:13,  1.04it/s] 88%|████████▊ | 93/106 [00:40<00:11,  1.09it/s] 89%|████████▊ | 94/106 [00:41<00:10,  1.13it/s] 90%|████████▉ | 95/106 [00:42<00:09,  1.12it/s] 91%|█████████ | 96/106 [00:43<00:08,  1.14it/s] 92%|█████████▏| 97/106 [00:44<00:09,  1.10s/it] 92%|█████████▏| 98/106 [00:45<00:07,  1.01it/s] 93%|█████████▎| 99/106 [00:46<00:06,  1.07it/s] 94%|█████████▍| 100/106 [00:47<00:05,  1.07it/s] 95%|█████████▌| 101/106 [00:48<00:04,  1.08it/s] 96%|█████████▌| 102/106 [00:49<00:03,  1.04it/s] 97%|█████████▋| 103/106 [00:50<00:02,  1.09it/s] 98%|█████████▊| 104/106 [00:50<00:01,  1.17it/s] 99%|█████████▉| 105/106 [00:51<00:00,  1.14it/s]100%|██████████| 106/106 [00:52<00:00,  1.21it/s]100%|██████████| 106/106 [00:52<00:00,  2.02it/s]
  0%|          | 0/106 [00:00<?, ?it/s] 45%|████▌     | 48/106 [00:00<00:00, 98.11it/s] 55%|█████▍    | 58/106 [00:07<00:07,  6.02it/s] 59%|█████▉    | 63/106 [00:09<00:08,  4.80it/s] 62%|██████▏   | 66/106 [00:10<00:08,  4.65it/s] 64%|██████▍   | 68/106 [00:11<00:09,  3.82it/s] 66%|██████▌   | 70/106 [00:12<00:10,  3.45it/s] 69%|██████▉   | 73/106 [00:13<00:09,  3.64it/s] 70%|██████▉   | 74/106 [00:14<00:09,  3.42it/s] 72%|███████▏  | 76/106 [00:14<00:08,  3.51it/s] 73%|███████▎  | 77/106 [00:15<00:09,  3.20it/s] 74%|███████▎  | 78/106 [00:15<00:09,  2.87it/s] 75%|███████▍  | 79/106 [00:16<00:10,  2.63it/s] 75%|███████▌  | 80/106 [00:16<00:10,  2.41it/s] 76%|███████▋  | 81/106 [00:17<00:11,  2.23it/s] 77%|███████▋  | 82/106 [00:17<00:11,  2.04it/s] 78%|███████▊  | 83/106 [00:18<00:11,  2.03it/s] 79%|███████▉  | 84/106 [00:18<00:10,  2.03it/s] 81%|████████  | 86/106 [00:19<00:08,  2.40it/s] 82%|████████▏ | 87/106 [00:20<00:08,  2.15it/s] 83%|████████▎ | 88/106 [00:20<00:09,  1.99it/s] 84%|████████▍ | 89/106 [00:21<00:08,  1.98it/s] 85%|████████▍ | 90/106 [00:21<00:08,  1.87it/s] 86%|████████▌ | 91/106 [00:22<00:09,  1.51it/s] 87%|████████▋ | 92/106 [00:23<00:08,  1.63it/s] 88%|████████▊ | 93/106 [00:23<00:07,  1.72it/s] 89%|████████▊ | 94/106 [00:24<00:06,  1.80it/s] 90%|████████▉ | 95/106 [00:24<00:06,  1.76it/s] 91%|█████████ | 96/106 [00:25<00:05,  1.71it/s] 92%|█████████▏| 97/106 [00:26<00:06,  1.35it/s] 92%|█████████▏| 98/106 [00:27<00:05,  1.42it/s] 93%|█████████▎| 99/106 [00:27<00:04,  1.56it/s] 94%|█████████▍| 100/106 [00:28<00:04,  1.49it/s] 95%|█████████▌| 101/106 [00:29<00:03,  1.57it/s] 96%|█████████▌| 102/106 [00:29<00:02,  1.68it/s] 97%|█████████▋| 103/106 [00:30<00:01,  1.74it/s] 98%|█████████▊| 104/106 [00:30<00:01,  1.82it/s] 99%|█████████▉| 105/106 [00:31<00:00,  1.90it/s]100%|██████████| 106/106 [00:31<00:00,  1.92it/s]100%|██████████| 106/106 [00:31<00:00,  3.35it/s]
  0%|          | 0/106 [00:00<?, ?it/s] 56%|█████▌    | 59/106 [00:00<00:00, 586.75it/s]100%|██████████| 106/106 [00:00<00:00, 640.48it/s]
|Theatron MusikSommer 25 | MusikFrosch_MUC updated   | rm:   62|add:   60|sta: DONE|
The hole line-up of SommerFest 2024 - Theatron!   Last update:                                        2025/06/13, 15:39:04
